[2021-12-27 22:01:46,094] {taskinstance.py:1035} INFO - Dependencies all met for <TaskInstance: mwaa-sm-customer-churn-dag.train manual__2021-12-28T06:01:18.233391+00:00 [queued]>
[2021-12-27 22:01:46,105] {taskinstance.py:1035} INFO - Dependencies all met for <TaskInstance: mwaa-sm-customer-churn-dag.train manual__2021-12-28T06:01:18.233391+00:00 [queued]>
[2021-12-27 22:01:46,105] {taskinstance.py:1241} INFO - 
--------------------------------------------------------------------------------
[2021-12-27 22:01:46,105] {taskinstance.py:1242} INFO - Starting attempt 1 of 1
[2021-12-27 22:01:46,106] {taskinstance.py:1243} INFO - 
--------------------------------------------------------------------------------
[2021-12-27 22:01:46,118] {taskinstance.py:1262} INFO - Executing <Task(SageMakerTrainingOperator): train> on 2021-12-28 06:01:18.233391+00:00
[2021-12-27 22:01:46,123] {standard_task_runner.py:52} INFO - Started process 37364 to run task
[2021-12-27 22:01:46,134] {standard_task_runner.py:76} INFO - Running: ['airflow', 'tasks', 'run', 'mwaa-sm-customer-churn-dag', 'train', 'manual__2021-12-28T06:01:18.233391+00:00', '--job-id', '64', '--raw', '--subdir', 'DAGS_FOLDER/mwaa-customer-churn-dag.py', '--cfg-path', '/var/folders/m8/kcmtvg3x5639v8tv9jcxd6700000gn/T/tmpgqwnsyw0', '--error-file', '/var/folders/m8/kcmtvg3x5639v8tv9jcxd6700000gn/T/tmpbrfwlrje']
[2021-12-27 22:01:46,136] {standard_task_runner.py:77} INFO - Job 64: Subtask train
[2021-12-27 22:01:46,183] {logging_mixin.py:109} INFO - Running <TaskInstance: mwaa-sm-customer-churn-dag.train manual__2021-12-28T06:01:18.233391+00:00 [running]> on host Shimings-MacBook-Air.local
[2021-12-27 22:01:46,250] {taskinstance.py:1427} INFO - Exporting the following env vars:
AIRFLOW_CTX_DAG_OWNER=airflow
AIRFLOW_CTX_DAG_ID=mwaa-sm-customer-churn-dag
AIRFLOW_CTX_TASK_ID=train
AIRFLOW_CTX_EXECUTION_DATE=2021-12-28T06:01:18.233391+00:00
AIRFLOW_CTX_DAG_RUN_ID=manual__2021-12-28T06:01:18.233391+00:00
[2021-12-27 22:01:46,251] {sagemaker_base.py:89} INFO - Preprocessing the config and doing required s3_operations
[2021-12-27 22:01:46,252] {sagemaker_base.py:95} INFO - After preprocessing the config is:
 {
    "AlgorithmSpecification": {
        "TrainingImage": "433757028032.dkr.ecr.us-west-2.amazonaws.com/xgboost:1",
        "TrainingInputMode": "File"
    },
    "HyperParameters": {
        "eta": "0.2",
        "gamma": "4",
        "max_depth": "5",
        "min_child_weight": "6",
        "num_round": "100",
        "objective": "binary:logistic",
        "subsample": "0.8"
    },
    "InputDataConfig": [
        {
            "ChannelName": "train",
            "ContentType": "text/csv",
            "DataSource": {
                "S3DataSource": {
                    "S3DataDistributionType": "FullyReplicated",
                    "S3DataType": "S3Prefix",
                    "S3Uri": "s3://shimingr-data/processed/train/"
                }
            }
        },
        {
            "ChannelName": "validation",
            "ContentType": "text/csv",
            "DataSource": {
                "S3DataSource": {
                    "S3DataDistributionType": "FullyReplicated",
                    "S3DataType": "S3Prefix",
                    "S3Uri": "s3://shimingr-data/processed/validation/"
                }
            }
        }
    ],
    "OutputDataConfig": {
        "S3OutputPath": "s3://shimingr-data/model/"
    },
    "ResourceConfig": {
        "InstanceCount": 1,
        "InstanceType": "ml.m5.4xlarge",
        "VolumeSizeInGB": 5
    },
    "RoleArn": "arn:aws:iam::846634201516:role/AmazonMWAA-SageMaker-Role",
    "StoppingCondition": {
        "MaxRuntimeInSeconds": 86400
    },
    "TrainingJobName": "mwaa-sm-training-job-1fc9e8df1f6d4c40b3c02c97bb27535d"
}
[2021-12-27 22:01:46,253] {base_aws.py:401} INFO - Airflow Connection: aws_conn_id=aws_default
[2021-12-27 22:01:46,259] {base_aws.py:177} INFO - Credentials retrieved from login
[2021-12-27 22:01:46,260] {base_aws.py:88} INFO - Retrieving region_name from Connection.extra_config['region_name']
[2021-12-27 22:01:46,260] {base_aws.py:90} INFO - Creating session with aws_access_key_id=AKIA4KH2UWGWPERNDCH5 region_name=us-west-2
[2021-12-27 22:01:46,278] {base_aws.py:168} INFO - role_arn is None
[2021-12-27 22:01:46,286] {logging_mixin.py:109} WARNING - /Users/shimingr/mlops/airflow/venv2/lib/python3.9/site-packages/airflow/providers/amazon/aws/hooks/base_aws.py:494 DeprecationWarning: client_type is deprecated. Set client_type from class attribute.
[2021-12-27 22:01:46,646] {sagemaker_training.py:101} INFO - Creating SageMaker training job mwaa-sm-training-job-1fc9e8df1f6d4c40b3c02c97bb27535d.
[2021-12-27 22:01:46,647] {base_aws.py:401} INFO - Airflow Connection: aws_conn_id=aws_default
[2021-12-27 22:01:46,659] {base_aws.py:177} INFO - Credentials retrieved from login
[2021-12-27 22:01:46,660] {base_aws.py:88} INFO - Retrieving region_name from Connection.extra_config['region_name']
[2021-12-27 22:01:46,661] {base_aws.py:90} INFO - Creating session with aws_access_key_id=AKIA4KH2UWGWPERNDCH5 region_name=us-west-2
[2021-12-27 22:01:46,721] {base_aws.py:168} INFO - role_arn is None
[2021-12-27 22:01:48,072] {sagemaker.py:790} INFO - 2021-12-28 06:01:48 Starting - Starting the training job
[2021-12-27 22:02:48,078] {base_aws.py:401} INFO - Airflow Connection: aws_conn_id=aws_default
[2021-12-27 22:02:48,095] {base_aws.py:177} INFO - Credentials retrieved from login
[2021-12-27 22:02:48,095] {base_aws.py:88} INFO - Retrieving region_name from Connection.extra_config['region_name']
[2021-12-27 22:02:48,096] {base_aws.py:90} INFO - Creating session with aws_access_key_id=AKIA4KH2UWGWPERNDCH5 region_name=us-west-2
[2021-12-27 22:02:48,114] {base_aws.py:168} INFO - role_arn is None
[2021-12-27 22:02:48,720] {sagemaker.py:626} INFO - 2021-12-28 06:02:42 Starting - Preparing the instances for training
[2021-12-27 22:04:49,706] {sagemaker.py:609} INFO - Arguments: train
[2021-12-27 22:04:49,712] {sagemaker.py:609} INFO - [2021-12-28:06:04:36:INFO] Running standalone xgboost training.
[2021-12-27 22:04:49,713] {sagemaker.py:609} INFO - [2021-12-28:06:04:36:INFO] File size need to be processed in the node: 0.47mb. Available memory size in the node: 54727.24mb
[2021-12-27 22:04:49,714] {sagemaker.py:609} INFO - [2021-12-28:06:04:36:INFO] Determined delimiter of CSV input is ','
[2021-12-27 22:04:49,716] {sagemaker.py:609} INFO - [06:04:36] S3DistributionType set as FullyReplicated
[2021-12-27 22:04:49,717] {sagemaker.py:609} INFO - [06:04:36] 2103x69 matrix with 145107 entries loaded from /opt/ml/input/data/train?format=csv&label_column=0&delimiter=,
[2021-12-27 22:04:49,721] {sagemaker.py:609} INFO - [2021-12-28:06:04:36:INFO] Determined delimiter of CSV input is ','
[2021-12-27 22:04:49,722] {sagemaker.py:609} INFO - [06:04:36] S3DistributionType set as FullyReplicated
[2021-12-27 22:04:49,724] {sagemaker.py:609} INFO - [06:04:36] 896x69 matrix with 61824 entries loaded from /opt/ml/input/data/validation?format=csv&label_column=0&delimiter=,
[2021-12-27 22:04:49,725] {sagemaker.py:609} INFO - [06:04:36] src/tree/updater_prune.cc:74: tree pruning end, 1 roots, 0 extra nodes, 0 pruned nodes, max_depth=0
[2021-12-27 22:04:49,726] {sagemaker.py:609} INFO - [0]#011train-error:0#011validation-error:0
[2021-12-27 22:04:49,727] {sagemaker.py:609} INFO - [06:04:36] src/tree/updater_prune.cc:74: tree pruning end, 1 roots, 0 extra nodes, 0 pruned nodes, max_depth=0
[2021-12-27 22:04:49,727] {sagemaker.py:609} INFO - [1]#011train-error:0#011validation-error:0
[2021-12-27 22:04:49,728] {sagemaker.py:609} INFO - [06:04:36] src/tree/updater_prune.cc:74: tree pruning end, 1 roots, 0 extra nodes, 0 pruned nodes, max_depth=0
[2021-12-27 22:04:49,729] {sagemaker.py:609} INFO - [2]#011train-error:0#011validation-error:0
[2021-12-27 22:04:49,730] {sagemaker.py:609} INFO - [06:04:36] src/tree/updater_prune.cc:74: tree pruning end, 1 roots, 0 extra nodes, 0 pruned nodes, max_depth=0
[2021-12-27 22:04:49,731] {sagemaker.py:609} INFO - [3]#011train-error:0#011validation-error:0
[2021-12-27 22:04:49,732] {sagemaker.py:609} INFO - [06:04:36] src/tree/updater_prune.cc:74: tree pruning end, 1 roots, 0 extra nodes, 0 pruned nodes, max_depth=0
[2021-12-27 22:04:49,734] {sagemaker.py:609} INFO - [4]#011train-error:0#011validation-error:0
[2021-12-27 22:04:49,734] {sagemaker.py:609} INFO - [06:04:36] src/tree/updater_prune.cc:74: tree pruning end, 1 roots, 0 extra nodes, 0 pruned nodes, max_depth=0
[2021-12-27 22:04:49,735] {sagemaker.py:609} INFO - [5]#011train-error:0#011validation-error:0
[2021-12-27 22:04:49,735] {sagemaker.py:609} INFO - [06:04:36] src/tree/updater_prune.cc:74: tree pruning end, 1 roots, 0 extra nodes, 0 pruned nodes, max_depth=0
[2021-12-27 22:04:49,736] {sagemaker.py:609} INFO - [6]#011train-error:0#011validation-error:0
[2021-12-27 22:04:49,736] {sagemaker.py:609} INFO - [06:04:36] src/tree/updater_prune.cc:74: tree pruning end, 1 roots, 0 extra nodes, 0 pruned nodes, max_depth=0
[2021-12-27 22:04:49,736] {sagemaker.py:609} INFO - [7]#011train-error:0#011validation-error:0
[2021-12-27 22:04:49,737] {sagemaker.py:609} INFO - [06:04:36] src/tree/updater_prune.cc:74: tree pruning end, 1 roots, 0 extra nodes, 0 pruned nodes, max_depth=0
[2021-12-27 22:04:49,737] {sagemaker.py:609} INFO - [8]#011train-error:0#011validation-error:0
[2021-12-27 22:04:49,738] {sagemaker.py:609} INFO - [06:04:36] src/tree/updater_prune.cc:74: tree pruning end, 1 roots, 0 extra nodes, 0 pruned nodes, max_depth=0
[2021-12-27 22:04:49,738] {sagemaker.py:609} INFO - [9]#011train-error:0#011validation-error:0
[2021-12-27 22:04:49,739] {sagemaker.py:609} INFO - [06:04:36] src/tree/updater_prune.cc:74: tree pruning end, 1 roots, 0 extra nodes, 0 pruned nodes, max_depth=0
[2021-12-27 22:04:49,739] {sagemaker.py:609} INFO - [10]#011train-error:0#011validation-error:0
[2021-12-27 22:04:49,740] {sagemaker.py:609} INFO - [06:04:36] src/tree/updater_prune.cc:74: tree pruning end, 1 roots, 0 extra nodes, 0 pruned nodes, max_depth=0
[2021-12-27 22:04:49,743] {sagemaker.py:609} INFO - [11]#011train-error:0#011validation-error:0
[2021-12-27 22:04:49,744] {sagemaker.py:609} INFO - [06:04:36] src/tree/updater_prune.cc:74: tree pruning end, 1 roots, 0 extra nodes, 0 pruned nodes, max_depth=0
[2021-12-27 22:04:49,744] {sagemaker.py:609} INFO - [12]#011train-error:0#011validation-error:0
[2021-12-27 22:04:49,745] {sagemaker.py:609} INFO - [06:04:36] src/tree/updater_prune.cc:74: tree pruning end, 1 roots, 0 extra nodes, 0 pruned nodes, max_depth=0
[2021-12-27 22:04:49,745] {sagemaker.py:609} INFO - [13]#011train-error:0#011validation-error:0
[2021-12-27 22:04:49,746] {sagemaker.py:609} INFO - [06:04:36] src/tree/updater_prune.cc:74: tree pruning end, 1 roots, 0 extra nodes, 0 pruned nodes, max_depth=0
[2021-12-27 22:04:49,746] {sagemaker.py:609} INFO - [14]#011train-error:0#011validation-error:0
[2021-12-27 22:04:49,748] {sagemaker.py:609} INFO - [06:04:36] src/tree/updater_prune.cc:74: tree pruning end, 1 roots, 0 extra nodes, 0 pruned nodes, max_depth=0
[2021-12-27 22:04:49,750] {sagemaker.py:609} INFO - [15]#011train-error:0#011validation-error:0
[2021-12-27 22:04:49,752] {sagemaker.py:609} INFO - [06:04:36] src/tree/updater_prune.cc:74: tree pruning end, 1 roots, 0 extra nodes, 0 pruned nodes, max_depth=0
[2021-12-27 22:04:49,754] {sagemaker.py:609} INFO - [16]#011train-error:0#011validation-error:0
[2021-12-27 22:04:49,756] {sagemaker.py:609} INFO - [06:04:36] src/tree/updater_prune.cc:74: tree pruning end, 1 roots, 0 extra nodes, 0 pruned nodes, max_depth=0
[2021-12-27 22:04:49,760] {sagemaker.py:609} INFO - [17]#011train-error:0#011validation-error:0
[2021-12-27 22:04:49,761] {sagemaker.py:609} INFO - [06:04:36] src/tree/updater_prune.cc:74: tree pruning end, 1 roots, 0 extra nodes, 0 pruned nodes, max_depth=0
[2021-12-27 22:04:49,761] {sagemaker.py:609} INFO - [18]#011train-error:0#011validation-error:0
[2021-12-27 22:04:49,762] {sagemaker.py:609} INFO - [06:04:36] src/tree/updater_prune.cc:74: tree pruning end, 1 roots, 0 extra nodes, 0 pruned nodes, max_depth=0
[2021-12-27 22:04:49,762] {sagemaker.py:609} INFO - [19]#011train-error:0#011validation-error:0
[2021-12-27 22:04:49,763] {sagemaker.py:609} INFO - [06:04:36] src/tree/updater_prune.cc:74: tree pruning end, 1 roots, 0 extra nodes, 0 pruned nodes, max_depth=0
[2021-12-27 22:04:49,764] {sagemaker.py:609} INFO - [20]#011train-error:0#011validation-error:0
[2021-12-27 22:04:49,766] {sagemaker.py:609} INFO - [06:04:36] src/tree/updater_prune.cc:74: tree pruning end, 1 roots, 0 extra nodes, 0 pruned nodes, max_depth=0
[2021-12-27 22:04:49,769] {sagemaker.py:609} INFO - [21]#011train-error:0#011validation-error:0
[2021-12-27 22:04:49,770] {sagemaker.py:609} INFO - [06:04:36] src/tree/updater_prune.cc:74: tree pruning end, 1 roots, 0 extra nodes, 0 pruned nodes, max_depth=0
[2021-12-27 22:04:49,772] {sagemaker.py:609} INFO - [22]#011train-error:0#011validation-error:0
[2021-12-27 22:04:49,773] {sagemaker.py:609} INFO - [06:04:36] src/tree/updater_prune.cc:74: tree pruning end, 1 roots, 0 extra nodes, 0 pruned nodes, max_depth=0
[2021-12-27 22:04:49,774] {sagemaker.py:609} INFO - [23]#011train-error:0#011validation-error:0
[2021-12-27 22:04:49,779] {sagemaker.py:609} INFO - [06:04:36] src/tree/updater_prune.cc:74: tree pruning end, 1 roots, 0 extra nodes, 0 pruned nodes, max_depth=0
[2021-12-27 22:04:49,780] {sagemaker.py:609} INFO - [24]#011train-error:0#011validation-error:0
[2021-12-27 22:04:49,782] {sagemaker.py:609} INFO - [06:04:36] src/tree/updater_prune.cc:74: tree pruning end, 1 roots, 0 extra nodes, 0 pruned nodes, max_depth=0
[2021-12-27 22:04:49,784] {sagemaker.py:609} INFO - [25]#011train-error:0#011validation-error:0
[2021-12-27 22:04:49,785] {sagemaker.py:609} INFO - [06:04:36] src/tree/updater_prune.cc:74: tree pruning end, 1 roots, 0 extra nodes, 0 pruned nodes, max_depth=0
[2021-12-27 22:04:49,787] {sagemaker.py:609} INFO - [26]#011train-error:0#011validation-error:0
[2021-12-27 22:04:49,788] {sagemaker.py:609} INFO - [06:04:36] src/tree/updater_prune.cc:74: tree pruning end, 1 roots, 0 extra nodes, 0 pruned nodes, max_depth=0
[2021-12-27 22:04:49,790] {sagemaker.py:609} INFO - [27]#011train-error:0#011validation-error:0
[2021-12-27 22:04:49,791] {sagemaker.py:609} INFO - [06:04:36] src/tree/updater_prune.cc:74: tree pruning end, 1 roots, 0 extra nodes, 0 pruned nodes, max_depth=0
[2021-12-27 22:04:49,792] {sagemaker.py:609} INFO - [28]#011train-error:0#011validation-error:0
[2021-12-27 22:04:49,794] {sagemaker.py:609} INFO - [06:04:36] src/tree/updater_prune.cc:74: tree pruning end, 1 roots, 0 extra nodes, 0 pruned nodes, max_depth=0
[2021-12-27 22:04:49,794] {sagemaker.py:609} INFO - [29]#011train-error:0#011validation-error:0
[2021-12-27 22:04:49,795] {sagemaker.py:609} INFO - [06:04:36] src/tree/updater_prune.cc:74: tree pruning end, 1 roots, 0 extra nodes, 0 pruned nodes, max_depth=0
[2021-12-27 22:04:49,795] {sagemaker.py:609} INFO - [30]#011train-error:0#011validation-error:0
[2021-12-27 22:04:49,796] {sagemaker.py:609} INFO - [06:04:36] src/tree/updater_prune.cc:74: tree pruning end, 1 roots, 0 extra nodes, 0 pruned nodes, max_depth=0
[2021-12-27 22:04:49,798] {sagemaker.py:609} INFO - [31]#011train-error:0#011validation-error:0
[2021-12-27 22:04:49,799] {sagemaker.py:609} INFO - [06:04:36] src/tree/updater_prune.cc:74: tree pruning end, 1 roots, 0 extra nodes, 0 pruned nodes, max_depth=0
[2021-12-27 22:04:49,800] {sagemaker.py:609} INFO - [32]#011train-error:0#011validation-error:0
[2021-12-27 22:04:49,801] {sagemaker.py:609} INFO - [06:04:36] src/tree/updater_prune.cc:74: tree pruning end, 1 roots, 0 extra nodes, 0 pruned nodes, max_depth=0
[2021-12-27 22:04:49,803] {sagemaker.py:609} INFO - [33]#011train-error:0#011validation-error:0
[2021-12-27 22:04:49,803] {sagemaker.py:609} INFO - [06:04:36] src/tree/updater_prune.cc:74: tree pruning end, 1 roots, 0 extra nodes, 0 pruned nodes, max_depth=0
[2021-12-27 22:04:49,804] {sagemaker.py:609} INFO - [34]#011train-error:0#011validation-error:0
[2021-12-27 22:04:49,805] {sagemaker.py:609} INFO - [06:04:36] src/tree/updater_prune.cc:74: tree pruning end, 1 roots, 0 extra nodes, 0 pruned nodes, max_depth=0
[2021-12-27 22:04:49,807] {sagemaker.py:609} INFO - [35]#011train-error:0#011validation-error:0
[2021-12-27 22:04:49,809] {sagemaker.py:609} INFO - [06:04:36] src/tree/updater_prune.cc:74: tree pruning end, 1 roots, 0 extra nodes, 0 pruned nodes, max_depth=0
[2021-12-27 22:04:49,810] {sagemaker.py:609} INFO - [36]#011train-error:0#011validation-error:0
[2021-12-27 22:04:49,810] {sagemaker.py:609} INFO - [06:04:36] src/tree/updater_prune.cc:74: tree pruning end, 1 roots, 0 extra nodes, 0 pruned nodes, max_depth=0
[2021-12-27 22:04:49,811] {sagemaker.py:609} INFO - [37]#011train-error:0#011validation-error:0
[2021-12-27 22:04:49,812] {sagemaker.py:609} INFO - [06:04:36] src/tree/updater_prune.cc:74: tree pruning end, 1 roots, 0 extra nodes, 0 pruned nodes, max_depth=0
[2021-12-27 22:04:49,814] {sagemaker.py:609} INFO - [38]#011train-error:0#011validation-error:0
[2021-12-27 22:04:49,816] {sagemaker.py:609} INFO - [06:04:36] src/tree/updater_prune.cc:74: tree pruning end, 1 roots, 0 extra nodes, 0 pruned nodes, max_depth=0
[2021-12-27 22:04:49,816] {sagemaker.py:609} INFO - [39]#011train-error:0#011validation-error:0
[2021-12-27 22:04:49,817] {sagemaker.py:609} INFO - [06:04:36] src/tree/updater_prune.cc:74: tree pruning end, 1 roots, 0 extra nodes, 0 pruned nodes, max_depth=0
[2021-12-27 22:04:49,817] {sagemaker.py:609} INFO - [40]#011train-error:0#011validation-error:0
[2021-12-27 22:04:49,818] {sagemaker.py:609} INFO - [06:04:36] src/tree/updater_prune.cc:74: tree pruning end, 1 roots, 0 extra nodes, 0 pruned nodes, max_depth=0
[2021-12-27 22:04:49,819] {sagemaker.py:609} INFO - [41]#011train-error:0#011validation-error:0
[2021-12-27 22:04:49,819] {sagemaker.py:609} INFO - [06:04:36] src/tree/updater_prune.cc:74: tree pruning end, 1 roots, 0 extra nodes, 0 pruned nodes, max_depth=0
[2021-12-27 22:04:49,820] {sagemaker.py:609} INFO - [42]#011train-error:0#011validation-error:0
[2021-12-27 22:04:49,820] {sagemaker.py:609} INFO - [06:04:36] src/tree/updater_prune.cc:74: tree pruning end, 1 roots, 0 extra nodes, 0 pruned nodes, max_depth=0
[2021-12-27 22:04:49,821] {sagemaker.py:609} INFO - [43]#011train-error:0#011validation-error:0
[2021-12-27 22:04:49,822] {sagemaker.py:609} INFO - [06:04:36] src/tree/updater_prune.cc:74: tree pruning end, 1 roots, 0 extra nodes, 0 pruned nodes, max_depth=0
[2021-12-27 22:04:49,823] {sagemaker.py:609} INFO - [44]#011train-error:0#011validation-error:0
[2021-12-27 22:04:49,825] {sagemaker.py:609} INFO - [06:04:36] src/tree/updater_prune.cc:74: tree pruning end, 1 roots, 0 extra nodes, 0 pruned nodes, max_depth=0
[2021-12-27 22:04:49,826] {sagemaker.py:609} INFO - [45]#011train-error:0#011validation-error:0
[2021-12-27 22:04:49,827] {sagemaker.py:609} INFO - [06:04:36] src/tree/updater_prune.cc:74: tree pruning end, 1 roots, 0 extra nodes, 0 pruned nodes, max_depth=0
[2021-12-27 22:04:49,829] {sagemaker.py:609} INFO - [46]#011train-error:0#011validation-error:0
[2021-12-27 22:04:49,831] {sagemaker.py:609} INFO - [06:04:36] src/tree/updater_prune.cc:74: tree pruning end, 1 roots, 0 extra nodes, 0 pruned nodes, max_depth=0
[2021-12-27 22:04:49,833] {sagemaker.py:609} INFO - [47]#011train-error:0#011validation-error:0
[2021-12-27 22:04:49,835] {sagemaker.py:609} INFO - [06:04:36] src/tree/updater_prune.cc:74: tree pruning end, 1 roots, 0 extra nodes, 0 pruned nodes, max_depth=0
[2021-12-27 22:04:49,836] {sagemaker.py:609} INFO - [48]#011train-error:0#011validation-error:0
[2021-12-27 22:04:49,839] {sagemaker.py:609} INFO - [06:04:36] src/tree/updater_prune.cc:74: tree pruning end, 1 roots, 0 extra nodes, 0 pruned nodes, max_depth=0
[2021-12-27 22:04:49,842] {sagemaker.py:609} INFO - [49]#011train-error:0#011validation-error:0
[2021-12-27 22:04:49,842] {sagemaker.py:609} INFO - [06:04:36] src/tree/updater_prune.cc:74: tree pruning end, 1 roots, 0 extra nodes, 0 pruned nodes, max_depth=0
[2021-12-27 22:04:49,843] {sagemaker.py:609} INFO - [50]#011train-error:0#011validation-error:0
[2021-12-27 22:04:49,844] {sagemaker.py:609} INFO - [06:04:36] src/tree/updater_prune.cc:74: tree pruning end, 1 roots, 0 extra nodes, 0 pruned nodes, max_depth=0
[2021-12-27 22:04:49,844] {sagemaker.py:609} INFO - [51]#011train-error:0#011validation-error:0
[2021-12-27 22:04:49,845] {sagemaker.py:609} INFO - [06:04:36] src/tree/updater_prune.cc:74: tree pruning end, 1 roots, 0 extra nodes, 0 pruned nodes, max_depth=0
[2021-12-27 22:04:49,846] {sagemaker.py:609} INFO - [52]#011train-error:0#011validation-error:0
[2021-12-27 22:04:49,847] {sagemaker.py:609} INFO - [06:04:36] src/tree/updater_prune.cc:74: tree pruning end, 1 roots, 0 extra nodes, 0 pruned nodes, max_depth=0
[2021-12-27 22:04:49,848] {sagemaker.py:609} INFO - [53]#011train-error:0#011validation-error:0
[2021-12-27 22:04:49,849] {sagemaker.py:609} INFO - [06:04:36] src/tree/updater_prune.cc:74: tree pruning end, 1 roots, 0 extra nodes, 0 pruned nodes, max_depth=0
[2021-12-27 22:04:49,850] {sagemaker.py:609} INFO - [54]#011train-error:0#011validation-error:0
[2021-12-27 22:04:49,851] {sagemaker.py:609} INFO - [06:04:36] src/tree/updater_prune.cc:74: tree pruning end, 1 roots, 0 extra nodes, 0 pruned nodes, max_depth=0
[2021-12-27 22:04:49,852] {sagemaker.py:609} INFO - [55]#011train-error:0#011validation-error:0
[2021-12-27 22:04:49,852] {sagemaker.py:609} INFO - [06:04:36] src/tree/updater_prune.cc:74: tree pruning end, 1 roots, 0 extra nodes, 0 pruned nodes, max_depth=0
[2021-12-27 22:04:49,853] {sagemaker.py:609} INFO - [56]#011train-error:0#011validation-error:0
[2021-12-27 22:04:49,855] {sagemaker.py:609} INFO - [06:04:36] src/tree/updater_prune.cc:74: tree pruning end, 1 roots, 0 extra nodes, 0 pruned nodes, max_depth=0
[2021-12-27 22:04:49,856] {sagemaker.py:609} INFO - [57]#011train-error:0#011validation-error:0
[2021-12-27 22:04:49,856] {sagemaker.py:609} INFO - [06:04:36] src/tree/updater_prune.cc:74: tree pruning end, 1 roots, 0 extra nodes, 0 pruned nodes, max_depth=0
[2021-12-27 22:04:49,857] {sagemaker.py:609} INFO - [58]#011train-error:0#011validation-error:0
[2021-12-27 22:04:49,857] {sagemaker.py:609} INFO - [06:04:36] src/tree/updater_prune.cc:74: tree pruning end, 1 roots, 0 extra nodes, 0 pruned nodes, max_depth=0
[2021-12-27 22:04:49,858] {sagemaker.py:609} INFO - [59]#011train-error:0#011validation-error:0
[2021-12-27 22:04:49,858] {sagemaker.py:609} INFO - [06:04:36] src/tree/updater_prune.cc:74: tree pruning end, 1 roots, 0 extra nodes, 0 pruned nodes, max_depth=0
[2021-12-27 22:04:49,859] {sagemaker.py:609} INFO - [60]#011train-error:0#011validation-error:0
[2021-12-27 22:04:49,859] {sagemaker.py:609} INFO - [06:04:36] src/tree/updater_prune.cc:74: tree pruning end, 1 roots, 0 extra nodes, 0 pruned nodes, max_depth=0
[2021-12-27 22:04:49,860] {sagemaker.py:609} INFO - [61]#011train-error:0#011validation-error:0
[2021-12-27 22:04:49,861] {sagemaker.py:609} INFO - [06:04:36] src/tree/updater_prune.cc:74: tree pruning end, 1 roots, 0 extra nodes, 0 pruned nodes, max_depth=0
[2021-12-27 22:04:49,862] {sagemaker.py:609} INFO - [62]#011train-error:0#011validation-error:0
[2021-12-27 22:04:49,866] {sagemaker.py:609} INFO - [06:04:36] src/tree/updater_prune.cc:74: tree pruning end, 1 roots, 0 extra nodes, 0 pruned nodes, max_depth=0
[2021-12-27 22:04:49,867] {sagemaker.py:609} INFO - [63]#011train-error:0#011validation-error:0
[2021-12-27 22:04:49,868] {sagemaker.py:609} INFO - [06:04:36] src/tree/updater_prune.cc:74: tree pruning end, 1 roots, 0 extra nodes, 0 pruned nodes, max_depth=0
[2021-12-27 22:04:49,870] {sagemaker.py:609} INFO - [64]#011train-error:0#011validation-error:0
[2021-12-27 22:04:49,873] {sagemaker.py:609} INFO - [06:04:36] src/tree/updater_prune.cc:74: tree pruning end, 1 roots, 0 extra nodes, 0 pruned nodes, max_depth=0
[2021-12-27 22:04:49,873] {sagemaker.py:609} INFO - [65]#011train-error:0#011validation-error:0
[2021-12-27 22:04:49,874] {sagemaker.py:609} INFO - [06:04:36] src/tree/updater_prune.cc:74: tree pruning end, 1 roots, 0 extra nodes, 0 pruned nodes, max_depth=0
[2021-12-27 22:04:49,875] {sagemaker.py:609} INFO - [66]#011train-error:0#011validation-error:0
[2021-12-27 22:04:49,876] {sagemaker.py:609} INFO - [06:04:36] src/tree/updater_prune.cc:74: tree pruning end, 1 roots, 0 extra nodes, 0 pruned nodes, max_depth=0
[2021-12-27 22:04:49,877] {sagemaker.py:609} INFO - [67]#011train-error:0#011validation-error:0
[2021-12-27 22:04:49,877] {sagemaker.py:609} INFO - [06:04:36] src/tree/updater_prune.cc:74: tree pruning end, 1 roots, 0 extra nodes, 0 pruned nodes, max_depth=0
[2021-12-27 22:04:49,878] {sagemaker.py:609} INFO - [68]#011train-error:0#011validation-error:0
[2021-12-27 22:04:49,878] {sagemaker.py:609} INFO - [06:04:36] src/tree/updater_prune.cc:74: tree pruning end, 1 roots, 0 extra nodes, 0 pruned nodes, max_depth=0
[2021-12-27 22:04:49,883] {sagemaker.py:609} INFO - [69]#011train-error:0#011validation-error:0
[2021-12-27 22:04:49,888] {sagemaker.py:609} INFO - [06:04:36] src/tree/updater_prune.cc:74: tree pruning end, 1 roots, 0 extra nodes, 0 pruned nodes, max_depth=0
[2021-12-27 22:04:49,890] {sagemaker.py:609} INFO - [70]#011train-error:0#011validation-error:0
[2021-12-27 22:04:49,891] {sagemaker.py:609} INFO - [06:04:36] src/tree/updater_prune.cc:74: tree pruning end, 1 roots, 0 extra nodes, 0 pruned nodes, max_depth=0
[2021-12-27 22:04:49,891] {sagemaker.py:609} INFO - [71]#011train-error:0#011validation-error:0
[2021-12-27 22:04:49,892] {sagemaker.py:609} INFO - [06:04:36] src/tree/updater_prune.cc:74: tree pruning end, 1 roots, 0 extra nodes, 0 pruned nodes, max_depth=0
[2021-12-27 22:04:49,894] {sagemaker.py:609} INFO - [72]#011train-error:0#011validation-error:0
[2021-12-27 22:04:49,897] {sagemaker.py:609} INFO - [06:04:36] src/tree/updater_prune.cc:74: tree pruning end, 1 roots, 0 extra nodes, 0 pruned nodes, max_depth=0
[2021-12-27 22:04:49,898] {sagemaker.py:609} INFO - [73]#011train-error:0#011validation-error:0
[2021-12-27 22:04:49,900] {sagemaker.py:609} INFO - [06:04:36] src/tree/updater_prune.cc:74: tree pruning end, 1 roots, 0 extra nodes, 0 pruned nodes, max_depth=0
[2021-12-27 22:04:49,905] {sagemaker.py:609} INFO - [74]#011train-error:0#011validation-error:0
[2021-12-27 22:04:49,913] {sagemaker.py:609} INFO - [06:04:36] src/tree/updater_prune.cc:74: tree pruning end, 1 roots, 0 extra nodes, 0 pruned nodes, max_depth=0
[2021-12-27 22:04:49,914] {sagemaker.py:609} INFO - [75]#011train-error:0#011validation-error:0
[2021-12-27 22:04:49,915] {sagemaker.py:609} INFO - [06:04:36] src/tree/updater_prune.cc:74: tree pruning end, 1 roots, 0 extra nodes, 0 pruned nodes, max_depth=0
[2021-12-27 22:04:49,917] {sagemaker.py:609} INFO - [76]#011train-error:0#011validation-error:0
[2021-12-27 22:04:49,920] {sagemaker.py:609} INFO - [06:04:36] src/tree/updater_prune.cc:74: tree pruning end, 1 roots, 0 extra nodes, 0 pruned nodes, max_depth=0
[2021-12-27 22:04:49,921] {sagemaker.py:609} INFO - [77]#011train-error:0#011validation-error:0
[2021-12-27 22:04:49,922] {sagemaker.py:609} INFO - [06:04:36] src/tree/updater_prune.cc:74: tree pruning end, 1 roots, 0 extra nodes, 0 pruned nodes, max_depth=0
[2021-12-27 22:04:49,923] {sagemaker.py:609} INFO - [78]#011train-error:0#011validation-error:0
[2021-12-27 22:04:49,924] {sagemaker.py:609} INFO - [06:04:36] src/tree/updater_prune.cc:74: tree pruning end, 1 roots, 0 extra nodes, 0 pruned nodes, max_depth=0
[2021-12-27 22:04:49,925] {sagemaker.py:609} INFO - [79]#011train-error:0#011validation-error:0
[2021-12-27 22:04:49,926] {sagemaker.py:609} INFO - [06:04:36] src/tree/updater_prune.cc:74: tree pruning end, 1 roots, 0 extra nodes, 0 pruned nodes, max_depth=0
[2021-12-27 22:04:49,927] {sagemaker.py:609} INFO - [80]#011train-error:0#011validation-error:0
[2021-12-27 22:04:49,928] {sagemaker.py:609} INFO - [06:04:36] src/tree/updater_prune.cc:74: tree pruning end, 1 roots, 0 extra nodes, 0 pruned nodes, max_depth=0
[2021-12-27 22:04:49,930] {sagemaker.py:609} INFO - [81]#011train-error:0#011validation-error:0
[2021-12-27 22:04:49,932] {sagemaker.py:609} INFO - [06:04:36] src/tree/updater_prune.cc:74: tree pruning end, 1 roots, 0 extra nodes, 0 pruned nodes, max_depth=0
[2021-12-27 22:04:49,933] {sagemaker.py:609} INFO - [82]#011train-error:0#011validation-error:0
[2021-12-27 22:04:49,933] {sagemaker.py:609} INFO - [06:04:36] src/tree/updater_prune.cc:74: tree pruning end, 1 roots, 0 extra nodes, 0 pruned nodes, max_depth=0
[2021-12-27 22:04:49,934] {sagemaker.py:609} INFO - [83]#011train-error:0#011validation-error:0
[2021-12-27 22:04:49,935] {sagemaker.py:609} INFO - [06:04:36] src/tree/updater_prune.cc:74: tree pruning end, 1 roots, 0 extra nodes, 0 pruned nodes, max_depth=0
[2021-12-27 22:04:49,936] {sagemaker.py:609} INFO - [84]#011train-error:0#011validation-error:0
[2021-12-27 22:04:49,936] {sagemaker.py:609} INFO - [06:04:36] src/tree/updater_prune.cc:74: tree pruning end, 1 roots, 0 extra nodes, 0 pruned nodes, max_depth=0
[2021-12-27 22:04:49,937] {sagemaker.py:609} INFO - [85]#011train-error:0#011validation-error:0
[2021-12-27 22:04:49,938] {sagemaker.py:609} INFO - [06:04:36] src/tree/updater_prune.cc:74: tree pruning end, 1 roots, 0 extra nodes, 0 pruned nodes, max_depth=0
[2021-12-27 22:04:49,939] {sagemaker.py:609} INFO - [86]#011train-error:0#011validation-error:0
[2021-12-27 22:04:49,939] {sagemaker.py:609} INFO - [06:04:36] src/tree/updater_prune.cc:74: tree pruning end, 1 roots, 0 extra nodes, 0 pruned nodes, max_depth=0
[2021-12-27 22:04:49,940] {sagemaker.py:609} INFO - [87]#011train-error:0#011validation-error:0
[2021-12-27 22:04:49,941] {sagemaker.py:609} INFO - [06:04:36] src/tree/updater_prune.cc:74: tree pruning end, 1 roots, 0 extra nodes, 0 pruned nodes, max_depth=0
[2021-12-27 22:04:49,942] {sagemaker.py:609} INFO - [88]#011train-error:0#011validation-error:0
[2021-12-27 22:04:49,942] {sagemaker.py:609} INFO - [06:04:36] src/tree/updater_prune.cc:74: tree pruning end, 1 roots, 0 extra nodes, 0 pruned nodes, max_depth=0
[2021-12-27 22:04:49,943] {sagemaker.py:609} INFO - [89]#011train-error:0#011validation-error:0
[2021-12-27 22:04:49,944] {sagemaker.py:609} INFO - [06:04:36] src/tree/updater_prune.cc:74: tree pruning end, 1 roots, 0 extra nodes, 0 pruned nodes, max_depth=0
[2021-12-27 22:04:49,944] {sagemaker.py:609} INFO - [90]#011train-error:0#011validation-error:0
[2021-12-27 22:04:49,946] {sagemaker.py:609} INFO - [06:04:36] src/tree/updater_prune.cc:74: tree pruning end, 1 roots, 0 extra nodes, 0 pruned nodes, max_depth=0
[2021-12-27 22:04:49,947] {sagemaker.py:609} INFO - [91]#011train-error:0#011validation-error:0
[2021-12-27 22:04:49,948] {sagemaker.py:609} INFO - [06:04:36] src/tree/updater_prune.cc:74: tree pruning end, 1 roots, 0 extra nodes, 0 pruned nodes, max_depth=0
[2021-12-27 22:04:49,949] {sagemaker.py:609} INFO - [92]#011train-error:0#011validation-error:0
[2021-12-27 22:04:49,950] {sagemaker.py:609} INFO - [06:04:36] src/tree/updater_prune.cc:74: tree pruning end, 1 roots, 0 extra nodes, 0 pruned nodes, max_depth=0
[2021-12-27 22:04:49,952] {sagemaker.py:609} INFO - [93]#011train-error:0#011validation-error:0
[2021-12-27 22:04:49,953] {sagemaker.py:609} INFO - [06:04:36] src/tree/updater_prune.cc:74: tree pruning end, 1 roots, 0 extra nodes, 0 pruned nodes, max_depth=0
[2021-12-27 22:04:49,955] {sagemaker.py:609} INFO - [94]#011train-error:0#011validation-error:0
[2021-12-27 22:04:49,956] {sagemaker.py:609} INFO - [06:04:36] src/tree/updater_prune.cc:74: tree pruning end, 1 roots, 0 extra nodes, 0 pruned nodes, max_depth=0
[2021-12-27 22:04:49,957] {sagemaker.py:609} INFO - [95]#011train-error:0#011validation-error:0
[2021-12-27 22:04:49,958] {sagemaker.py:609} INFO - [06:04:36] src/tree/updater_prune.cc:74: tree pruning end, 1 roots, 0 extra nodes, 0 pruned nodes, max_depth=0
[2021-12-27 22:04:49,960] {sagemaker.py:609} INFO - [96]#011train-error:0#011validation-error:0
[2021-12-27 22:04:49,961] {sagemaker.py:609} INFO - [06:04:36] src/tree/updater_prune.cc:74: tree pruning end, 1 roots, 0 extra nodes, 0 pruned nodes, max_depth=0
[2021-12-27 22:04:49,962] {sagemaker.py:609} INFO - [97]#011train-error:0#011validation-error:0
[2021-12-27 22:04:49,962] {sagemaker.py:609} INFO - [06:04:36] src/tree/updater_prune.cc:74: tree pruning end, 1 roots, 0 extra nodes, 0 pruned nodes, max_depth=0
[2021-12-27 22:04:49,964] {sagemaker.py:609} INFO - [98]#011train-error:0#011validation-error:0
[2021-12-27 22:04:49,965] {sagemaker.py:609} INFO - [06:04:36] src/tree/updater_prune.cc:74: tree pruning end, 1 roots, 0 extra nodes, 0 pruned nodes, max_depth=0
[2021-12-27 22:04:49,966] {sagemaker.py:609} INFO - [99]#011train-error:0#011validation-error:0
[2021-12-27 22:04:50,492] {sagemaker.py:626} INFO - 2021-12-28 06:04:47 Downloading - Downloading input data
2021-12-28 06:04:47 Training - Training image download completed. Training in progress.
2021-12-28 06:04:47 Uploading - Uploading generated training model
2021-12-28 06:04:47 Completed - Training job completed
[2021-12-27 22:05:50,985] {sagemaker.py:852} INFO - Billable seconds: 52
[2021-12-27 22:05:51,387] {taskinstance.py:1270} INFO - Marking task as SUCCESS. dag_id=mwaa-sm-customer-churn-dag, task_id=train, execution_date=20211228T060118, start_date=20211228T060146, end_date=20211228T060551
[2021-12-27 22:05:51,444] {local_task_job.py:154} INFO - Task exited with return code 0
[2021-12-27 22:05:51,488] {local_task_job.py:264} INFO - 1 downstream tasks scheduled from follow-on schedule check
