[2021-11-17 22:49:19,022] {taskinstance.py:1035} INFO - Dependencies all met for <TaskInstance: mwaa-sm-customer-churn-dag.process manual__2021-11-18T06:49:14.760349+00:00 [queued]>
[2021-11-17 22:49:19,029] {taskinstance.py:1035} INFO - Dependencies all met for <TaskInstance: mwaa-sm-customer-churn-dag.process manual__2021-11-18T06:49:14.760349+00:00 [queued]>
[2021-11-17 22:49:19,029] {taskinstance.py:1241} INFO - 
--------------------------------------------------------------------------------
[2021-11-17 22:49:19,029] {taskinstance.py:1242} INFO - Starting attempt 1 of 1
[2021-11-17 22:49:19,029] {taskinstance.py:1243} INFO - 
--------------------------------------------------------------------------------
[2021-11-17 22:49:19,039] {taskinstance.py:1262} INFO - Executing <Task(PythonOperator): process> on 2021-11-18 06:49:14.760349+00:00
[2021-11-17 22:49:19,043] {standard_task_runner.py:52} INFO - Started process 15252 to run task
[2021-11-17 22:49:19,050] {standard_task_runner.py:76} INFO - Running: ['airflow', 'tasks', 'run', 'mwaa-sm-customer-churn-dag', 'process', 'manual__2021-11-18T06:49:14.760349+00:00', '--job-id', '15', '--raw', '--subdir', 'DAGS_FOLDER/mwaa-customer-churn-dag.py', '--cfg-path', '/var/folders/m8/kcmtvg3x5639v8tv9jcxd6700000gn/T/tmp2bit8ah_', '--error-file', '/var/folders/m8/kcmtvg3x5639v8tv9jcxd6700000gn/T/tmp1ic24b8u']
[2021-11-17 22:49:19,052] {standard_task_runner.py:77} INFO - Job 15: Subtask process
[2021-11-17 22:49:19,100] {logging_mixin.py:109} INFO - Running <TaskInstance: mwaa-sm-customer-churn-dag.process manual__2021-11-18T06:49:14.760349+00:00 [running]> on host 1.0.0.127.in-addr.arpa
[2021-11-17 22:49:19,136] {taskinstance.py:1427} INFO - Exporting the following env vars:
AIRFLOW_CTX_DAG_OWNER=airflow
AIRFLOW_CTX_DAG_ID=mwaa-sm-customer-churn-dag
AIRFLOW_CTX_TASK_ID=process
AIRFLOW_CTX_EXECUTION_DATE=2021-11-18T06:49:14.760349+00:00
AIRFLOW_CTX_DAG_RUN_ID=manual__2021-11-18T06:49:14.760349+00:00
[2021-11-17 22:49:19,565] {python.py:152} INFO - Done. Returned value was: None
[2021-11-17 22:49:19,573] {taskinstance.py:1270} INFO - Marking task as SUCCESS. dag_id=mwaa-sm-customer-churn-dag, task_id=process, execution_date=20211118T064914, start_date=20211118T064919, end_date=20211118T064919
[2021-11-17 22:49:19,628] {local_task_job.py:154} INFO - Task exited with return code 0
[2021-11-17 22:49:19,665] {local_task_job.py:264} INFO - 1 downstream tasks scheduled from follow-on schedule check
