[2021-11-17 23:53:39,799] {taskinstance.py:1035} INFO - Dependencies all met for <TaskInstance: mwaa-sm-customer-churn-dag.process manual__2021-11-18T07:53:34.486770+00:00 [queued]>
[2021-11-17 23:53:39,806] {taskinstance.py:1035} INFO - Dependencies all met for <TaskInstance: mwaa-sm-customer-churn-dag.process manual__2021-11-18T07:53:34.486770+00:00 [queued]>
[2021-11-17 23:53:39,806] {taskinstance.py:1241} INFO - 
--------------------------------------------------------------------------------
[2021-11-17 23:53:39,806] {taskinstance.py:1242} INFO - Starting attempt 1 of 1
[2021-11-17 23:53:39,806] {taskinstance.py:1243} INFO - 
--------------------------------------------------------------------------------
[2021-11-17 23:53:39,817] {taskinstance.py:1262} INFO - Executing <Task(PythonOperator): process> on 2021-11-18 07:53:34.486770+00:00
[2021-11-17 23:53:39,841] {standard_task_runner.py:52} INFO - Started process 16404 to run task
[2021-11-17 23:53:39,860] {standard_task_runner.py:76} INFO - Running: ['airflow', 'tasks', 'run', 'mwaa-sm-customer-churn-dag', 'process', 'manual__2021-11-18T07:53:34.486770+00:00', '--job-id', '44', '--raw', '--subdir', 'DAGS_FOLDER/mwaa-customer-churn-dag.py', '--cfg-path', '/var/folders/m8/kcmtvg3x5639v8tv9jcxd6700000gn/T/tmpdsa861a0', '--error-file', '/var/folders/m8/kcmtvg3x5639v8tv9jcxd6700000gn/T/tmp745ogim2']
[2021-11-17 23:53:39,862] {standard_task_runner.py:77} INFO - Job 44: Subtask process
[2021-11-17 23:53:39,916] {logging_mixin.py:109} INFO - Running <TaskInstance: mwaa-sm-customer-churn-dag.process manual__2021-11-18T07:53:34.486770+00:00 [running]> on host Shimings-MacBook-Air.local
[2021-11-17 23:53:39,954] {taskinstance.py:1427} INFO - Exporting the following env vars:
AIRFLOW_CTX_DAG_OWNER=airflow
AIRFLOW_CTX_DAG_ID=mwaa-sm-customer-churn-dag
AIRFLOW_CTX_TASK_ID=process
AIRFLOW_CTX_EXECUTION_DATE=2021-11-18T07:53:34.486770+00:00
AIRFLOW_CTX_DAG_RUN_ID=manual__2021-11-18T07:53:34.486770+00:00
[2021-11-17 23:53:40,430] {python.py:152} INFO - Done. Returned value was: None
[2021-11-17 23:53:40,439] {taskinstance.py:1270} INFO - Marking task as SUCCESS. dag_id=mwaa-sm-customer-churn-dag, task_id=process, execution_date=20211118T075334, start_date=20211118T075339, end_date=20211118T075340
[2021-11-17 23:53:40,498] {local_task_job.py:154} INFO - Task exited with return code 0
[2021-11-17 23:53:40,530] {local_task_job.py:264} INFO - 1 downstream tasks scheduled from follow-on schedule check
