[2021-11-18 00:21:18,485] {taskinstance.py:1035} INFO - Dependencies all met for <TaskInstance: mwaa-sm-customer-churn-dag.process manual__2021-11-18T08:21:07.224591+00:00 [queued]>
[2021-11-18 00:21:18,496] {taskinstance.py:1035} INFO - Dependencies all met for <TaskInstance: mwaa-sm-customer-churn-dag.process manual__2021-11-18T08:21:07.224591+00:00 [queued]>
[2021-11-18 00:21:18,496] {taskinstance.py:1241} INFO - 
--------------------------------------------------------------------------------
[2021-11-18 00:21:18,496] {taskinstance.py:1242} INFO - Starting attempt 1 of 1
[2021-11-18 00:21:18,496] {taskinstance.py:1243} INFO - 
--------------------------------------------------------------------------------
[2021-11-18 00:21:18,508] {taskinstance.py:1262} INFO - Executing <Task(PythonOperator): process> on 2021-11-18 08:21:07.224591+00:00
[2021-11-18 00:21:18,512] {standard_task_runner.py:52} INFO - Started process 16872 to run task
[2021-11-18 00:21:18,520] {standard_task_runner.py:76} INFO - Running: ['airflow', 'tasks', 'run', 'mwaa-sm-customer-churn-dag', 'process', 'manual__2021-11-18T08:21:07.224591+00:00', '--job-id', '54', '--raw', '--subdir', 'DAGS_FOLDER/mwaa-customer-churn-dag.py', '--cfg-path', '/var/folders/m8/kcmtvg3x5639v8tv9jcxd6700000gn/T/tmpjpuvpf9y', '--error-file', '/var/folders/m8/kcmtvg3x5639v8tv9jcxd6700000gn/T/tmpqbrd5z_l']
[2021-11-18 00:21:18,522] {standard_task_runner.py:77} INFO - Job 54: Subtask process
[2021-11-18 00:21:18,567] {logging_mixin.py:109} INFO - Running <TaskInstance: mwaa-sm-customer-churn-dag.process manual__2021-11-18T08:21:07.224591+00:00 [running]> on host Shimings-MacBook-Air.local
[2021-11-18 00:21:18,646] {taskinstance.py:1427} INFO - Exporting the following env vars:
AIRFLOW_CTX_DAG_OWNER=airflow
AIRFLOW_CTX_DAG_ID=mwaa-sm-customer-churn-dag
AIRFLOW_CTX_TASK_ID=process
AIRFLOW_CTX_EXECUTION_DATE=2021-11-18T08:21:07.224591+00:00
AIRFLOW_CTX_DAG_RUN_ID=manual__2021-11-18T08:21:07.224591+00:00
[2021-11-18 00:21:19,178] {python.py:152} INFO - Done. Returned value was: None
[2021-11-18 00:21:19,195] {taskinstance.py:1270} INFO - Marking task as SUCCESS. dag_id=mwaa-sm-customer-churn-dag, task_id=process, execution_date=20211118T082107, start_date=20211118T082118, end_date=20211118T082119
[2021-11-18 00:21:19,306] {local_task_job.py:154} INFO - Task exited with return code 0
[2021-11-18 00:21:19,349] {local_task_job.py:264} INFO - 1 downstream tasks scheduled from follow-on schedule check
