[2021-12-14 11:51:39,699] {taskinstance.py:1035} INFO - Dependencies all met for <TaskInstance: mwaa-sm-customer-churn-dag.train manual__2021-12-14T19:51:27.595361+00:00 [queued]>
[2021-12-14 11:51:39,707] {taskinstance.py:1035} INFO - Dependencies all met for <TaskInstance: mwaa-sm-customer-churn-dag.train manual__2021-12-14T19:51:27.595361+00:00 [queued]>
[2021-12-14 11:51:39,707] {taskinstance.py:1241} INFO - 
--------------------------------------------------------------------------------
[2021-12-14 11:51:39,707] {taskinstance.py:1242} INFO - Starting attempt 1 of 1
[2021-12-14 11:51:39,707] {taskinstance.py:1243} INFO - 
--------------------------------------------------------------------------------
[2021-12-14 11:51:39,718] {taskinstance.py:1262} INFO - Executing <Task(SageMakerTrainingOperator): train> on 2021-12-14 19:51:27.595361+00:00
[2021-12-14 11:51:39,722] {standard_task_runner.py:52} INFO - Started process 30508 to run task
[2021-12-14 11:51:39,729] {standard_task_runner.py:76} INFO - Running: ['airflow', 'tasks', 'run', 'mwaa-sm-customer-churn-dag', 'train', 'manual__2021-12-14T19:51:27.595361+00:00', '--job-id', '60', '--raw', '--subdir', 'DAGS_FOLDER/mwaa-customer-churn-dag.py', '--cfg-path', '/var/folders/m8/kcmtvg3x5639v8tv9jcxd6700000gn/T/tmpydxs8oht', '--error-file', '/var/folders/m8/kcmtvg3x5639v8tv9jcxd6700000gn/T/tmpkoinqi6r']
[2021-12-14 11:51:39,731] {standard_task_runner.py:77} INFO - Job 60: Subtask train
[2021-12-14 11:51:39,770] {logging_mixin.py:109} INFO - Running <TaskInstance: mwaa-sm-customer-churn-dag.train manual__2021-12-14T19:51:27.595361+00:00 [running]> on host Shimings-MacBook-Air.local
[2021-12-14 11:51:39,822] {taskinstance.py:1427} INFO - Exporting the following env vars:
AIRFLOW_CTX_DAG_OWNER=airflow
AIRFLOW_CTX_DAG_ID=mwaa-sm-customer-churn-dag
AIRFLOW_CTX_TASK_ID=train
AIRFLOW_CTX_EXECUTION_DATE=2021-12-14T19:51:27.595361+00:00
AIRFLOW_CTX_DAG_RUN_ID=manual__2021-12-14T19:51:27.595361+00:00
[2021-12-14 11:51:39,824] {sagemaker_base.py:89} INFO - Preprocessing the config and doing required s3_operations
[2021-12-14 11:51:39,825] {sagemaker_base.py:95} INFO - After preprocessing the config is:
 {
    "AlgorithmSpecification": {
        "TrainingImage": "433757028032.dkr.ecr.us-west-2.amazonaws.com/xgboost:1",
        "TrainingInputMode": "File"
    },
    "HyperParameters": {
        "eta": "0.2",
        "gamma": "4",
        "max_depth": "5",
        "min_child_weight": "6",
        "num_round": "100",
        "objective": "binary:logistic",
        "subsample": "0.8"
    },
    "InputDataConfig": [
        {
            "ChannelName": "train",
            "ContentType": "text/csv",
            "DataSource": {
                "S3DataSource": {
                    "S3DataDistributionType": "FullyReplicated",
                    "S3DataType": "S3Prefix",
                    "S3Uri": "s3://shimingr-data/processed/train/"
                }
            }
        },
        {
            "ChannelName": "validation",
            "ContentType": "text/csv",
            "DataSource": {
                "S3DataSource": {
                    "S3DataDistributionType": "FullyReplicated",
                    "S3DataType": "S3Prefix",
                    "S3Uri": "s3://shimingr-data/processed/validation/"
                }
            }
        }
    ],
    "OutputDataConfig": {
        "S3OutputPath": "s3://shimingr-data/model/"
    },
    "ResourceConfig": {
        "InstanceCount": 1,
        "InstanceType": "ml.m5.4xlarge",
        "VolumeSizeInGB": 5
    },
    "RoleArn": "arn:aws:iam::846634201516:role/AmazonMWAA-SageMaker-Role",
    "StoppingCondition": {
        "MaxRuntimeInSeconds": 86400
    },
    "TrainingJobName": "mwaa-sm-training-job-58895d91d5894cbcaa6aee0abb482c93"
}
[2021-12-14 11:51:39,826] {base_aws.py:401} INFO - Airflow Connection: aws_conn_id=aws_default
[2021-12-14 11:51:39,831] {base_aws.py:177} INFO - Credentials retrieved from login
[2021-12-14 11:51:39,831] {base_aws.py:88} INFO - Retrieving region_name from Connection.extra_config['region_name']
[2021-12-14 11:51:39,832] {base_aws.py:90} INFO - Creating session with aws_access_key_id=AKIA4KH2UWGWPERNDCH5 region_name=us-west-2
[2021-12-14 11:51:39,847] {base_aws.py:168} INFO - role_arn is None
[2021-12-14 11:51:39,855] {logging_mixin.py:109} WARNING - /Users/shimingr/mlops/airflow/venv2/lib/python3.9/site-packages/airflow/providers/amazon/aws/hooks/base_aws.py:494 DeprecationWarning: client_type is deprecated. Set client_type from class attribute.
[2021-12-14 11:51:40,186] {sagemaker_training.py:101} INFO - Creating SageMaker training job mwaa-sm-training-job-58895d91d5894cbcaa6aee0abb482c93.
[2021-12-14 11:51:40,188] {base_aws.py:401} INFO - Airflow Connection: aws_conn_id=aws_default
[2021-12-14 11:51:40,194] {base_aws.py:177} INFO - Credentials retrieved from login
[2021-12-14 11:51:40,195] {base_aws.py:88} INFO - Retrieving region_name from Connection.extra_config['region_name']
[2021-12-14 11:51:40,196] {base_aws.py:90} INFO - Creating session with aws_access_key_id=AKIA4KH2UWGWPERNDCH5 region_name=us-west-2
[2021-12-14 11:51:40,211] {base_aws.py:168} INFO - role_arn is None
[2021-12-14 11:51:41,064] {sagemaker.py:790} INFO - 2021-12-14 19:51:41 Starting - Starting the training job
[2021-12-14 11:52:41,069] {base_aws.py:401} INFO - Airflow Connection: aws_conn_id=aws_default
[2021-12-14 11:52:41,093] {base_aws.py:177} INFO - Credentials retrieved from login
[2021-12-14 11:52:41,096] {base_aws.py:88} INFO - Retrieving region_name from Connection.extra_config['region_name']
[2021-12-14 11:52:41,101] {base_aws.py:90} INFO - Creating session with aws_access_key_id=AKIA4KH2UWGWPERNDCH5 region_name=us-west-2
[2021-12-14 11:52:41,116] {base_aws.py:168} INFO - role_arn is None
[2021-12-14 11:52:42,006] {sagemaker.py:626} INFO - 2021-12-14 19:51:42 Starting - Launching requested ML instances
[2021-12-14 11:53:42,683] {sagemaker.py:626} INFO - 2021-12-14 19:52:48 Starting - Preparing the instances for training
[2021-12-14 11:54:43,546] {sagemaker.py:609} INFO - Arguments: train
[2021-12-14 11:54:43,548] {sagemaker.py:609} INFO - [2021-12-14:19:54:28:INFO] Running standalone xgboost training.
[2021-12-14 11:54:43,550] {sagemaker.py:609} INFO - [2021-12-14:19:54:28:INFO] File size need to be processed in the node: 0.47mb. Available memory size in the node: 55379.86mb
[2021-12-14 11:54:43,550] {sagemaker.py:609} INFO - [2021-12-14:19:54:28:INFO] Determined delimiter of CSV input is ','
[2021-12-14 11:54:43,551] {sagemaker.py:609} INFO - [19:54:28] S3DistributionType set as FullyReplicated
[2021-12-14 11:54:43,552] {sagemaker.py:609} INFO - [19:54:28] 2136x69 matrix with 147384 entries loaded from /opt/ml/input/data/train?format=csv&label_column=0&delimiter=,
[2021-12-14 11:54:43,552] {sagemaker.py:609} INFO - [2021-12-14:19:54:28:INFO] Determined delimiter of CSV input is ','
[2021-12-14 11:54:43,553] {sagemaker.py:609} INFO - [19:54:28] S3DistributionType set as FullyReplicated
[2021-12-14 11:54:43,553] {sagemaker.py:609} INFO - [19:54:28] 863x69 matrix with 59547 entries loaded from /opt/ml/input/data/validation?format=csv&label_column=0&delimiter=,
[2021-12-14 11:54:43,554] {sagemaker.py:609} INFO - [19:54:28] src/tree/updater_prune.cc:74: tree pruning end, 1 roots, 0 extra nodes, 0 pruned nodes, max_depth=0
[2021-12-14 11:54:43,555] {sagemaker.py:609} INFO - [0]#011train-error:0#011validation-error:0
[2021-12-14 11:54:43,555] {sagemaker.py:609} INFO - [19:54:28] src/tree/updater_prune.cc:74: tree pruning end, 1 roots, 0 extra nodes, 0 pruned nodes, max_depth=0
[2021-12-14 11:54:43,556] {sagemaker.py:609} INFO - [1]#011train-error:0#011validation-error:0
[2021-12-14 11:54:43,556] {sagemaker.py:609} INFO - [19:54:28] src/tree/updater_prune.cc:74: tree pruning end, 1 roots, 0 extra nodes, 0 pruned nodes, max_depth=0
[2021-12-14 11:54:43,557] {sagemaker.py:609} INFO - [2]#011train-error:0#011validation-error:0
[2021-12-14 11:54:43,557] {sagemaker.py:609} INFO - [19:54:28] src/tree/updater_prune.cc:74: tree pruning end, 1 roots, 0 extra nodes, 0 pruned nodes, max_depth=0
[2021-12-14 11:54:43,557] {sagemaker.py:609} INFO - [3]#011train-error:0#011validation-error:0
[2021-12-14 11:54:43,558] {sagemaker.py:609} INFO - [19:54:28] src/tree/updater_prune.cc:74: tree pruning end, 1 roots, 0 extra nodes, 0 pruned nodes, max_depth=0
[2021-12-14 11:54:43,558] {sagemaker.py:609} INFO - [4]#011train-error:0#011validation-error:0
[2021-12-14 11:54:43,559] {sagemaker.py:609} INFO - [19:54:28] src/tree/updater_prune.cc:74: tree pruning end, 1 roots, 0 extra nodes, 0 pruned nodes, max_depth=0
[2021-12-14 11:54:43,560] {sagemaker.py:609} INFO - [5]#011train-error:0#011validation-error:0
[2021-12-14 11:54:43,560] {sagemaker.py:609} INFO - [19:54:28] src/tree/updater_prune.cc:74: tree pruning end, 1 roots, 0 extra nodes, 0 pruned nodes, max_depth=0
[2021-12-14 11:54:43,561] {sagemaker.py:609} INFO - [6]#011train-error:0#011validation-error:0
[2021-12-14 11:54:43,562] {sagemaker.py:609} INFO - [19:54:28] src/tree/updater_prune.cc:74: tree pruning end, 1 roots, 0 extra nodes, 0 pruned nodes, max_depth=0
[2021-12-14 11:54:43,563] {sagemaker.py:609} INFO - [7]#011train-error:0#011validation-error:0
[2021-12-14 11:54:43,563] {sagemaker.py:609} INFO - [19:54:28] src/tree/updater_prune.cc:74: tree pruning end, 1 roots, 0 extra nodes, 0 pruned nodes, max_depth=0
[2021-12-14 11:54:43,564] {sagemaker.py:609} INFO - [8]#011train-error:0#011validation-error:0
[2021-12-14 11:54:43,564] {sagemaker.py:609} INFO - [19:54:28] src/tree/updater_prune.cc:74: tree pruning end, 1 roots, 0 extra nodes, 0 pruned nodes, max_depth=0
[2021-12-14 11:54:43,565] {sagemaker.py:609} INFO - [9]#011train-error:0#011validation-error:0
[2021-12-14 11:54:43,565] {sagemaker.py:609} INFO - [19:54:28] src/tree/updater_prune.cc:74: tree pruning end, 1 roots, 0 extra nodes, 0 pruned nodes, max_depth=0
[2021-12-14 11:54:43,566] {sagemaker.py:609} INFO - [10]#011train-error:0#011validation-error:0
[2021-12-14 11:54:43,566] {sagemaker.py:609} INFO - [19:54:28] src/tree/updater_prune.cc:74: tree pruning end, 1 roots, 0 extra nodes, 0 pruned nodes, max_depth=0
[2021-12-14 11:54:43,567] {sagemaker.py:609} INFO - [11]#011train-error:0#011validation-error:0
[2021-12-14 11:54:43,567] {sagemaker.py:609} INFO - [19:54:28] src/tree/updater_prune.cc:74: tree pruning end, 1 roots, 0 extra nodes, 0 pruned nodes, max_depth=0
[2021-12-14 11:54:43,567] {sagemaker.py:609} INFO - [12]#011train-error:0#011validation-error:0
[2021-12-14 11:54:43,568] {sagemaker.py:609} INFO - [19:54:28] src/tree/updater_prune.cc:74: tree pruning end, 1 roots, 0 extra nodes, 0 pruned nodes, max_depth=0
[2021-12-14 11:54:43,568] {sagemaker.py:609} INFO - [13]#011train-error:0#011validation-error:0
[2021-12-14 11:54:43,569] {sagemaker.py:609} INFO - [19:54:28] src/tree/updater_prune.cc:74: tree pruning end, 1 roots, 0 extra nodes, 0 pruned nodes, max_depth=0
[2021-12-14 11:54:43,569] {sagemaker.py:609} INFO - [14]#011train-error:0#011validation-error:0
[2021-12-14 11:54:43,570] {sagemaker.py:609} INFO - [19:54:28] src/tree/updater_prune.cc:74: tree pruning end, 1 roots, 0 extra nodes, 0 pruned nodes, max_depth=0
[2021-12-14 11:54:43,570] {sagemaker.py:609} INFO - [15]#011train-error:0#011validation-error:0
[2021-12-14 11:54:43,571] {sagemaker.py:609} INFO - [19:54:28] src/tree/updater_prune.cc:74: tree pruning end, 1 roots, 0 extra nodes, 0 pruned nodes, max_depth=0
[2021-12-14 11:54:43,571] {sagemaker.py:609} INFO - [16]#011train-error:0#011validation-error:0
[2021-12-14 11:54:43,572] {sagemaker.py:609} INFO - [19:54:28] src/tree/updater_prune.cc:74: tree pruning end, 1 roots, 0 extra nodes, 0 pruned nodes, max_depth=0
[2021-12-14 11:54:43,572] {sagemaker.py:609} INFO - [17]#011train-error:0#011validation-error:0
[2021-12-14 11:54:43,572] {sagemaker.py:609} INFO - [19:54:28] src/tree/updater_prune.cc:74: tree pruning end, 1 roots, 0 extra nodes, 0 pruned nodes, max_depth=0
[2021-12-14 11:54:43,573] {sagemaker.py:609} INFO - [18]#011train-error:0#011validation-error:0
[2021-12-14 11:54:43,573] {sagemaker.py:609} INFO - [19:54:28] src/tree/updater_prune.cc:74: tree pruning end, 1 roots, 0 extra nodes, 0 pruned nodes, max_depth=0
[2021-12-14 11:54:43,574] {sagemaker.py:609} INFO - [19]#011train-error:0#011validation-error:0
[2021-12-14 11:54:43,574] {sagemaker.py:609} INFO - [19:54:28] src/tree/updater_prune.cc:74: tree pruning end, 1 roots, 0 extra nodes, 0 pruned nodes, max_depth=0
[2021-12-14 11:54:43,575] {sagemaker.py:609} INFO - [20]#011train-error:0#011validation-error:0
[2021-12-14 11:54:43,575] {sagemaker.py:609} INFO - [19:54:28] src/tree/updater_prune.cc:74: tree pruning end, 1 roots, 0 extra nodes, 0 pruned nodes, max_depth=0
[2021-12-14 11:54:43,575] {sagemaker.py:609} INFO - [21]#011train-error:0#011validation-error:0
[2021-12-14 11:54:43,576] {sagemaker.py:609} INFO - [19:54:28] src/tree/updater_prune.cc:74: tree pruning end, 1 roots, 0 extra nodes, 0 pruned nodes, max_depth=0
[2021-12-14 11:54:43,576] {sagemaker.py:609} INFO - [22]#011train-error:0#011validation-error:0
[2021-12-14 11:54:43,577] {sagemaker.py:609} INFO - [19:54:28] src/tree/updater_prune.cc:74: tree pruning end, 1 roots, 0 extra nodes, 0 pruned nodes, max_depth=0
[2021-12-14 11:54:43,577] {sagemaker.py:609} INFO - [23]#011train-error:0#011validation-error:0
[2021-12-14 11:54:43,577] {sagemaker.py:609} INFO - [19:54:28] src/tree/updater_prune.cc:74: tree pruning end, 1 roots, 0 extra nodes, 0 pruned nodes, max_depth=0
[2021-12-14 11:54:43,578] {sagemaker.py:609} INFO - [24]#011train-error:0#011validation-error:0
[2021-12-14 11:54:43,578] {sagemaker.py:609} INFO - [19:54:28] src/tree/updater_prune.cc:74: tree pruning end, 1 roots, 0 extra nodes, 0 pruned nodes, max_depth=0
[2021-12-14 11:54:43,579] {sagemaker.py:609} INFO - [25]#011train-error:0#011validation-error:0
[2021-12-14 11:54:43,579] {sagemaker.py:609} INFO - [19:54:28] src/tree/updater_prune.cc:74: tree pruning end, 1 roots, 0 extra nodes, 0 pruned nodes, max_depth=0
[2021-12-14 11:54:43,579] {sagemaker.py:609} INFO - [26]#011train-error:0#011validation-error:0
[2021-12-14 11:54:43,580] {sagemaker.py:609} INFO - [19:54:28] src/tree/updater_prune.cc:74: tree pruning end, 1 roots, 0 extra nodes, 0 pruned nodes, max_depth=0
[2021-12-14 11:54:43,580] {sagemaker.py:609} INFO - [27]#011train-error:0#011validation-error:0
[2021-12-14 11:54:43,580] {sagemaker.py:609} INFO - [19:54:28] src/tree/updater_prune.cc:74: tree pruning end, 1 roots, 0 extra nodes, 0 pruned nodes, max_depth=0
[2021-12-14 11:54:43,581] {sagemaker.py:609} INFO - [28]#011train-error:0#011validation-error:0
[2021-12-14 11:54:43,581] {sagemaker.py:609} INFO - [19:54:28] src/tree/updater_prune.cc:74: tree pruning end, 1 roots, 0 extra nodes, 0 pruned nodes, max_depth=0
[2021-12-14 11:54:43,582] {sagemaker.py:609} INFO - [29]#011train-error:0#011validation-error:0
[2021-12-14 11:54:43,582] {sagemaker.py:609} INFO - [19:54:28] src/tree/updater_prune.cc:74: tree pruning end, 1 roots, 0 extra nodes, 0 pruned nodes, max_depth=0
[2021-12-14 11:54:43,583] {sagemaker.py:609} INFO - [30]#011train-error:0#011validation-error:0
[2021-12-14 11:54:43,583] {sagemaker.py:609} INFO - [19:54:28] src/tree/updater_prune.cc:74: tree pruning end, 1 roots, 0 extra nodes, 0 pruned nodes, max_depth=0
[2021-12-14 11:54:43,583] {sagemaker.py:609} INFO - [31]#011train-error:0#011validation-error:0
[2021-12-14 11:54:43,584] {sagemaker.py:609} INFO - [19:54:28] src/tree/updater_prune.cc:74: tree pruning end, 1 roots, 0 extra nodes, 0 pruned nodes, max_depth=0
[2021-12-14 11:54:43,584] {sagemaker.py:609} INFO - [32]#011train-error:0#011validation-error:0
[2021-12-14 11:54:43,585] {sagemaker.py:609} INFO - [19:54:28] src/tree/updater_prune.cc:74: tree pruning end, 1 roots, 0 extra nodes, 0 pruned nodes, max_depth=0
[2021-12-14 11:54:43,585] {sagemaker.py:609} INFO - [33]#011train-error:0#011validation-error:0
[2021-12-14 11:54:43,585] {sagemaker.py:609} INFO - [19:54:28] src/tree/updater_prune.cc:74: tree pruning end, 1 roots, 0 extra nodes, 0 pruned nodes, max_depth=0
[2021-12-14 11:54:43,586] {sagemaker.py:609} INFO - [34]#011train-error:0#011validation-error:0
[2021-12-14 11:54:43,586] {sagemaker.py:609} INFO - [19:54:28] src/tree/updater_prune.cc:74: tree pruning end, 1 roots, 0 extra nodes, 0 pruned nodes, max_depth=0
[2021-12-14 11:54:43,586] {sagemaker.py:609} INFO - [35]#011train-error:0#011validation-error:0
[2021-12-14 11:54:43,587] {sagemaker.py:609} INFO - [19:54:28] src/tree/updater_prune.cc:74: tree pruning end, 1 roots, 0 extra nodes, 0 pruned nodes, max_depth=0
[2021-12-14 11:54:43,587] {sagemaker.py:609} INFO - [36]#011train-error:0#011validation-error:0
[2021-12-14 11:54:43,587] {sagemaker.py:609} INFO - [19:54:28] src/tree/updater_prune.cc:74: tree pruning end, 1 roots, 0 extra nodes, 0 pruned nodes, max_depth=0
[2021-12-14 11:54:43,588] {sagemaker.py:609} INFO - [37]#011train-error:0#011validation-error:0
[2021-12-14 11:54:43,588] {sagemaker.py:609} INFO - [19:54:28] src/tree/updater_prune.cc:74: tree pruning end, 1 roots, 0 extra nodes, 0 pruned nodes, max_depth=0
[2021-12-14 11:54:43,588] {sagemaker.py:609} INFO - [38]#011train-error:0#011validation-error:0
[2021-12-14 11:54:43,589] {sagemaker.py:609} INFO - [19:54:28] src/tree/updater_prune.cc:74: tree pruning end, 1 roots, 0 extra nodes, 0 pruned nodes, max_depth=0
[2021-12-14 11:54:43,589] {sagemaker.py:609} INFO - [39]#011train-error:0#011validation-error:0
[2021-12-14 11:54:43,590] {sagemaker.py:609} INFO - [19:54:28] src/tree/updater_prune.cc:74: tree pruning end, 1 roots, 0 extra nodes, 0 pruned nodes, max_depth=0
[2021-12-14 11:54:43,590] {sagemaker.py:609} INFO - [40]#011train-error:0#011validation-error:0
[2021-12-14 11:54:43,590] {sagemaker.py:609} INFO - [19:54:28] src/tree/updater_prune.cc:74: tree pruning end, 1 roots, 0 extra nodes, 0 pruned nodes, max_depth=0
[2021-12-14 11:54:43,591] {sagemaker.py:609} INFO - [41]#011train-error:0#011validation-error:0
[2021-12-14 11:54:43,591] {sagemaker.py:609} INFO - [19:54:28] src/tree/updater_prune.cc:74: tree pruning end, 1 roots, 0 extra nodes, 0 pruned nodes, max_depth=0
[2021-12-14 11:54:43,591] {sagemaker.py:609} INFO - [42]#011train-error:0#011validation-error:0
[2021-12-14 11:54:43,592] {sagemaker.py:609} INFO - [19:54:28] src/tree/updater_prune.cc:74: tree pruning end, 1 roots, 0 extra nodes, 0 pruned nodes, max_depth=0
[2021-12-14 11:54:43,592] {sagemaker.py:609} INFO - [43]#011train-error:0#011validation-error:0
[2021-12-14 11:54:43,592] {sagemaker.py:609} INFO - [19:54:28] src/tree/updater_prune.cc:74: tree pruning end, 1 roots, 0 extra nodes, 0 pruned nodes, max_depth=0
[2021-12-14 11:54:43,593] {sagemaker.py:609} INFO - [44]#011train-error:0#011validation-error:0
[2021-12-14 11:54:43,593] {sagemaker.py:609} INFO - [19:54:28] src/tree/updater_prune.cc:74: tree pruning end, 1 roots, 0 extra nodes, 0 pruned nodes, max_depth=0
[2021-12-14 11:54:43,593] {sagemaker.py:609} INFO - [45]#011train-error:0#011validation-error:0
[2021-12-14 11:54:43,594] {sagemaker.py:609} INFO - [19:54:28] src/tree/updater_prune.cc:74: tree pruning end, 1 roots, 0 extra nodes, 0 pruned nodes, max_depth=0
[2021-12-14 11:54:43,594] {sagemaker.py:609} INFO - [46]#011train-error:0#011validation-error:0
[2021-12-14 11:54:43,594] {sagemaker.py:609} INFO - [19:54:28] src/tree/updater_prune.cc:74: tree pruning end, 1 roots, 0 extra nodes, 0 pruned nodes, max_depth=0
[2021-12-14 11:54:43,595] {sagemaker.py:609} INFO - [47]#011train-error:0#011validation-error:0
[2021-12-14 11:54:43,595] {sagemaker.py:609} INFO - [19:54:28] src/tree/updater_prune.cc:74: tree pruning end, 1 roots, 0 extra nodes, 0 pruned nodes, max_depth=0
[2021-12-14 11:54:43,595] {sagemaker.py:609} INFO - [48]#011train-error:0#011validation-error:0
[2021-12-14 11:54:43,596] {sagemaker.py:609} INFO - [19:54:28] src/tree/updater_prune.cc:74: tree pruning end, 1 roots, 0 extra nodes, 0 pruned nodes, max_depth=0
[2021-12-14 11:54:43,596] {sagemaker.py:609} INFO - [49]#011train-error:0#011validation-error:0
[2021-12-14 11:54:43,596] {sagemaker.py:609} INFO - [19:54:28] src/tree/updater_prune.cc:74: tree pruning end, 1 roots, 0 extra nodes, 0 pruned nodes, max_depth=0
[2021-12-14 11:54:43,596] {sagemaker.py:609} INFO - [50]#011train-error:0#011validation-error:0
[2021-12-14 11:54:43,597] {sagemaker.py:609} INFO - [19:54:28] src/tree/updater_prune.cc:74: tree pruning end, 1 roots, 0 extra nodes, 0 pruned nodes, max_depth=0
[2021-12-14 11:54:43,597] {sagemaker.py:609} INFO - [51]#011train-error:0#011validation-error:0
[2021-12-14 11:54:43,597] {sagemaker.py:609} INFO - [19:54:28] src/tree/updater_prune.cc:74: tree pruning end, 1 roots, 0 extra nodes, 0 pruned nodes, max_depth=0
[2021-12-14 11:54:43,598] {sagemaker.py:609} INFO - [52]#011train-error:0#011validation-error:0
[2021-12-14 11:54:43,598] {sagemaker.py:609} INFO - [19:54:28] src/tree/updater_prune.cc:74: tree pruning end, 1 roots, 0 extra nodes, 0 pruned nodes, max_depth=0
[2021-12-14 11:54:43,598] {sagemaker.py:609} INFO - [53]#011train-error:0#011validation-error:0
[2021-12-14 11:54:43,599] {sagemaker.py:609} INFO - [19:54:28] src/tree/updater_prune.cc:74: tree pruning end, 1 roots, 0 extra nodes, 0 pruned nodes, max_depth=0
[2021-12-14 11:54:43,599] {sagemaker.py:609} INFO - [54]#011train-error:0#011validation-error:0
[2021-12-14 11:54:43,599] {sagemaker.py:609} INFO - [19:54:28] src/tree/updater_prune.cc:74: tree pruning end, 1 roots, 0 extra nodes, 0 pruned nodes, max_depth=0
[2021-12-14 11:54:43,600] {sagemaker.py:609} INFO - [55]#011train-error:0#011validation-error:0
[2021-12-14 11:54:43,600] {sagemaker.py:609} INFO - [19:54:28] src/tree/updater_prune.cc:74: tree pruning end, 1 roots, 0 extra nodes, 0 pruned nodes, max_depth=0
[2021-12-14 11:54:43,600] {sagemaker.py:609} INFO - [56]#011train-error:0#011validation-error:0
[2021-12-14 11:54:43,600] {sagemaker.py:609} INFO - [19:54:28] src/tree/updater_prune.cc:74: tree pruning end, 1 roots, 0 extra nodes, 0 pruned nodes, max_depth=0
[2021-12-14 11:54:43,601] {sagemaker.py:609} INFO - [57]#011train-error:0#011validation-error:0
[2021-12-14 11:54:43,601] {sagemaker.py:609} INFO - [19:54:28] src/tree/updater_prune.cc:74: tree pruning end, 1 roots, 0 extra nodes, 0 pruned nodes, max_depth=0
[2021-12-14 11:54:43,601] {sagemaker.py:609} INFO - [58]#011train-error:0#011validation-error:0
[2021-12-14 11:54:43,602] {sagemaker.py:609} INFO - [19:54:28] src/tree/updater_prune.cc:74: tree pruning end, 1 roots, 0 extra nodes, 0 pruned nodes, max_depth=0
[2021-12-14 11:54:43,602] {sagemaker.py:609} INFO - [59]#011train-error:0#011validation-error:0
[2021-12-14 11:54:43,602] {sagemaker.py:609} INFO - [19:54:28] src/tree/updater_prune.cc:74: tree pruning end, 1 roots, 0 extra nodes, 0 pruned nodes, max_depth=0
[2021-12-14 11:54:43,603] {sagemaker.py:609} INFO - [60]#011train-error:0#011validation-error:0
[2021-12-14 11:54:43,603] {sagemaker.py:609} INFO - [19:54:28] src/tree/updater_prune.cc:74: tree pruning end, 1 roots, 0 extra nodes, 0 pruned nodes, max_depth=0
[2021-12-14 11:54:43,603] {sagemaker.py:609} INFO - [61]#011train-error:0#011validation-error:0
[2021-12-14 11:54:43,603] {sagemaker.py:609} INFO - [19:54:28] src/tree/updater_prune.cc:74: tree pruning end, 1 roots, 0 extra nodes, 0 pruned nodes, max_depth=0
[2021-12-14 11:54:43,604] {sagemaker.py:609} INFO - [62]#011train-error:0#011validation-error:0
[2021-12-14 11:54:43,604] {sagemaker.py:609} INFO - [19:54:28] src/tree/updater_prune.cc:74: tree pruning end, 1 roots, 0 extra nodes, 0 pruned nodes, max_depth=0
[2021-12-14 11:54:43,604] {sagemaker.py:609} INFO - [63]#011train-error:0#011validation-error:0
[2021-12-14 11:54:43,605] {sagemaker.py:609} INFO - [19:54:28] src/tree/updater_prune.cc:74: tree pruning end, 1 roots, 0 extra nodes, 0 pruned nodes, max_depth=0
[2021-12-14 11:54:43,605] {sagemaker.py:609} INFO - [64]#011train-error:0#011validation-error:0
[2021-12-14 11:54:43,605] {sagemaker.py:609} INFO - [19:54:28] src/tree/updater_prune.cc:74: tree pruning end, 1 roots, 0 extra nodes, 0 pruned nodes, max_depth=0
[2021-12-14 11:54:43,606] {sagemaker.py:609} INFO - [65]#011train-error:0#011validation-error:0
[2021-12-14 11:54:43,606] {sagemaker.py:609} INFO - [19:54:28] src/tree/updater_prune.cc:74: tree pruning end, 1 roots, 0 extra nodes, 0 pruned nodes, max_depth=0
[2021-12-14 11:54:43,606] {sagemaker.py:609} INFO - [66]#011train-error:0#011validation-error:0
[2021-12-14 11:54:43,607] {sagemaker.py:609} INFO - [19:54:28] src/tree/updater_prune.cc:74: tree pruning end, 1 roots, 0 extra nodes, 0 pruned nodes, max_depth=0
[2021-12-14 11:54:43,607] {sagemaker.py:609} INFO - [67]#011train-error:0#011validation-error:0
[2021-12-14 11:54:43,607] {sagemaker.py:609} INFO - [19:54:28] src/tree/updater_prune.cc:74: tree pruning end, 1 roots, 0 extra nodes, 0 pruned nodes, max_depth=0
[2021-12-14 11:54:43,608] {sagemaker.py:609} INFO - [68]#011train-error:0#011validation-error:0
[2021-12-14 11:54:43,608] {sagemaker.py:609} INFO - [19:54:28] src/tree/updater_prune.cc:74: tree pruning end, 1 roots, 0 extra nodes, 0 pruned nodes, max_depth=0
[2021-12-14 11:54:43,608] {sagemaker.py:609} INFO - [69]#011train-error:0#011validation-error:0
[2021-12-14 11:54:43,609] {sagemaker.py:609} INFO - [19:54:28] src/tree/updater_prune.cc:74: tree pruning end, 1 roots, 0 extra nodes, 0 pruned nodes, max_depth=0
[2021-12-14 11:54:43,609] {sagemaker.py:609} INFO - [70]#011train-error:0#011validation-error:0
[2021-12-14 11:54:43,609] {sagemaker.py:609} INFO - [19:54:28] src/tree/updater_prune.cc:74: tree pruning end, 1 roots, 0 extra nodes, 0 pruned nodes, max_depth=0
[2021-12-14 11:54:43,609] {sagemaker.py:609} INFO - [71]#011train-error:0#011validation-error:0
[2021-12-14 11:54:43,610] {sagemaker.py:609} INFO - [19:54:28] src/tree/updater_prune.cc:74: tree pruning end, 1 roots, 0 extra nodes, 0 pruned nodes, max_depth=0
[2021-12-14 11:54:43,610] {sagemaker.py:609} INFO - [72]#011train-error:0#011validation-error:0
[2021-12-14 11:54:43,611] {sagemaker.py:609} INFO - [19:54:28] src/tree/updater_prune.cc:74: tree pruning end, 1 roots, 0 extra nodes, 0 pruned nodes, max_depth=0
[2021-12-14 11:54:43,611] {sagemaker.py:609} INFO - [73]#011train-error:0#011validation-error:0
[2021-12-14 11:54:43,611] {sagemaker.py:609} INFO - [19:54:28] src/tree/updater_prune.cc:74: tree pruning end, 1 roots, 0 extra nodes, 0 pruned nodes, max_depth=0
[2021-12-14 11:54:43,612] {sagemaker.py:609} INFO - [74]#011train-error:0#011validation-error:0
[2021-12-14 11:54:43,612] {sagemaker.py:609} INFO - [19:54:28] src/tree/updater_prune.cc:74: tree pruning end, 1 roots, 0 extra nodes, 0 pruned nodes, max_depth=0
[2021-12-14 11:54:43,612] {sagemaker.py:609} INFO - [75]#011train-error:0#011validation-error:0
[2021-12-14 11:54:43,613] {sagemaker.py:609} INFO - [19:54:28] src/tree/updater_prune.cc:74: tree pruning end, 1 roots, 0 extra nodes, 0 pruned nodes, max_depth=0
[2021-12-14 11:54:43,613] {sagemaker.py:609} INFO - [76]#011train-error:0#011validation-error:0
[2021-12-14 11:54:43,613] {sagemaker.py:609} INFO - [19:54:28] src/tree/updater_prune.cc:74: tree pruning end, 1 roots, 0 extra nodes, 0 pruned nodes, max_depth=0
[2021-12-14 11:54:43,614] {sagemaker.py:609} INFO - [77]#011train-error:0#011validation-error:0
[2021-12-14 11:54:43,614] {sagemaker.py:609} INFO - [19:54:28] src/tree/updater_prune.cc:74: tree pruning end, 1 roots, 0 extra nodes, 0 pruned nodes, max_depth=0
[2021-12-14 11:54:43,614] {sagemaker.py:609} INFO - [78]#011train-error:0#011validation-error:0
[2021-12-14 11:54:43,615] {sagemaker.py:609} INFO - [19:54:28] src/tree/updater_prune.cc:74: tree pruning end, 1 roots, 0 extra nodes, 0 pruned nodes, max_depth=0
[2021-12-14 11:54:43,615] {sagemaker.py:609} INFO - [79]#011train-error:0#011validation-error:0
[2021-12-14 11:54:43,615] {sagemaker.py:609} INFO - [19:54:28] src/tree/updater_prune.cc:74: tree pruning end, 1 roots, 0 extra nodes, 0 pruned nodes, max_depth=0
[2021-12-14 11:54:43,616] {sagemaker.py:609} INFO - [80]#011train-error:0#011validation-error:0
[2021-12-14 11:54:43,616] {sagemaker.py:609} INFO - [19:54:28] src/tree/updater_prune.cc:74: tree pruning end, 1 roots, 0 extra nodes, 0 pruned nodes, max_depth=0
[2021-12-14 11:54:43,617] {sagemaker.py:609} INFO - [81]#011train-error:0#011validation-error:0
[2021-12-14 11:54:43,617] {sagemaker.py:609} INFO - [19:54:28] src/tree/updater_prune.cc:74: tree pruning end, 1 roots, 0 extra nodes, 0 pruned nodes, max_depth=0
[2021-12-14 11:54:43,617] {sagemaker.py:609} INFO - [82]#011train-error:0#011validation-error:0
[2021-12-14 11:54:43,618] {sagemaker.py:609} INFO - [19:54:28] src/tree/updater_prune.cc:74: tree pruning end, 1 roots, 0 extra nodes, 0 pruned nodes, max_depth=0
[2021-12-14 11:54:43,618] {sagemaker.py:609} INFO - [83]#011train-error:0#011validation-error:0
[2021-12-14 11:54:43,619] {sagemaker.py:609} INFO - [19:54:28] src/tree/updater_prune.cc:74: tree pruning end, 1 roots, 0 extra nodes, 0 pruned nodes, max_depth=0
[2021-12-14 11:54:43,619] {sagemaker.py:609} INFO - [84]#011train-error:0#011validation-error:0
[2021-12-14 11:54:43,620] {sagemaker.py:609} INFO - [19:54:28] src/tree/updater_prune.cc:74: tree pruning end, 1 roots, 0 extra nodes, 0 pruned nodes, max_depth=0
[2021-12-14 11:54:43,620] {sagemaker.py:609} INFO - [85]#011train-error:0#011validation-error:0
[2021-12-14 11:54:43,621] {sagemaker.py:609} INFO - [19:54:28] src/tree/updater_prune.cc:74: tree pruning end, 1 roots, 0 extra nodes, 0 pruned nodes, max_depth=0
[2021-12-14 11:54:43,621] {sagemaker.py:609} INFO - [86]#011train-error:0#011validation-error:0
[2021-12-14 11:54:43,621] {sagemaker.py:609} INFO - [19:54:28] src/tree/updater_prune.cc:74: tree pruning end, 1 roots, 0 extra nodes, 0 pruned nodes, max_depth=0
[2021-12-14 11:54:43,622] {sagemaker.py:609} INFO - [87]#011train-error:0#011validation-error:0
[2021-12-14 11:54:43,622] {sagemaker.py:609} INFO - [19:54:28] src/tree/updater_prune.cc:74: tree pruning end, 1 roots, 0 extra nodes, 0 pruned nodes, max_depth=0
[2021-12-14 11:54:43,622] {sagemaker.py:609} INFO - [88]#011train-error:0#011validation-error:0
[2021-12-14 11:54:43,623] {sagemaker.py:609} INFO - [19:54:28] src/tree/updater_prune.cc:74: tree pruning end, 1 roots, 0 extra nodes, 0 pruned nodes, max_depth=0
[2021-12-14 11:54:43,623] {sagemaker.py:609} INFO - [89]#011train-error:0#011validation-error:0
[2021-12-14 11:54:43,623] {sagemaker.py:609} INFO - [19:54:28] src/tree/updater_prune.cc:74: tree pruning end, 1 roots, 0 extra nodes, 0 pruned nodes, max_depth=0
[2021-12-14 11:54:43,624] {sagemaker.py:609} INFO - [90]#011train-error:0#011validation-error:0
[2021-12-14 11:54:43,624] {sagemaker.py:609} INFO - [19:54:28] src/tree/updater_prune.cc:74: tree pruning end, 1 roots, 0 extra nodes, 0 pruned nodes, max_depth=0
[2021-12-14 11:54:43,625] {sagemaker.py:609} INFO - [91]#011train-error:0#011validation-error:0
[2021-12-14 11:54:43,625] {sagemaker.py:609} INFO - [19:54:28] src/tree/updater_prune.cc:74: tree pruning end, 1 roots, 0 extra nodes, 0 pruned nodes, max_depth=0
[2021-12-14 11:54:43,625] {sagemaker.py:609} INFO - [92]#011train-error:0#011validation-error:0
[2021-12-14 11:54:43,626] {sagemaker.py:609} INFO - [19:54:28] src/tree/updater_prune.cc:74: tree pruning end, 1 roots, 0 extra nodes, 0 pruned nodes, max_depth=0
[2021-12-14 11:54:43,626] {sagemaker.py:609} INFO - [93]#011train-error:0#011validation-error:0
[2021-12-14 11:54:43,626] {sagemaker.py:609} INFO - [19:54:28] src/tree/updater_prune.cc:74: tree pruning end, 1 roots, 0 extra nodes, 0 pruned nodes, max_depth=0
[2021-12-14 11:54:43,627] {sagemaker.py:609} INFO - [94]#011train-error:0#011validation-error:0
[2021-12-14 11:54:43,627] {sagemaker.py:609} INFO - [19:54:28] src/tree/updater_prune.cc:74: tree pruning end, 1 roots, 0 extra nodes, 0 pruned nodes, max_depth=0
[2021-12-14 11:54:43,627] {sagemaker.py:609} INFO - [95]#011train-error:0#011validation-error:0
[2021-12-14 11:54:43,628] {sagemaker.py:609} INFO - [19:54:28] src/tree/updater_prune.cc:74: tree pruning end, 1 roots, 0 extra nodes, 0 pruned nodes, max_depth=0
[2021-12-14 11:54:43,628] {sagemaker.py:609} INFO - [96]#011train-error:0#011validation-error:0
[2021-12-14 11:54:43,628] {sagemaker.py:609} INFO - [19:54:28] src/tree/updater_prune.cc:74: tree pruning end, 1 roots, 0 extra nodes, 0 pruned nodes, max_depth=0
[2021-12-14 11:54:43,628] {sagemaker.py:609} INFO - [97]#011train-error:0#011validation-error:0
[2021-12-14 11:54:43,629] {sagemaker.py:609} INFO - [19:54:28] src/tree/updater_prune.cc:74: tree pruning end, 1 roots, 0 extra nodes, 0 pruned nodes, max_depth=0
[2021-12-14 11:54:43,629] {sagemaker.py:609} INFO - [98]#011train-error:0#011validation-error:0
[2021-12-14 11:54:43,629] {sagemaker.py:609} INFO - [19:54:28] src/tree/updater_prune.cc:74: tree pruning end, 1 roots, 0 extra nodes, 0 pruned nodes, max_depth=0
[2021-12-14 11:54:43,630] {sagemaker.py:609} INFO - [99]#011train-error:0#011validation-error:0
[2021-12-14 11:54:43,990] {sagemaker.py:626} INFO - 2021-12-14 19:54:41 Downloading - Downloading input data
2021-12-14 19:54:41 Training - Training image download completed. Training in progress.
2021-12-14 19:54:41 Uploading - Uploading generated training model
2021-12-14 19:54:41 Completed - Training job completed
[2021-12-14 11:55:44,449] {sagemaker.py:852} INFO - Billable seconds: 35
[2021-12-14 11:55:44,755] {taskinstance.py:1270} INFO - Marking task as SUCCESS. dag_id=mwaa-sm-customer-churn-dag, task_id=train, execution_date=20211214T195127, start_date=20211214T195139, end_date=20211214T195544
[2021-12-14 11:55:44,806] {local_task_job.py:154} INFO - Task exited with return code 0
[2021-12-14 11:55:44,839] {local_task_job.py:264} INFO - 1 downstream tasks scheduled from follow-on schedule check
