[2021-12-14 11:51:34,494] {taskinstance.py:1035} INFO - Dependencies all met for <TaskInstance: mwaa-sm-customer-churn-dag.process manual__2021-12-14T19:51:27.595361+00:00 [queued]>
[2021-12-14 11:51:34,504] {taskinstance.py:1035} INFO - Dependencies all met for <TaskInstance: mwaa-sm-customer-churn-dag.process manual__2021-12-14T19:51:27.595361+00:00 [queued]>
[2021-12-14 11:51:34,504] {taskinstance.py:1241} INFO - 
--------------------------------------------------------------------------------
[2021-12-14 11:51:34,504] {taskinstance.py:1242} INFO - Starting attempt 1 of 1
[2021-12-14 11:51:34,504] {taskinstance.py:1243} INFO - 
--------------------------------------------------------------------------------
[2021-12-14 11:51:34,514] {taskinstance.py:1262} INFO - Executing <Task(PythonOperator): process> on 2021-12-14 19:51:27.595361+00:00
[2021-12-14 11:51:34,518] {standard_task_runner.py:52} INFO - Started process 30505 to run task
[2021-12-14 11:51:34,527] {standard_task_runner.py:76} INFO - Running: ['airflow', 'tasks', 'run', 'mwaa-sm-customer-churn-dag', 'process', 'manual__2021-12-14T19:51:27.595361+00:00', '--job-id', '59', '--raw', '--subdir', 'DAGS_FOLDER/mwaa-customer-churn-dag.py', '--cfg-path', '/var/folders/m8/kcmtvg3x5639v8tv9jcxd6700000gn/T/tmprko73c_m', '--error-file', '/var/folders/m8/kcmtvg3x5639v8tv9jcxd6700000gn/T/tmpqw2kkkv5']
[2021-12-14 11:51:34,529] {standard_task_runner.py:77} INFO - Job 59: Subtask process
[2021-12-14 11:51:34,576] {logging_mixin.py:109} INFO - Running <TaskInstance: mwaa-sm-customer-churn-dag.process manual__2021-12-14T19:51:27.595361+00:00 [running]> on host Shimings-MacBook-Air.local
[2021-12-14 11:51:34,615] {taskinstance.py:1427} INFO - Exporting the following env vars:
AIRFLOW_CTX_DAG_OWNER=airflow
AIRFLOW_CTX_DAG_ID=mwaa-sm-customer-churn-dag
AIRFLOW_CTX_TASK_ID=process
AIRFLOW_CTX_EXECUTION_DATE=2021-12-14T19:51:27.595361+00:00
AIRFLOW_CTX_DAG_RUN_ID=manual__2021-12-14T19:51:27.595361+00:00
[2021-12-14 11:51:35,105] {python.py:152} INFO - Done. Returned value was: None
[2021-12-14 11:51:35,113] {taskinstance.py:1270} INFO - Marking task as SUCCESS. dag_id=mwaa-sm-customer-churn-dag, task_id=process, execution_date=20211214T195127, start_date=20211214T195134, end_date=20211214T195135
[2021-12-14 11:51:35,146] {local_task_job.py:154} INFO - Task exited with return code 0
[2021-12-14 11:51:35,179] {local_task_job.py:264} INFO - 1 downstream tasks scheduled from follow-on schedule check
