[2021-11-17 23:53:44,646] {taskinstance.py:1035} INFO - Dependencies all met for <TaskInstance: mwaa-sm-customer-churn-dag.train manual__2021-11-18T07:53:34.486770+00:00 [queued]>
[2021-11-17 23:53:44,658] {taskinstance.py:1035} INFO - Dependencies all met for <TaskInstance: mwaa-sm-customer-churn-dag.train manual__2021-11-18T07:53:34.486770+00:00 [queued]>
[2021-11-17 23:53:44,658] {taskinstance.py:1241} INFO - 
--------------------------------------------------------------------------------
[2021-11-17 23:53:44,658] {taskinstance.py:1242} INFO - Starting attempt 1 of 1
[2021-11-17 23:53:44,658] {taskinstance.py:1243} INFO - 
--------------------------------------------------------------------------------
[2021-11-17 23:53:44,668] {taskinstance.py:1262} INFO - Executing <Task(SageMakerTrainingOperator): train> on 2021-11-18 07:53:34.486770+00:00
[2021-11-17 23:53:44,673] {standard_task_runner.py:52} INFO - Started process 16406 to run task
[2021-11-17 23:53:44,688] {standard_task_runner.py:76} INFO - Running: ['airflow', 'tasks', 'run', 'mwaa-sm-customer-churn-dag', 'train', 'manual__2021-11-18T07:53:34.486770+00:00', '--job-id', '45', '--raw', '--subdir', 'DAGS_FOLDER/mwaa-customer-churn-dag.py', '--cfg-path', '/var/folders/m8/kcmtvg3x5639v8tv9jcxd6700000gn/T/tmpb9ivjtnv', '--error-file', '/var/folders/m8/kcmtvg3x5639v8tv9jcxd6700000gn/T/tmpf1bzsjh4']
[2021-11-17 23:53:44,690] {standard_task_runner.py:77} INFO - Job 45: Subtask train
[2021-11-17 23:53:44,739] {logging_mixin.py:109} INFO - Running <TaskInstance: mwaa-sm-customer-churn-dag.train manual__2021-11-18T07:53:34.486770+00:00 [running]> on host Shimings-MacBook-Air.local
[2021-11-17 23:53:44,806] {taskinstance.py:1427} INFO - Exporting the following env vars:
AIRFLOW_CTX_DAG_OWNER=airflow
AIRFLOW_CTX_DAG_ID=mwaa-sm-customer-churn-dag
AIRFLOW_CTX_TASK_ID=train
AIRFLOW_CTX_EXECUTION_DATE=2021-11-18T07:53:34.486770+00:00
AIRFLOW_CTX_DAG_RUN_ID=manual__2021-11-18T07:53:34.486770+00:00
[2021-11-17 23:53:44,808] {sagemaker_base.py:89} INFO - Preprocessing the config and doing required s3_operations
[2021-11-17 23:53:44,809] {sagemaker_base.py:95} INFO - After preprocessing the config is:
 {
    "AlgorithmSpecification": {
        "TrainingImage": "433757028032.dkr.ecr.us-west-2.amazonaws.com/xgboost:1",
        "TrainingInputMode": "File"
    },
    "HyperParameters": {
        "eta": "0.2",
        "gamma": "4",
        "max_depth": "5",
        "min_child_weight": "6",
        "num_round": "100",
        "objective": "binary:logistic",
        "subsample": "0.8"
    },
    "InputDataConfig": [
        {
            "ChannelName": "train",
            "ContentType": "text/csv",
            "DataSource": {
                "S3DataSource": {
                    "S3DataDistributionType": "FullyReplicated",
                    "S3DataType": "S3Prefix",
                    "S3Uri": "s3://shimingr-data/processed/train/"
                }
            }
        },
        {
            "ChannelName": "validation",
            "ContentType": "text/csv",
            "DataSource": {
                "S3DataSource": {
                    "S3DataDistributionType": "FullyReplicated",
                    "S3DataType": "S3Prefix",
                    "S3Uri": "s3://shimingr-data/processed/validation/"
                }
            }
        }
    ],
    "OutputDataConfig": {
        "S3OutputPath": "s3://shimingr-data/model/"
    },
    "ResourceConfig": {
        "InstanceCount": 1,
        "InstanceType": "ml.m5.4xlarge",
        "VolumeSizeInGB": 5
    },
    "RoleArn": "arn:aws:iam::846634201516:role/AmazonMWAA-SageMaker-Role",
    "StoppingCondition": {
        "MaxRuntimeInSeconds": 86400
    },
    "TrainingJobName": "mwaa-sm-training-job-14e1f26cbe3d4c63bbd443943a059522"
}
[2021-11-17 23:53:44,810] {base_aws.py:401} INFO - Airflow Connection: aws_conn_id=aws_default
[2021-11-17 23:53:44,818] {base_aws.py:177} INFO - Credentials retrieved from login
[2021-11-17 23:53:44,818] {base_aws.py:88} INFO - Retrieving region_name from Connection.extra_config['region_name']
[2021-11-17 23:53:44,819] {base_aws.py:90} INFO - Creating session with aws_access_key_id=AKIA4KH2UWGWPERNDCH5 region_name=us-west-2
[2021-11-17 23:53:44,836] {base_aws.py:168} INFO - role_arn is None
[2021-11-17 23:53:44,845] {logging_mixin.py:109} WARNING - /Users/shimingr/mlops/airflow/venv2/lib/python3.9/site-packages/airflow/providers/amazon/aws/hooks/base_aws.py:494 DeprecationWarning: client_type is deprecated. Set client_type from class attribute.
[2021-11-17 23:53:45,126] {sagemaker_training.py:101} INFO - Creating SageMaker training job mwaa-sm-training-job-14e1f26cbe3d4c63bbd443943a059522.
[2021-11-17 23:53:45,128] {base_aws.py:401} INFO - Airflow Connection: aws_conn_id=aws_default
[2021-11-17 23:53:45,133] {base_aws.py:177} INFO - Credentials retrieved from login
[2021-11-17 23:53:45,133] {base_aws.py:88} INFO - Retrieving region_name from Connection.extra_config['region_name']
[2021-11-17 23:53:45,134] {base_aws.py:90} INFO - Creating session with aws_access_key_id=AKIA4KH2UWGWPERNDCH5 region_name=us-west-2
[2021-11-17 23:53:45,148] {base_aws.py:168} INFO - role_arn is None
[2021-11-17 23:53:45,991] {sagemaker.py:790} INFO - 2021-11-18 07:53:45 Starting - Starting the training job
[2021-11-17 23:54:45,995] {base_aws.py:401} INFO - Airflow Connection: aws_conn_id=aws_default
[2021-11-17 23:54:46,002] {base_aws.py:177} INFO - Credentials retrieved from login
[2021-11-17 23:54:46,003] {base_aws.py:88} INFO - Retrieving region_name from Connection.extra_config['region_name']
[2021-11-17 23:54:46,004] {base_aws.py:90} INFO - Creating session with aws_access_key_id=AKIA4KH2UWGWPERNDCH5 region_name=us-west-2
[2021-11-17 23:54:46,022] {base_aws.py:168} INFO - role_arn is None
[2021-11-17 23:54:46,641] {sagemaker.py:626} INFO - 2021-11-18 07:53:47 Starting - Launching requested ML instances
[2021-11-17 23:55:47,208] {sagemaker.py:626} INFO - 2021-11-18 07:54:53 Starting - Preparing the instances for training
[2021-11-17 23:56:47,645] {sagemaker.py:609} INFO - Arguments: train
[2021-11-17 23:56:47,647] {sagemaker.py:609} INFO - [2021-11-18:07:56:32:INFO] Running standalone xgboost training.
[2021-11-17 23:56:47,647] {sagemaker.py:609} INFO - [2021-11-18:07:56:32:INFO] File size need to be processed in the node: 0.47mb. Available memory size in the node: 55376.8mb
[2021-11-17 23:56:47,648] {sagemaker.py:609} INFO - [2021-11-18:07:56:32:INFO] Determined delimiter of CSV input is ','
[2021-11-17 23:56:47,649] {sagemaker.py:609} INFO - [07:56:32] S3DistributionType set as FullyReplicated
[2021-11-17 23:56:47,650] {sagemaker.py:609} INFO - [07:56:32] 2107x69 matrix with 145383 entries loaded from /opt/ml/input/data/train?format=csv&label_column=0&delimiter=,
[2021-11-17 23:56:47,650] {sagemaker.py:609} INFO - [2021-11-18:07:56:32:INFO] Determined delimiter of CSV input is ','
[2021-11-17 23:56:47,651] {sagemaker.py:609} INFO - [07:56:32] S3DistributionType set as FullyReplicated
[2021-11-17 23:56:47,651] {sagemaker.py:609} INFO - [07:56:32] 892x69 matrix with 61548 entries loaded from /opt/ml/input/data/validation?format=csv&label_column=0&delimiter=,
[2021-11-17 23:56:47,652] {sagemaker.py:609} INFO - [07:56:32] src/tree/updater_prune.cc:74: tree pruning end, 1 roots, 0 extra nodes, 0 pruned nodes, max_depth=0
[2021-11-17 23:56:47,653] {sagemaker.py:609} INFO - [0]#011train-error:0#011validation-error:0
[2021-11-17 23:56:47,653] {sagemaker.py:609} INFO - [07:56:32] src/tree/updater_prune.cc:74: tree pruning end, 1 roots, 0 extra nodes, 0 pruned nodes, max_depth=0
[2021-11-17 23:56:47,654] {sagemaker.py:609} INFO - [1]#011train-error:0#011validation-error:0
[2021-11-17 23:56:47,655] {sagemaker.py:609} INFO - [07:56:32] src/tree/updater_prune.cc:74: tree pruning end, 1 roots, 0 extra nodes, 0 pruned nodes, max_depth=0
[2021-11-17 23:56:47,656] {sagemaker.py:609} INFO - [2]#011train-error:0#011validation-error:0
[2021-11-17 23:56:47,657] {sagemaker.py:609} INFO - [07:56:32] src/tree/updater_prune.cc:74: tree pruning end, 1 roots, 0 extra nodes, 0 pruned nodes, max_depth=0
[2021-11-17 23:56:47,658] {sagemaker.py:609} INFO - [3]#011train-error:0#011validation-error:0
[2021-11-17 23:56:47,659] {sagemaker.py:609} INFO - [07:56:32] src/tree/updater_prune.cc:74: tree pruning end, 1 roots, 0 extra nodes, 0 pruned nodes, max_depth=0
[2021-11-17 23:56:47,660] {sagemaker.py:609} INFO - [4]#011train-error:0#011validation-error:0
[2021-11-17 23:56:47,660] {sagemaker.py:609} INFO - [07:56:32] src/tree/updater_prune.cc:74: tree pruning end, 1 roots, 0 extra nodes, 0 pruned nodes, max_depth=0
[2021-11-17 23:56:47,660] {sagemaker.py:609} INFO - [5]#011train-error:0#011validation-error:0
[2021-11-17 23:56:47,661] {sagemaker.py:609} INFO - [07:56:32] src/tree/updater_prune.cc:74: tree pruning end, 1 roots, 0 extra nodes, 0 pruned nodes, max_depth=0
[2021-11-17 23:56:47,661] {sagemaker.py:609} INFO - [6]#011train-error:0#011validation-error:0
[2021-11-17 23:56:47,662] {sagemaker.py:609} INFO - [07:56:32] src/tree/updater_prune.cc:74: tree pruning end, 1 roots, 0 extra nodes, 0 pruned nodes, max_depth=0
[2021-11-17 23:56:47,662] {sagemaker.py:609} INFO - [7]#011train-error:0#011validation-error:0
[2021-11-17 23:56:47,663] {sagemaker.py:609} INFO - [07:56:32] src/tree/updater_prune.cc:74: tree pruning end, 1 roots, 0 extra nodes, 0 pruned nodes, max_depth=0
[2021-11-17 23:56:47,664] {sagemaker.py:609} INFO - [8]#011train-error:0#011validation-error:0
[2021-11-17 23:56:47,664] {sagemaker.py:609} INFO - [07:56:32] src/tree/updater_prune.cc:74: tree pruning end, 1 roots, 0 extra nodes, 0 pruned nodes, max_depth=0
[2021-11-17 23:56:47,665] {sagemaker.py:609} INFO - [9]#011train-error:0#011validation-error:0
[2021-11-17 23:56:47,666] {sagemaker.py:609} INFO - [07:56:32] src/tree/updater_prune.cc:74: tree pruning end, 1 roots, 0 extra nodes, 0 pruned nodes, max_depth=0
[2021-11-17 23:56:47,666] {sagemaker.py:609} INFO - [10]#011train-error:0#011validation-error:0
[2021-11-17 23:56:47,666] {sagemaker.py:609} INFO - [07:56:32] src/tree/updater_prune.cc:74: tree pruning end, 1 roots, 0 extra nodes, 0 pruned nodes, max_depth=0
[2021-11-17 23:56:47,667] {sagemaker.py:609} INFO - [11]#011train-error:0#011validation-error:0
[2021-11-17 23:56:47,667] {sagemaker.py:609} INFO - [07:56:32] src/tree/updater_prune.cc:74: tree pruning end, 1 roots, 0 extra nodes, 0 pruned nodes, max_depth=0
[2021-11-17 23:56:47,668] {sagemaker.py:609} INFO - [12]#011train-error:0#011validation-error:0
[2021-11-17 23:56:47,669] {sagemaker.py:609} INFO - [07:56:32] src/tree/updater_prune.cc:74: tree pruning end, 1 roots, 0 extra nodes, 0 pruned nodes, max_depth=0
[2021-11-17 23:56:47,670] {sagemaker.py:609} INFO - [13]#011train-error:0#011validation-error:0
[2021-11-17 23:56:47,670] {sagemaker.py:609} INFO - [07:56:32] src/tree/updater_prune.cc:74: tree pruning end, 1 roots, 0 extra nodes, 0 pruned nodes, max_depth=0
[2021-11-17 23:56:47,671] {sagemaker.py:609} INFO - [14]#011train-error:0#011validation-error:0
[2021-11-17 23:56:47,672] {sagemaker.py:609} INFO - [07:56:32] src/tree/updater_prune.cc:74: tree pruning end, 1 roots, 0 extra nodes, 0 pruned nodes, max_depth=0
[2021-11-17 23:56:47,673] {sagemaker.py:609} INFO - [15]#011train-error:0#011validation-error:0
[2021-11-17 23:56:47,673] {sagemaker.py:609} INFO - [07:56:32] src/tree/updater_prune.cc:74: tree pruning end, 1 roots, 0 extra nodes, 0 pruned nodes, max_depth=0
[2021-11-17 23:56:47,674] {sagemaker.py:609} INFO - [16]#011train-error:0#011validation-error:0
[2021-11-17 23:56:47,675] {sagemaker.py:609} INFO - [07:56:32] src/tree/updater_prune.cc:74: tree pruning end, 1 roots, 0 extra nodes, 0 pruned nodes, max_depth=0
[2021-11-17 23:56:47,676] {sagemaker.py:609} INFO - [17]#011train-error:0#011validation-error:0
[2021-11-17 23:56:47,677] {sagemaker.py:609} INFO - [07:56:32] src/tree/updater_prune.cc:74: tree pruning end, 1 roots, 0 extra nodes, 0 pruned nodes, max_depth=0
[2021-11-17 23:56:47,677] {sagemaker.py:609} INFO - [18]#011train-error:0#011validation-error:0
[2021-11-17 23:56:47,678] {sagemaker.py:609} INFO - [07:56:32] src/tree/updater_prune.cc:74: tree pruning end, 1 roots, 0 extra nodes, 0 pruned nodes, max_depth=0
[2021-11-17 23:56:47,678] {sagemaker.py:609} INFO - [19]#011train-error:0#011validation-error:0
[2021-11-17 23:56:47,679] {sagemaker.py:609} INFO - [07:56:32] src/tree/updater_prune.cc:74: tree pruning end, 1 roots, 0 extra nodes, 0 pruned nodes, max_depth=0
[2021-11-17 23:56:47,680] {sagemaker.py:609} INFO - [20]#011train-error:0#011validation-error:0
[2021-11-17 23:56:47,681] {sagemaker.py:609} INFO - [07:56:32] src/tree/updater_prune.cc:74: tree pruning end, 1 roots, 0 extra nodes, 0 pruned nodes, max_depth=0
[2021-11-17 23:56:47,681] {sagemaker.py:609} INFO - [21]#011train-error:0#011validation-error:0
[2021-11-17 23:56:47,682] {sagemaker.py:609} INFO - [07:56:32] src/tree/updater_prune.cc:74: tree pruning end, 1 roots, 0 extra nodes, 0 pruned nodes, max_depth=0
[2021-11-17 23:56:47,683] {sagemaker.py:609} INFO - [22]#011train-error:0#011validation-error:0
[2021-11-17 23:56:47,683] {sagemaker.py:609} INFO - [07:56:32] src/tree/updater_prune.cc:74: tree pruning end, 1 roots, 0 extra nodes, 0 pruned nodes, max_depth=0
[2021-11-17 23:56:47,684] {sagemaker.py:609} INFO - [23]#011train-error:0#011validation-error:0
[2021-11-17 23:56:47,684] {sagemaker.py:609} INFO - [07:56:32] src/tree/updater_prune.cc:74: tree pruning end, 1 roots, 0 extra nodes, 0 pruned nodes, max_depth=0
[2021-11-17 23:56:47,685] {sagemaker.py:609} INFO - [24]#011train-error:0#011validation-error:0
[2021-11-17 23:56:47,686] {sagemaker.py:609} INFO - [07:56:32] src/tree/updater_prune.cc:74: tree pruning end, 1 roots, 0 extra nodes, 0 pruned nodes, max_depth=0
[2021-11-17 23:56:47,686] {sagemaker.py:609} INFO - [25]#011train-error:0#011validation-error:0
[2021-11-17 23:56:47,687] {sagemaker.py:609} INFO - [07:56:32] src/tree/updater_prune.cc:74: tree pruning end, 1 roots, 0 extra nodes, 0 pruned nodes, max_depth=0
[2021-11-17 23:56:47,688] {sagemaker.py:609} INFO - [26]#011train-error:0#011validation-error:0
[2021-11-17 23:56:47,689] {sagemaker.py:609} INFO - [07:56:32] src/tree/updater_prune.cc:74: tree pruning end, 1 roots, 0 extra nodes, 0 pruned nodes, max_depth=0
[2021-11-17 23:56:47,689] {sagemaker.py:609} INFO - [27]#011train-error:0#011validation-error:0
[2021-11-17 23:56:47,690] {sagemaker.py:609} INFO - [07:56:32] src/tree/updater_prune.cc:74: tree pruning end, 1 roots, 0 extra nodes, 0 pruned nodes, max_depth=0
[2021-11-17 23:56:47,691] {sagemaker.py:609} INFO - [28]#011train-error:0#011validation-error:0
[2021-11-17 23:56:47,691] {sagemaker.py:609} INFO - [07:56:32] src/tree/updater_prune.cc:74: tree pruning end, 1 roots, 0 extra nodes, 0 pruned nodes, max_depth=0
[2021-11-17 23:56:47,692] {sagemaker.py:609} INFO - [29]#011train-error:0#011validation-error:0
[2021-11-17 23:56:47,692] {sagemaker.py:609} INFO - [07:56:32] src/tree/updater_prune.cc:74: tree pruning end, 1 roots, 0 extra nodes, 0 pruned nodes, max_depth=0
[2021-11-17 23:56:47,693] {sagemaker.py:609} INFO - [30]#011train-error:0#011validation-error:0
[2021-11-17 23:56:47,694] {sagemaker.py:609} INFO - [07:56:32] src/tree/updater_prune.cc:74: tree pruning end, 1 roots, 0 extra nodes, 0 pruned nodes, max_depth=0
[2021-11-17 23:56:47,694] {sagemaker.py:609} INFO - [31]#011train-error:0#011validation-error:0
[2021-11-17 23:56:47,695] {sagemaker.py:609} INFO - [07:56:32] src/tree/updater_prune.cc:74: tree pruning end, 1 roots, 0 extra nodes, 0 pruned nodes, max_depth=0
[2021-11-17 23:56:47,695] {sagemaker.py:609} INFO - [32]#011train-error:0#011validation-error:0
[2021-11-17 23:56:47,696] {sagemaker.py:609} INFO - [07:56:32] src/tree/updater_prune.cc:74: tree pruning end, 1 roots, 0 extra nodes, 0 pruned nodes, max_depth=0
[2021-11-17 23:56:47,696] {sagemaker.py:609} INFO - [33]#011train-error:0#011validation-error:0
[2021-11-17 23:56:47,696] {sagemaker.py:609} INFO - [07:56:32] src/tree/updater_prune.cc:74: tree pruning end, 1 roots, 0 extra nodes, 0 pruned nodes, max_depth=0
[2021-11-17 23:56:47,697] {sagemaker.py:609} INFO - [34]#011train-error:0#011validation-error:0
[2021-11-17 23:56:47,698] {sagemaker.py:609} INFO - [07:56:32] src/tree/updater_prune.cc:74: tree pruning end, 1 roots, 0 extra nodes, 0 pruned nodes, max_depth=0
[2021-11-17 23:56:47,698] {sagemaker.py:609} INFO - [35]#011train-error:0#011validation-error:0
[2021-11-17 23:56:47,698] {sagemaker.py:609} INFO - [07:56:32] src/tree/updater_prune.cc:74: tree pruning end, 1 roots, 0 extra nodes, 0 pruned nodes, max_depth=0
[2021-11-17 23:56:47,699] {sagemaker.py:609} INFO - [36]#011train-error:0#011validation-error:0
[2021-11-17 23:56:47,700] {sagemaker.py:609} INFO - [07:56:32] src/tree/updater_prune.cc:74: tree pruning end, 1 roots, 0 extra nodes, 0 pruned nodes, max_depth=0
[2021-11-17 23:56:47,701] {sagemaker.py:609} INFO - [37]#011train-error:0#011validation-error:0
[2021-11-17 23:56:47,701] {sagemaker.py:609} INFO - [07:56:32] src/tree/updater_prune.cc:74: tree pruning end, 1 roots, 0 extra nodes, 0 pruned nodes, max_depth=0
[2021-11-17 23:56:47,702] {sagemaker.py:609} INFO - [38]#011train-error:0#011validation-error:0
[2021-11-17 23:56:47,703] {sagemaker.py:609} INFO - [07:56:32] src/tree/updater_prune.cc:74: tree pruning end, 1 roots, 0 extra nodes, 0 pruned nodes, max_depth=0
[2021-11-17 23:56:47,704] {sagemaker.py:609} INFO - [39]#011train-error:0#011validation-error:0
[2021-11-17 23:56:47,704] {sagemaker.py:609} INFO - [07:56:32] src/tree/updater_prune.cc:74: tree pruning end, 1 roots, 0 extra nodes, 0 pruned nodes, max_depth=0
[2021-11-17 23:56:47,705] {sagemaker.py:609} INFO - [40]#011train-error:0#011validation-error:0
[2021-11-17 23:56:47,706] {sagemaker.py:609} INFO - [07:56:32] src/tree/updater_prune.cc:74: tree pruning end, 1 roots, 0 extra nodes, 0 pruned nodes, max_depth=0
[2021-11-17 23:56:47,707] {sagemaker.py:609} INFO - [41]#011train-error:0#011validation-error:0
[2021-11-17 23:56:47,707] {sagemaker.py:609} INFO - [07:56:32] src/tree/updater_prune.cc:74: tree pruning end, 1 roots, 0 extra nodes, 0 pruned nodes, max_depth=0
[2021-11-17 23:56:47,708] {sagemaker.py:609} INFO - [42]#011train-error:0#011validation-error:0
[2021-11-17 23:56:47,708] {sagemaker.py:609} INFO - [07:56:32] src/tree/updater_prune.cc:74: tree pruning end, 1 roots, 0 extra nodes, 0 pruned nodes, max_depth=0
[2021-11-17 23:56:47,709] {sagemaker.py:609} INFO - [43]#011train-error:0#011validation-error:0
[2021-11-17 23:56:47,710] {sagemaker.py:609} INFO - [07:56:32] src/tree/updater_prune.cc:74: tree pruning end, 1 roots, 0 extra nodes, 0 pruned nodes, max_depth=0
[2021-11-17 23:56:47,710] {sagemaker.py:609} INFO - [44]#011train-error:0#011validation-error:0
[2021-11-17 23:56:47,711] {sagemaker.py:609} INFO - [07:56:32] src/tree/updater_prune.cc:74: tree pruning end, 1 roots, 0 extra nodes, 0 pruned nodes, max_depth=0
[2021-11-17 23:56:47,711] {sagemaker.py:609} INFO - [45]#011train-error:0#011validation-error:0
[2021-11-17 23:56:47,711] {sagemaker.py:609} INFO - [07:56:32] src/tree/updater_prune.cc:74: tree pruning end, 1 roots, 0 extra nodes, 0 pruned nodes, max_depth=0
[2021-11-17 23:56:47,712] {sagemaker.py:609} INFO - [46]#011train-error:0#011validation-error:0
[2021-11-17 23:56:47,712] {sagemaker.py:609} INFO - [07:56:32] src/tree/updater_prune.cc:74: tree pruning end, 1 roots, 0 extra nodes, 0 pruned nodes, max_depth=0
[2021-11-17 23:56:47,713] {sagemaker.py:609} INFO - [47]#011train-error:0#011validation-error:0
[2021-11-17 23:56:47,713] {sagemaker.py:609} INFO - [07:56:32] src/tree/updater_prune.cc:74: tree pruning end, 1 roots, 0 extra nodes, 0 pruned nodes, max_depth=0
[2021-11-17 23:56:47,713] {sagemaker.py:609} INFO - [48]#011train-error:0#011validation-error:0
[2021-11-17 23:56:47,714] {sagemaker.py:609} INFO - [07:56:32] src/tree/updater_prune.cc:74: tree pruning end, 1 roots, 0 extra nodes, 0 pruned nodes, max_depth=0
[2021-11-17 23:56:47,715] {sagemaker.py:609} INFO - [49]#011train-error:0#011validation-error:0
[2021-11-17 23:56:47,715] {sagemaker.py:609} INFO - [07:56:32] src/tree/updater_prune.cc:74: tree pruning end, 1 roots, 0 extra nodes, 0 pruned nodes, max_depth=0
[2021-11-17 23:56:47,716] {sagemaker.py:609} INFO - [50]#011train-error:0#011validation-error:0
[2021-11-17 23:56:47,716] {sagemaker.py:609} INFO - [07:56:32] src/tree/updater_prune.cc:74: tree pruning end, 1 roots, 0 extra nodes, 0 pruned nodes, max_depth=0
[2021-11-17 23:56:47,717] {sagemaker.py:609} INFO - [51]#011train-error:0#011validation-error:0
[2021-11-17 23:56:47,718] {sagemaker.py:609} INFO - [07:56:32] src/tree/updater_prune.cc:74: tree pruning end, 1 roots, 0 extra nodes, 0 pruned nodes, max_depth=0
[2021-11-17 23:56:47,719] {sagemaker.py:609} INFO - [52]#011train-error:0#011validation-error:0
[2021-11-17 23:56:47,719] {sagemaker.py:609} INFO - [07:56:32] src/tree/updater_prune.cc:74: tree pruning end, 1 roots, 0 extra nodes, 0 pruned nodes, max_depth=0
[2021-11-17 23:56:47,720] {sagemaker.py:609} INFO - [53]#011train-error:0#011validation-error:0
[2021-11-17 23:56:47,720] {sagemaker.py:609} INFO - [07:56:32] src/tree/updater_prune.cc:74: tree pruning end, 1 roots, 0 extra nodes, 0 pruned nodes, max_depth=0
[2021-11-17 23:56:47,721] {sagemaker.py:609} INFO - [54]#011train-error:0#011validation-error:0
[2021-11-17 23:56:47,722] {sagemaker.py:609} INFO - [07:56:32] src/tree/updater_prune.cc:74: tree pruning end, 1 roots, 0 extra nodes, 0 pruned nodes, max_depth=0
[2021-11-17 23:56:47,723] {sagemaker.py:609} INFO - [55]#011train-error:0#011validation-error:0
[2021-11-17 23:56:47,724] {sagemaker.py:609} INFO - [07:56:32] src/tree/updater_prune.cc:74: tree pruning end, 1 roots, 0 extra nodes, 0 pruned nodes, max_depth=0
[2021-11-17 23:56:47,725] {sagemaker.py:609} INFO - [56]#011train-error:0#011validation-error:0
[2021-11-17 23:56:47,726] {sagemaker.py:609} INFO - [07:56:32] src/tree/updater_prune.cc:74: tree pruning end, 1 roots, 0 extra nodes, 0 pruned nodes, max_depth=0
[2021-11-17 23:56:47,727] {sagemaker.py:609} INFO - [57]#011train-error:0#011validation-error:0
[2021-11-17 23:56:47,728] {sagemaker.py:609} INFO - [07:56:32] src/tree/updater_prune.cc:74: tree pruning end, 1 roots, 0 extra nodes, 0 pruned nodes, max_depth=0
[2021-11-17 23:56:47,728] {sagemaker.py:609} INFO - [58]#011train-error:0#011validation-error:0
[2021-11-17 23:56:47,728] {sagemaker.py:609} INFO - [07:56:32] src/tree/updater_prune.cc:74: tree pruning end, 1 roots, 0 extra nodes, 0 pruned nodes, max_depth=0
[2021-11-17 23:56:47,729] {sagemaker.py:609} INFO - [59]#011train-error:0#011validation-error:0
[2021-11-17 23:56:47,729] {sagemaker.py:609} INFO - [07:56:32] src/tree/updater_prune.cc:74: tree pruning end, 1 roots, 0 extra nodes, 0 pruned nodes, max_depth=0
[2021-11-17 23:56:47,730] {sagemaker.py:609} INFO - [60]#011train-error:0#011validation-error:0
[2021-11-17 23:56:47,731] {sagemaker.py:609} INFO - [07:56:32] src/tree/updater_prune.cc:74: tree pruning end, 1 roots, 0 extra nodes, 0 pruned nodes, max_depth=0
[2021-11-17 23:56:47,731] {sagemaker.py:609} INFO - [61]#011train-error:0#011validation-error:0
[2021-11-17 23:56:47,732] {sagemaker.py:609} INFO - [07:56:32] src/tree/updater_prune.cc:74: tree pruning end, 1 roots, 0 extra nodes, 0 pruned nodes, max_depth=0
[2021-11-17 23:56:47,732] {sagemaker.py:609} INFO - [62]#011train-error:0#011validation-error:0
[2021-11-17 23:56:47,733] {sagemaker.py:609} INFO - [07:56:32] src/tree/updater_prune.cc:74: tree pruning end, 1 roots, 0 extra nodes, 0 pruned nodes, max_depth=0
[2021-11-17 23:56:47,734] {sagemaker.py:609} INFO - [63]#011train-error:0#011validation-error:0
[2021-11-17 23:56:47,734] {sagemaker.py:609} INFO - [07:56:32] src/tree/updater_prune.cc:74: tree pruning end, 1 roots, 0 extra nodes, 0 pruned nodes, max_depth=0
[2021-11-17 23:56:47,735] {sagemaker.py:609} INFO - [64]#011train-error:0#011validation-error:0
[2021-11-17 23:56:47,735] {sagemaker.py:609} INFO - [07:56:32] src/tree/updater_prune.cc:74: tree pruning end, 1 roots, 0 extra nodes, 0 pruned nodes, max_depth=0
[2021-11-17 23:56:47,735] {sagemaker.py:609} INFO - [65]#011train-error:0#011validation-error:0
[2021-11-17 23:56:47,736] {sagemaker.py:609} INFO - [07:56:32] src/tree/updater_prune.cc:74: tree pruning end, 1 roots, 0 extra nodes, 0 pruned nodes, max_depth=0
[2021-11-17 23:56:47,736] {sagemaker.py:609} INFO - [66]#011train-error:0#011validation-error:0
[2021-11-17 23:56:47,737] {sagemaker.py:609} INFO - [07:56:32] src/tree/updater_prune.cc:74: tree pruning end, 1 roots, 0 extra nodes, 0 pruned nodes, max_depth=0
[2021-11-17 23:56:47,738] {sagemaker.py:609} INFO - [67]#011train-error:0#011validation-error:0
[2021-11-17 23:56:47,738] {sagemaker.py:609} INFO - [07:56:32] src/tree/updater_prune.cc:74: tree pruning end, 1 roots, 0 extra nodes, 0 pruned nodes, max_depth=0
[2021-11-17 23:56:47,739] {sagemaker.py:609} INFO - [68]#011train-error:0#011validation-error:0
[2021-11-17 23:56:47,739] {sagemaker.py:609} INFO - [07:56:32] src/tree/updater_prune.cc:74: tree pruning end, 1 roots, 0 extra nodes, 0 pruned nodes, max_depth=0
[2021-11-17 23:56:47,739] {sagemaker.py:609} INFO - [69]#011train-error:0#011validation-error:0
[2021-11-17 23:56:47,740] {sagemaker.py:609} INFO - [07:56:32] src/tree/updater_prune.cc:74: tree pruning end, 1 roots, 0 extra nodes, 0 pruned nodes, max_depth=0
[2021-11-17 23:56:47,741] {sagemaker.py:609} INFO - [70]#011train-error:0#011validation-error:0
[2021-11-17 23:56:47,742] {sagemaker.py:609} INFO - [07:56:32] src/tree/updater_prune.cc:74: tree pruning end, 1 roots, 0 extra nodes, 0 pruned nodes, max_depth=0
[2021-11-17 23:56:47,742] {sagemaker.py:609} INFO - [71]#011train-error:0#011validation-error:0
[2021-11-17 23:56:47,742] {sagemaker.py:609} INFO - [07:56:32] src/tree/updater_prune.cc:74: tree pruning end, 1 roots, 0 extra nodes, 0 pruned nodes, max_depth=0
[2021-11-17 23:56:47,743] {sagemaker.py:609} INFO - [72]#011train-error:0#011validation-error:0
[2021-11-17 23:56:47,744] {sagemaker.py:609} INFO - [07:56:32] src/tree/updater_prune.cc:74: tree pruning end, 1 roots, 0 extra nodes, 0 pruned nodes, max_depth=0
[2021-11-17 23:56:47,744] {sagemaker.py:609} INFO - [73]#011train-error:0#011validation-error:0
[2021-11-17 23:56:47,744] {sagemaker.py:609} INFO - [07:56:32] src/tree/updater_prune.cc:74: tree pruning end, 1 roots, 0 extra nodes, 0 pruned nodes, max_depth=0
[2021-11-17 23:56:47,745] {sagemaker.py:609} INFO - [74]#011train-error:0#011validation-error:0
[2021-11-17 23:56:47,745] {sagemaker.py:609} INFO - [07:56:32] src/tree/updater_prune.cc:74: tree pruning end, 1 roots, 0 extra nodes, 0 pruned nodes, max_depth=0
[2021-11-17 23:56:47,746] {sagemaker.py:609} INFO - [75]#011train-error:0#011validation-error:0
[2021-11-17 23:56:47,746] {sagemaker.py:609} INFO - [07:56:32] src/tree/updater_prune.cc:74: tree pruning end, 1 roots, 0 extra nodes, 0 pruned nodes, max_depth=0
[2021-11-17 23:56:47,746] {sagemaker.py:609} INFO - [76]#011train-error:0#011validation-error:0
[2021-11-17 23:56:47,747] {sagemaker.py:609} INFO - [07:56:32] src/tree/updater_prune.cc:74: tree pruning end, 1 roots, 0 extra nodes, 0 pruned nodes, max_depth=0
[2021-11-17 23:56:47,747] {sagemaker.py:609} INFO - [77]#011train-error:0#011validation-error:0
[2021-11-17 23:56:47,747] {sagemaker.py:609} INFO - [07:56:32] src/tree/updater_prune.cc:74: tree pruning end, 1 roots, 0 extra nodes, 0 pruned nodes, max_depth=0
[2021-11-17 23:56:47,748] {sagemaker.py:609} INFO - [78]#011train-error:0#011validation-error:0
[2021-11-17 23:56:47,748] {sagemaker.py:609} INFO - [07:56:32] src/tree/updater_prune.cc:74: tree pruning end, 1 roots, 0 extra nodes, 0 pruned nodes, max_depth=0
[2021-11-17 23:56:47,749] {sagemaker.py:609} INFO - [79]#011train-error:0#011validation-error:0
[2021-11-17 23:56:47,749] {sagemaker.py:609} INFO - [07:56:32] src/tree/updater_prune.cc:74: tree pruning end, 1 roots, 0 extra nodes, 0 pruned nodes, max_depth=0
[2021-11-17 23:56:47,750] {sagemaker.py:609} INFO - [80]#011train-error:0#011validation-error:0
[2021-11-17 23:56:47,750] {sagemaker.py:609} INFO - [07:56:32] src/tree/updater_prune.cc:74: tree pruning end, 1 roots, 0 extra nodes, 0 pruned nodes, max_depth=0
[2021-11-17 23:56:47,750] {sagemaker.py:609} INFO - [81]#011train-error:0#011validation-error:0
[2021-11-17 23:56:47,751] {sagemaker.py:609} INFO - [07:56:32] src/tree/updater_prune.cc:74: tree pruning end, 1 roots, 0 extra nodes, 0 pruned nodes, max_depth=0
[2021-11-17 23:56:47,751] {sagemaker.py:609} INFO - [82]#011train-error:0#011validation-error:0
[2021-11-17 23:56:47,752] {sagemaker.py:609} INFO - [07:56:32] src/tree/updater_prune.cc:74: tree pruning end, 1 roots, 0 extra nodes, 0 pruned nodes, max_depth=0
[2021-11-17 23:56:47,752] {sagemaker.py:609} INFO - [83]#011train-error:0#011validation-error:0
[2021-11-17 23:56:47,752] {sagemaker.py:609} INFO - [07:56:32] src/tree/updater_prune.cc:74: tree pruning end, 1 roots, 0 extra nodes, 0 pruned nodes, max_depth=0
[2021-11-17 23:56:47,753] {sagemaker.py:609} INFO - [84]#011train-error:0#011validation-error:0
[2021-11-17 23:56:47,753] {sagemaker.py:609} INFO - [07:56:32] src/tree/updater_prune.cc:74: tree pruning end, 1 roots, 0 extra nodes, 0 pruned nodes, max_depth=0
[2021-11-17 23:56:47,754] {sagemaker.py:609} INFO - [85]#011train-error:0#011validation-error:0
[2021-11-17 23:56:47,754] {sagemaker.py:609} INFO - [07:56:32] src/tree/updater_prune.cc:74: tree pruning end, 1 roots, 0 extra nodes, 0 pruned nodes, max_depth=0
[2021-11-17 23:56:47,754] {sagemaker.py:609} INFO - [86]#011train-error:0#011validation-error:0
[2021-11-17 23:56:47,755] {sagemaker.py:609} INFO - [07:56:32] src/tree/updater_prune.cc:74: tree pruning end, 1 roots, 0 extra nodes, 0 pruned nodes, max_depth=0
[2021-11-17 23:56:47,755] {sagemaker.py:609} INFO - [87]#011train-error:0#011validation-error:0
[2021-11-17 23:56:47,756] {sagemaker.py:609} INFO - [07:56:32] src/tree/updater_prune.cc:74: tree pruning end, 1 roots, 0 extra nodes, 0 pruned nodes, max_depth=0
[2021-11-17 23:56:47,756] {sagemaker.py:609} INFO - [88]#011train-error:0#011validation-error:0
[2021-11-17 23:56:47,756] {sagemaker.py:609} INFO - [07:56:32] src/tree/updater_prune.cc:74: tree pruning end, 1 roots, 0 extra nodes, 0 pruned nodes, max_depth=0
[2021-11-17 23:56:47,757] {sagemaker.py:609} INFO - [89]#011train-error:0#011validation-error:0
[2021-11-17 23:56:47,757] {sagemaker.py:609} INFO - [07:56:32] src/tree/updater_prune.cc:74: tree pruning end, 1 roots, 0 extra nodes, 0 pruned nodes, max_depth=0
[2021-11-17 23:56:47,758] {sagemaker.py:609} INFO - [90]#011train-error:0#011validation-error:0
[2021-11-17 23:56:47,758] {sagemaker.py:609} INFO - [07:56:32] src/tree/updater_prune.cc:74: tree pruning end, 1 roots, 0 extra nodes, 0 pruned nodes, max_depth=0
[2021-11-17 23:56:47,759] {sagemaker.py:609} INFO - [91]#011train-error:0#011validation-error:0
[2021-11-17 23:56:47,759] {sagemaker.py:609} INFO - [07:56:32] src/tree/updater_prune.cc:74: tree pruning end, 1 roots, 0 extra nodes, 0 pruned nodes, max_depth=0
[2021-11-17 23:56:47,760] {sagemaker.py:609} INFO - [92]#011train-error:0#011validation-error:0
[2021-11-17 23:56:47,761] {sagemaker.py:609} INFO - [07:56:32] src/tree/updater_prune.cc:74: tree pruning end, 1 roots, 0 extra nodes, 0 pruned nodes, max_depth=0
[2021-11-17 23:56:47,761] {sagemaker.py:609} INFO - [93]#011train-error:0#011validation-error:0
[2021-11-17 23:56:47,762] {sagemaker.py:609} INFO - [07:56:32] src/tree/updater_prune.cc:74: tree pruning end, 1 roots, 0 extra nodes, 0 pruned nodes, max_depth=0
[2021-11-17 23:56:47,762] {sagemaker.py:609} INFO - [94]#011train-error:0#011validation-error:0
[2021-11-17 23:56:47,762] {sagemaker.py:609} INFO - [07:56:32] src/tree/updater_prune.cc:74: tree pruning end, 1 roots, 0 extra nodes, 0 pruned nodes, max_depth=0
[2021-11-17 23:56:47,763] {sagemaker.py:609} INFO - [95]#011train-error:0#011validation-error:0
[2021-11-17 23:56:47,763] {sagemaker.py:609} INFO - [07:56:32] src/tree/updater_prune.cc:74: tree pruning end, 1 roots, 0 extra nodes, 0 pruned nodes, max_depth=0
[2021-11-17 23:56:47,763] {sagemaker.py:609} INFO - [96]#011train-error:0#011validation-error:0
[2021-11-17 23:56:47,764] {sagemaker.py:609} INFO - [07:56:32] src/tree/updater_prune.cc:74: tree pruning end, 1 roots, 0 extra nodes, 0 pruned nodes, max_depth=0
[2021-11-17 23:56:47,765] {sagemaker.py:609} INFO - [97]#011train-error:0#011validation-error:0
[2021-11-17 23:56:47,765] {sagemaker.py:609} INFO - [07:56:32] src/tree/updater_prune.cc:74: tree pruning end, 1 roots, 0 extra nodes, 0 pruned nodes, max_depth=0
[2021-11-17 23:56:47,766] {sagemaker.py:609} INFO - [98]#011train-error:0#011validation-error:0
[2021-11-17 23:56:47,766] {sagemaker.py:609} INFO - [07:56:32] src/tree/updater_prune.cc:74: tree pruning end, 1 roots, 0 extra nodes, 0 pruned nodes, max_depth=0
[2021-11-17 23:56:47,766] {sagemaker.py:609} INFO - [99]#011train-error:0#011validation-error:0
[2021-11-17 23:56:48,109] {sagemaker.py:626} INFO - 2021-11-18 07:56:44 Downloading - Downloading input data
2021-11-18 07:56:44 Training - Training image download completed. Training in progress.
2021-11-18 07:56:44 Uploading - Uploading generated training model
2021-11-18 07:56:44 Completed - Training job completed
[2021-11-17 23:57:48,520] {sagemaker.py:852} INFO - Billable seconds: 34
[2021-11-17 23:57:48,816] {taskinstance.py:1270} INFO - Marking task as SUCCESS. dag_id=mwaa-sm-customer-churn-dag, task_id=train, execution_date=20211118T075334, start_date=20211118T075344, end_date=20211118T075748
[2021-11-17 23:57:48,875] {local_task_job.py:154} INFO - Task exited with return code 0
[2021-11-17 23:57:48,908] {local_task_job.py:264} INFO - 1 downstream tasks scheduled from follow-on schedule check
