[2021-11-17 20:35:20,779] {processor.py:163} INFO - Started process (PID=11251) to work on /Users/shimingr/Desktop/mlops/airflow/venv/lib/python3.9/site-packages/airflow/example_dags/example_subdag_operator.py
[2021-11-17 20:35:20,780] {processor.py:625} INFO - Processing file /Users/shimingr/Desktop/mlops/airflow/venv/lib/python3.9/site-packages/airflow/example_dags/example_subdag_operator.py for tasks to queue
[2021-11-17 20:35:20,780] {logging_mixin.py:109} INFO - [2021-11-17 20:35:20,780] {dagbag.py:500} INFO - Filling up the DagBag from /Users/shimingr/Desktop/mlops/airflow/venv/lib/python3.9/site-packages/airflow/example_dags/example_subdag_operator.py
[2021-11-17 20:35:20,832] {processor.py:637} INFO - DAG(s) dict_keys(['example_subdag_operator.section-1', 'example_subdag_operator.section-2', 'example_subdag_operator']) retrieved from /Users/shimingr/Desktop/mlops/airflow/venv/lib/python3.9/site-packages/airflow/example_dags/example_subdag_operator.py
[2021-11-17 20:35:20,853] {logging_mixin.py:109} INFO - [2021-11-17 20:35:20,852] {dag.py:2396} INFO - Sync 3 DAGs
[2021-11-17 20:35:20,862] {logging_mixin.py:109} INFO - [2021-11-17 20:35:20,862] {dag.py:2928} INFO - Setting next_dagrun for example_subdag_operator to 2021-11-16T00:00:00+00:00
[2021-11-17 20:35:20,862] {logging_mixin.py:109} INFO - [2021-11-17 20:35:20,862] {dag.py:2928} INFO - Setting next_dagrun for example_subdag_operator.section-1 to None
[2021-11-17 20:35:20,863] {logging_mixin.py:109} INFO - [2021-11-17 20:35:20,863] {dag.py:2928} INFO - Setting next_dagrun for example_subdag_operator.section-2 to None
[2021-11-17 20:35:20,866] {logging_mixin.py:109} INFO - [2021-11-17 20:35:20,866] {dag.py:2396} INFO - Sync 2 DAGs
[2021-11-17 20:35:20,873] {logging_mixin.py:109} INFO - [2021-11-17 20:35:20,873] {dag.py:2928} INFO - Setting next_dagrun for example_subdag_operator.section-1 to None
[2021-11-17 20:35:20,874] {logging_mixin.py:109} INFO - [2021-11-17 20:35:20,874] {dag.py:2928} INFO - Setting next_dagrun for example_subdag_operator.section-2 to None
[2021-11-17 20:35:20,881] {processor.py:171} INFO - Processing /Users/shimingr/Desktop/mlops/airflow/venv/lib/python3.9/site-packages/airflow/example_dags/example_subdag_operator.py took 0.103 seconds
[2021-11-17 20:37:33,117] {processor.py:163} INFO - Started process (PID=11391) to work on /Users/shimingr/Desktop/mlops/airflow/venv/lib/python3.9/site-packages/airflow/example_dags/example_subdag_operator.py
[2021-11-17 20:37:33,119] {processor.py:625} INFO - Processing file /Users/shimingr/Desktop/mlops/airflow/venv/lib/python3.9/site-packages/airflow/example_dags/example_subdag_operator.py for tasks to queue
[2021-11-17 20:37:33,120] {logging_mixin.py:109} INFO - [2021-11-17 20:37:33,120] {dagbag.py:500} INFO - Filling up the DagBag from /Users/shimingr/Desktop/mlops/airflow/venv/lib/python3.9/site-packages/airflow/example_dags/example_subdag_operator.py
[2021-11-17 20:37:33,173] {processor.py:637} INFO - DAG(s) dict_keys(['example_subdag_operator.section-1', 'example_subdag_operator.section-2', 'example_subdag_operator']) retrieved from /Users/shimingr/Desktop/mlops/airflow/venv/lib/python3.9/site-packages/airflow/example_dags/example_subdag_operator.py
[2021-11-17 20:37:33,199] {logging_mixin.py:109} INFO - [2021-11-17 20:37:33,199] {dag.py:2396} INFO - Sync 3 DAGs
[2021-11-17 20:37:33,217] {logging_mixin.py:109} INFO - [2021-11-17 20:37:33,217] {dag.py:2928} INFO - Setting next_dagrun for example_subdag_operator to 2021-11-16T00:00:00+00:00
[2021-11-17 20:37:33,217] {logging_mixin.py:109} INFO - [2021-11-17 20:37:33,217] {dag.py:2928} INFO - Setting next_dagrun for example_subdag_operator.section-1 to None
[2021-11-17 20:37:33,218] {logging_mixin.py:109} INFO - [2021-11-17 20:37:33,218] {dag.py:2928} INFO - Setting next_dagrun for example_subdag_operator.section-2 to None
[2021-11-17 20:37:33,224] {logging_mixin.py:109} INFO - [2021-11-17 20:37:33,224] {dag.py:2396} INFO - Sync 2 DAGs
[2021-11-17 20:37:33,234] {logging_mixin.py:109} INFO - [2021-11-17 20:37:33,234] {dag.py:2928} INFO - Setting next_dagrun for example_subdag_operator.section-1 to None
[2021-11-17 20:37:33,235] {logging_mixin.py:109} INFO - [2021-11-17 20:37:33,235] {dag.py:2928} INFO - Setting next_dagrun for example_subdag_operator.section-2 to None
[2021-11-17 20:37:33,243] {processor.py:171} INFO - Processing /Users/shimingr/Desktop/mlops/airflow/venv/lib/python3.9/site-packages/airflow/example_dags/example_subdag_operator.py took 0.127 seconds
