[2021-11-17 20:35:00,853] {processor.py:163} INFO - Started process (PID=11226) to work on /Users/shimingr/Desktop/mlops/airflow/venv/lib/python3.9/site-packages/airflow/example_dags/example_xcom.py
[2021-11-17 20:35:00,853] {processor.py:625} INFO - Processing file /Users/shimingr/Desktop/mlops/airflow/venv/lib/python3.9/site-packages/airflow/example_dags/example_xcom.py for tasks to queue
[2021-11-17 20:35:00,854] {logging_mixin.py:109} INFO - [2021-11-17 20:35:00,853] {dagbag.py:500} INFO - Filling up the DagBag from /Users/shimingr/Desktop/mlops/airflow/venv/lib/python3.9/site-packages/airflow/example_dags/example_xcom.py
[2021-11-17 20:35:00,906] {processor.py:637} INFO - DAG(s) dict_keys(['example_xcom']) retrieved from /Users/shimingr/Desktop/mlops/airflow/venv/lib/python3.9/site-packages/airflow/example_dags/example_xcom.py
[2021-11-17 20:35:01,149] {logging_mixin.py:109} INFO - [2021-11-17 20:35:01,149] {dag.py:2396} INFO - Sync 1 DAGs
[2021-11-17 20:35:01,159] {logging_mixin.py:109} INFO - [2021-11-17 20:35:01,159] {dag.py:2928} INFO - Setting next_dagrun for example_xcom to 2021-01-01T00:00:00+00:00
[2021-11-17 20:35:01,168] {processor.py:171} INFO - Processing /Users/shimingr/Desktop/mlops/airflow/venv/lib/python3.9/site-packages/airflow/example_dags/example_xcom.py took 0.316 seconds
[2021-11-17 20:37:09,553] {processor.py:163} INFO - Started process (PID=11355) to work on /Users/shimingr/Desktop/mlops/airflow/venv/lib/python3.9/site-packages/airflow/example_dags/example_xcom.py
[2021-11-17 20:37:09,555] {processor.py:625} INFO - Processing file /Users/shimingr/Desktop/mlops/airflow/venv/lib/python3.9/site-packages/airflow/example_dags/example_xcom.py for tasks to queue
[2021-11-17 20:37:09,555] {logging_mixin.py:109} INFO - [2021-11-17 20:37:09,555] {dagbag.py:500} INFO - Filling up the DagBag from /Users/shimingr/Desktop/mlops/airflow/venv/lib/python3.9/site-packages/airflow/example_dags/example_xcom.py
[2021-11-17 20:37:09,676] {processor.py:637} INFO - DAG(s) dict_keys(['example_xcom']) retrieved from /Users/shimingr/Desktop/mlops/airflow/venv/lib/python3.9/site-packages/airflow/example_dags/example_xcom.py
[2021-11-17 20:37:10,400] {logging_mixin.py:109} INFO - [2021-11-17 20:37:10,399] {dag.py:2396} INFO - Sync 1 DAGs
[2021-11-17 20:37:10,474] {logging_mixin.py:109} INFO - [2021-11-17 20:37:10,473] {dag.py:2928} INFO - Setting next_dagrun for example_xcom to 2021-01-01T00:00:00+00:00
[2021-11-17 20:37:10,500] {processor.py:171} INFO - Processing /Users/shimingr/Desktop/mlops/airflow/venv/lib/python3.9/site-packages/airflow/example_dags/example_xcom.py took 0.947 seconds
[2021-11-17 21:00:43,016] {processor.py:163} INFO - Started process (PID=11934) to work on /Users/shimingr/mlops/airflow/venv/lib/python3.9/site-packages/airflow/example_dags/example_xcom.py
[2021-11-17 21:00:43,018] {processor.py:625} INFO - Processing file /Users/shimingr/mlops/airflow/venv/lib/python3.9/site-packages/airflow/example_dags/example_xcom.py for tasks to queue
[2021-11-17 21:00:43,018] {logging_mixin.py:109} INFO - [2021-11-17 21:00:43,018] {dagbag.py:500} INFO - Filling up the DagBag from /Users/shimingr/mlops/airflow/venv/lib/python3.9/site-packages/airflow/example_dags/example_xcom.py
[2021-11-17 21:00:43,076] {processor.py:637} INFO - DAG(s) dict_keys(['example_xcom']) retrieved from /Users/shimingr/mlops/airflow/venv/lib/python3.9/site-packages/airflow/example_dags/example_xcom.py
[2021-11-17 21:00:43,364] {logging_mixin.py:109} INFO - [2021-11-17 21:00:43,364] {dag.py:2396} INFO - Sync 1 DAGs
[2021-11-17 21:00:43,376] {logging_mixin.py:109} INFO - [2021-11-17 21:00:43,376] {dag.py:2928} INFO - Setting next_dagrun for example_xcom to 2021-01-01T00:00:00+00:00
[2021-11-17 21:00:43,390] {processor.py:171} INFO - Processing /Users/shimingr/mlops/airflow/venv/lib/python3.9/site-packages/airflow/example_dags/example_xcom.py took 0.374 seconds
