[2021-11-17 20:35:11,530] {processor.py:163} INFO - Started process (PID=11237) to work on /Users/shimingr/Desktop/mlops/airflow/venv/lib/python3.9/site-packages/airflow/example_dags/example_time_delta_sensor_async.py
[2021-11-17 20:35:11,531] {processor.py:625} INFO - Processing file /Users/shimingr/Desktop/mlops/airflow/venv/lib/python3.9/site-packages/airflow/example_dags/example_time_delta_sensor_async.py for tasks to queue
[2021-11-17 20:35:11,531] {logging_mixin.py:109} INFO - [2021-11-17 20:35:11,531] {dagbag.py:500} INFO - Filling up the DagBag from /Users/shimingr/Desktop/mlops/airflow/venv/lib/python3.9/site-packages/airflow/example_dags/example_time_delta_sensor_async.py
[2021-11-17 20:35:11,574] {processor.py:637} INFO - DAG(s) dict_keys(['example_time_delta_sensor_async']) retrieved from /Users/shimingr/Desktop/mlops/airflow/venv/lib/python3.9/site-packages/airflow/example_dags/example_time_delta_sensor_async.py
[2021-11-17 20:35:11,595] {logging_mixin.py:109} INFO - [2021-11-17 20:35:11,595] {dag.py:2396} INFO - Sync 1 DAGs
[2021-11-17 20:35:11,605] {logging_mixin.py:109} INFO - [2021-11-17 20:35:11,604] {dag.py:2928} INFO - Setting next_dagrun for example_time_delta_sensor_async to None
[2021-11-17 20:35:11,613] {processor.py:171} INFO - Processing /Users/shimingr/Desktop/mlops/airflow/venv/lib/python3.9/site-packages/airflow/example_dags/example_time_delta_sensor_async.py took 0.084 seconds
[2021-11-17 20:37:21,849] {processor.py:163} INFO - Started process (PID=11367) to work on /Users/shimingr/Desktop/mlops/airflow/venv/lib/python3.9/site-packages/airflow/example_dags/example_time_delta_sensor_async.py
[2021-11-17 20:37:21,850] {processor.py:625} INFO - Processing file /Users/shimingr/Desktop/mlops/airflow/venv/lib/python3.9/site-packages/airflow/example_dags/example_time_delta_sensor_async.py for tasks to queue
[2021-11-17 20:37:21,850] {logging_mixin.py:109} INFO - [2021-11-17 20:37:21,850] {dagbag.py:500} INFO - Filling up the DagBag from /Users/shimingr/Desktop/mlops/airflow/venv/lib/python3.9/site-packages/airflow/example_dags/example_time_delta_sensor_async.py
[2021-11-17 20:37:21,901] {processor.py:637} INFO - DAG(s) dict_keys(['example_time_delta_sensor_async']) retrieved from /Users/shimingr/Desktop/mlops/airflow/venv/lib/python3.9/site-packages/airflow/example_dags/example_time_delta_sensor_async.py
[2021-11-17 20:37:21,925] {logging_mixin.py:109} INFO - [2021-11-17 20:37:21,925] {dag.py:2396} INFO - Sync 1 DAGs
[2021-11-17 20:37:21,939] {logging_mixin.py:109} INFO - [2021-11-17 20:37:21,938] {dag.py:2928} INFO - Setting next_dagrun for example_time_delta_sensor_async to None
[2021-11-17 20:37:21,948] {processor.py:171} INFO - Processing /Users/shimingr/Desktop/mlops/airflow/venv/lib/python3.9/site-packages/airflow/example_dags/example_time_delta_sensor_async.py took 0.100 seconds
[2021-11-17 21:00:55,955] {processor.py:163} INFO - Started process (PID=11950) to work on /Users/shimingr/mlops/airflow/venv/lib/python3.9/site-packages/airflow/example_dags/example_time_delta_sensor_async.py
[2021-11-17 21:00:55,956] {processor.py:625} INFO - Processing file /Users/shimingr/mlops/airflow/venv/lib/python3.9/site-packages/airflow/example_dags/example_time_delta_sensor_async.py for tasks to queue
[2021-11-17 21:00:55,957] {logging_mixin.py:109} INFO - [2021-11-17 21:00:55,957] {dagbag.py:500} INFO - Filling up the DagBag from /Users/shimingr/mlops/airflow/venv/lib/python3.9/site-packages/airflow/example_dags/example_time_delta_sensor_async.py
[2021-11-17 21:00:56,007] {processor.py:637} INFO - DAG(s) dict_keys(['example_time_delta_sensor_async']) retrieved from /Users/shimingr/mlops/airflow/venv/lib/python3.9/site-packages/airflow/example_dags/example_time_delta_sensor_async.py
[2021-11-17 21:00:56,341] {logging_mixin.py:109} INFO - [2021-11-17 21:00:56,341] {dag.py:2396} INFO - Sync 1 DAGs
[2021-11-17 21:00:56,357] {logging_mixin.py:109} INFO - [2021-11-17 21:00:56,357] {dag.py:2928} INFO - Setting next_dagrun for example_time_delta_sensor_async to None
[2021-11-17 21:00:56,369] {processor.py:171} INFO - Processing /Users/shimingr/mlops/airflow/venv/lib/python3.9/site-packages/airflow/example_dags/example_time_delta_sensor_async.py took 0.415 seconds
