[2021-11-17 20:35:08,132] {processor.py:163} INFO - Started process (PID=11229) to work on /Users/shimingr/Desktop/mlops/airflow/venv/lib/python3.9/site-packages/airflow/example_dags/example_trigger_controller_dag.py
[2021-11-17 20:35:08,132] {processor.py:625} INFO - Processing file /Users/shimingr/Desktop/mlops/airflow/venv/lib/python3.9/site-packages/airflow/example_dags/example_trigger_controller_dag.py for tasks to queue
[2021-11-17 20:35:08,133] {logging_mixin.py:109} INFO - [2021-11-17 20:35:08,133] {dagbag.py:500} INFO - Filling up the DagBag from /Users/shimingr/Desktop/mlops/airflow/venv/lib/python3.9/site-packages/airflow/example_dags/example_trigger_controller_dag.py
[2021-11-17 20:35:08,184] {processor.py:637} INFO - DAG(s) dict_keys(['example_trigger_controller_dag']) retrieved from /Users/shimingr/Desktop/mlops/airflow/venv/lib/python3.9/site-packages/airflow/example_dags/example_trigger_controller_dag.py
[2021-11-17 20:35:08,226] {logging_mixin.py:109} INFO - [2021-11-17 20:35:08,226] {dag.py:2396} INFO - Sync 1 DAGs
[2021-11-17 20:35:08,238] {logging_mixin.py:109} INFO - [2021-11-17 20:35:08,238] {dag.py:2928} INFO - Setting next_dagrun for example_trigger_controller_dag to 2021-01-01T00:00:00+00:00
[2021-11-17 20:35:08,245] {processor.py:171} INFO - Processing /Users/shimingr/Desktop/mlops/airflow/venv/lib/python3.9/site-packages/airflow/example_dags/example_trigger_controller_dag.py took 0.115 seconds
[2021-11-17 20:37:17,941] {processor.py:163} INFO - Started process (PID=11364) to work on /Users/shimingr/Desktop/mlops/airflow/venv/lib/python3.9/site-packages/airflow/example_dags/example_trigger_controller_dag.py
[2021-11-17 20:37:17,942] {processor.py:625} INFO - Processing file /Users/shimingr/Desktop/mlops/airflow/venv/lib/python3.9/site-packages/airflow/example_dags/example_trigger_controller_dag.py for tasks to queue
[2021-11-17 20:37:17,942] {logging_mixin.py:109} INFO - [2021-11-17 20:37:17,942] {dagbag.py:500} INFO - Filling up the DagBag from /Users/shimingr/Desktop/mlops/airflow/venv/lib/python3.9/site-packages/airflow/example_dags/example_trigger_controller_dag.py
[2021-11-17 20:37:17,992] {processor.py:637} INFO - DAG(s) dict_keys(['example_trigger_controller_dag']) retrieved from /Users/shimingr/Desktop/mlops/airflow/venv/lib/python3.9/site-packages/airflow/example_dags/example_trigger_controller_dag.py
[2021-11-17 20:37:18,013] {logging_mixin.py:109} INFO - [2021-11-17 20:37:18,013] {dag.py:2396} INFO - Sync 1 DAGs
[2021-11-17 20:37:18,028] {logging_mixin.py:109} INFO - [2021-11-17 20:37:18,028] {dag.py:2928} INFO - Setting next_dagrun for example_trigger_controller_dag to 2021-01-01T00:00:00+00:00
[2021-11-17 20:37:18,037] {processor.py:171} INFO - Processing /Users/shimingr/Desktop/mlops/airflow/venv/lib/python3.9/site-packages/airflow/example_dags/example_trigger_controller_dag.py took 0.097 seconds
[2021-11-17 21:00:52,912] {processor.py:163} INFO - Started process (PID=11942) to work on /Users/shimingr/mlops/airflow/venv/lib/python3.9/site-packages/airflow/example_dags/example_trigger_controller_dag.py
[2021-11-17 21:00:52,913] {processor.py:625} INFO - Processing file /Users/shimingr/mlops/airflow/venv/lib/python3.9/site-packages/airflow/example_dags/example_trigger_controller_dag.py for tasks to queue
[2021-11-17 21:00:52,915] {logging_mixin.py:109} INFO - [2021-11-17 21:00:52,914] {dagbag.py:500} INFO - Filling up the DagBag from /Users/shimingr/mlops/airflow/venv/lib/python3.9/site-packages/airflow/example_dags/example_trigger_controller_dag.py
[2021-11-17 21:00:52,981] {processor.py:637} INFO - DAG(s) dict_keys(['example_trigger_controller_dag']) retrieved from /Users/shimingr/mlops/airflow/venv/lib/python3.9/site-packages/airflow/example_dags/example_trigger_controller_dag.py
[2021-11-17 21:00:53,468] {logging_mixin.py:109} INFO - [2021-11-17 21:00:53,468] {dag.py:2396} INFO - Sync 1 DAGs
[2021-11-17 21:00:53,478] {logging_mixin.py:109} INFO - [2021-11-17 21:00:53,478] {dag.py:2928} INFO - Setting next_dagrun for example_trigger_controller_dag to 2021-01-01T00:00:00+00:00
[2021-11-17 21:00:53,492] {processor.py:171} INFO - Processing /Users/shimingr/mlops/airflow/venv/lib/python3.9/site-packages/airflow/example_dags/example_trigger_controller_dag.py took 0.581 seconds
