[2021-11-17 20:35:14,552] {processor.py:163} INFO - Started process (PID=11244) to work on /Users/shimingr/Desktop/mlops/airflow/venv/lib/python3.9/site-packages/airflow/example_dags/example_task_group_decorator.py
[2021-11-17 20:35:14,552] {processor.py:625} INFO - Processing file /Users/shimingr/Desktop/mlops/airflow/venv/lib/python3.9/site-packages/airflow/example_dags/example_task_group_decorator.py for tasks to queue
[2021-11-17 20:35:14,552] {logging_mixin.py:109} INFO - [2021-11-17 20:35:14,552] {dagbag.py:500} INFO - Filling up the DagBag from /Users/shimingr/Desktop/mlops/airflow/venv/lib/python3.9/site-packages/airflow/example_dags/example_task_group_decorator.py
[2021-11-17 20:35:14,617] {processor.py:637} INFO - DAG(s) dict_keys(['example_task_group_decorator']) retrieved from /Users/shimingr/Desktop/mlops/airflow/venv/lib/python3.9/site-packages/airflow/example_dags/example_task_group_decorator.py
[2021-11-17 20:35:14,889] {logging_mixin.py:109} INFO - [2021-11-17 20:35:14,888] {dag.py:2396} INFO - Sync 1 DAGs
[2021-11-17 20:35:14,900] {logging_mixin.py:109} INFO - [2021-11-17 20:35:14,900] {dag.py:2928} INFO - Setting next_dagrun for example_task_group_decorator to 2021-11-17T04:35:14.900127+00:00
[2021-11-17 20:35:14,909] {processor.py:171} INFO - Processing /Users/shimingr/Desktop/mlops/airflow/venv/lib/python3.9/site-packages/airflow/example_dags/example_task_group_decorator.py took 0.358 seconds
[2021-11-17 20:37:25,377] {processor.py:163} INFO - Started process (PID=11376) to work on /Users/shimingr/Desktop/mlops/airflow/venv/lib/python3.9/site-packages/airflow/example_dags/example_task_group_decorator.py
[2021-11-17 20:37:25,378] {processor.py:625} INFO - Processing file /Users/shimingr/Desktop/mlops/airflow/venv/lib/python3.9/site-packages/airflow/example_dags/example_task_group_decorator.py for tasks to queue
[2021-11-17 20:37:25,378] {logging_mixin.py:109} INFO - [2021-11-17 20:37:25,378] {dagbag.py:500} INFO - Filling up the DagBag from /Users/shimingr/Desktop/mlops/airflow/venv/lib/python3.9/site-packages/airflow/example_dags/example_task_group_decorator.py
[2021-11-17 20:37:25,451] {processor.py:637} INFO - DAG(s) dict_keys(['example_task_group_decorator']) retrieved from /Users/shimingr/Desktop/mlops/airflow/venv/lib/python3.9/site-packages/airflow/example_dags/example_task_group_decorator.py
[2021-11-17 20:37:25,831] {logging_mixin.py:109} INFO - [2021-11-17 20:37:25,831] {dag.py:2396} INFO - Sync 1 DAGs
[2021-11-17 20:37:25,840] {logging_mixin.py:109} INFO - [2021-11-17 20:37:25,840] {dag.py:2928} INFO - Setting next_dagrun for example_task_group_decorator to 2021-11-17T04:37:25.840675+00:00
[2021-11-17 20:37:25,850] {processor.py:171} INFO - Processing /Users/shimingr/Desktop/mlops/airflow/venv/lib/python3.9/site-packages/airflow/example_dags/example_task_group_decorator.py took 0.474 seconds
[2021-11-17 21:01:01,251] {processor.py:163} INFO - Started process (PID=11959) to work on /Users/shimingr/mlops/airflow/venv/lib/python3.9/site-packages/airflow/example_dags/example_task_group_decorator.py
[2021-11-17 21:01:01,252] {processor.py:625} INFO - Processing file /Users/shimingr/mlops/airflow/venv/lib/python3.9/site-packages/airflow/example_dags/example_task_group_decorator.py for tasks to queue
[2021-11-17 21:01:01,253] {logging_mixin.py:109} INFO - [2021-11-17 21:01:01,253] {dagbag.py:500} INFO - Filling up the DagBag from /Users/shimingr/mlops/airflow/venv/lib/python3.9/site-packages/airflow/example_dags/example_task_group_decorator.py
[2021-11-17 21:01:01,366] {processor.py:637} INFO - DAG(s) dict_keys(['example_task_group_decorator']) retrieved from /Users/shimingr/mlops/airflow/venv/lib/python3.9/site-packages/airflow/example_dags/example_task_group_decorator.py
[2021-11-17 21:01:01,806] {logging_mixin.py:109} INFO - [2021-11-17 21:01:01,806] {dag.py:2396} INFO - Sync 1 DAGs
[2021-11-17 21:01:01,820] {logging_mixin.py:109} INFO - [2021-11-17 21:01:01,820] {dag.py:2928} INFO - Setting next_dagrun for example_task_group_decorator to 2021-11-17T05:01:01.819870+00:00
[2021-11-17 21:01:01,832] {processor.py:171} INFO - Processing /Users/shimingr/mlops/airflow/venv/lib/python3.9/site-packages/airflow/example_dags/example_task_group_decorator.py took 0.582 seconds
