[2021-11-17 20:35:04,566] {processor.py:163} INFO - Started process (PID=11228) to work on /Users/shimingr/Desktop/mlops/airflow/venv/lib/python3.9/site-packages/airflow/example_dags/example_trigger_target_dag.py
[2021-11-17 20:35:04,566] {processor.py:625} INFO - Processing file /Users/shimingr/Desktop/mlops/airflow/venv/lib/python3.9/site-packages/airflow/example_dags/example_trigger_target_dag.py for tasks to queue
[2021-11-17 20:35:04,567] {logging_mixin.py:109} INFO - [2021-11-17 20:35:04,567] {dagbag.py:500} INFO - Filling up the DagBag from /Users/shimingr/Desktop/mlops/airflow/venv/lib/python3.9/site-packages/airflow/example_dags/example_trigger_target_dag.py
[2021-11-17 20:35:04,627] {processor.py:637} INFO - DAG(s) dict_keys(['example_trigger_target_dag']) retrieved from /Users/shimingr/Desktop/mlops/airflow/venv/lib/python3.9/site-packages/airflow/example_dags/example_trigger_target_dag.py
[2021-11-17 20:35:04,648] {logging_mixin.py:109} INFO - [2021-11-17 20:35:04,648] {dag.py:2396} INFO - Sync 1 DAGs
[2021-11-17 20:35:04,663] {logging_mixin.py:109} INFO - [2021-11-17 20:35:04,663] {dag.py:2928} INFO - Setting next_dagrun for example_trigger_target_dag to None
[2021-11-17 20:35:04,673] {processor.py:171} INFO - Processing /Users/shimingr/Desktop/mlops/airflow/venv/lib/python3.9/site-packages/airflow/example_dags/example_trigger_target_dag.py took 0.108 seconds
[2021-11-17 20:37:14,893] {processor.py:163} INFO - Started process (PID=11359) to work on /Users/shimingr/Desktop/mlops/airflow/venv/lib/python3.9/site-packages/airflow/example_dags/example_trigger_target_dag.py
[2021-11-17 20:37:14,894] {processor.py:625} INFO - Processing file /Users/shimingr/Desktop/mlops/airflow/venv/lib/python3.9/site-packages/airflow/example_dags/example_trigger_target_dag.py for tasks to queue
[2021-11-17 20:37:14,895] {logging_mixin.py:109} INFO - [2021-11-17 20:37:14,894] {dagbag.py:500} INFO - Filling up the DagBag from /Users/shimingr/Desktop/mlops/airflow/venv/lib/python3.9/site-packages/airflow/example_dags/example_trigger_target_dag.py
[2021-11-17 20:37:14,971] {processor.py:637} INFO - DAG(s) dict_keys(['example_trigger_target_dag']) retrieved from /Users/shimingr/Desktop/mlops/airflow/venv/lib/python3.9/site-packages/airflow/example_dags/example_trigger_target_dag.py
[2021-11-17 20:37:14,998] {logging_mixin.py:109} INFO - [2021-11-17 20:37:14,998] {dag.py:2396} INFO - Sync 1 DAGs
[2021-11-17 20:37:15,012] {logging_mixin.py:109} INFO - [2021-11-17 20:37:15,012] {dag.py:2928} INFO - Setting next_dagrun for example_trigger_target_dag to None
[2021-11-17 20:37:15,025] {processor.py:171} INFO - Processing /Users/shimingr/Desktop/mlops/airflow/venv/lib/python3.9/site-packages/airflow/example_dags/example_trigger_target_dag.py took 0.132 seconds
[2021-11-17 21:00:47,125] {processor.py:163} INFO - Started process (PID=11935) to work on /Users/shimingr/mlops/airflow/venv/lib/python3.9/site-packages/airflow/example_dags/example_trigger_target_dag.py
[2021-11-17 21:00:47,128] {processor.py:625} INFO - Processing file /Users/shimingr/mlops/airflow/venv/lib/python3.9/site-packages/airflow/example_dags/example_trigger_target_dag.py for tasks to queue
[2021-11-17 21:00:47,129] {logging_mixin.py:109} INFO - [2021-11-17 21:00:47,129] {dagbag.py:500} INFO - Filling up the DagBag from /Users/shimingr/mlops/airflow/venv/lib/python3.9/site-packages/airflow/example_dags/example_trigger_target_dag.py
[2021-11-17 21:00:47,550] {processor.py:637} INFO - DAG(s) dict_keys(['example_trigger_target_dag']) retrieved from /Users/shimingr/mlops/airflow/venv/lib/python3.9/site-packages/airflow/example_dags/example_trigger_target_dag.py
[2021-11-17 21:00:48,524] {logging_mixin.py:109} INFO - [2021-11-17 21:00:48,524] {dag.py:2396} INFO - Sync 1 DAGs
[2021-11-17 21:00:48,557] {logging_mixin.py:109} INFO - [2021-11-17 21:00:48,555] {dag.py:2928} INFO - Setting next_dagrun for example_trigger_target_dag to None
[2021-11-17 21:00:48,583] {processor.py:171} INFO - Processing /Users/shimingr/mlops/airflow/venv/lib/python3.9/site-packages/airflow/example_dags/example_trigger_target_dag.py took 1.460 seconds
