[2021-11-17 20:34:57,561] {processor.py:163} INFO - Started process (PID=11221) to work on /Users/shimingr/Desktop/mlops/airflow/venv/lib/python3.9/site-packages/airflow/example_dags/example_xcomargs.py
[2021-11-17 20:34:57,561] {processor.py:625} INFO - Processing file /Users/shimingr/Desktop/mlops/airflow/venv/lib/python3.9/site-packages/airflow/example_dags/example_xcomargs.py for tasks to queue
[2021-11-17 20:34:57,562] {logging_mixin.py:109} INFO - [2021-11-17 20:34:57,562] {dagbag.py:500} INFO - Filling up the DagBag from /Users/shimingr/Desktop/mlops/airflow/venv/lib/python3.9/site-packages/airflow/example_dags/example_xcomargs.py
[2021-11-17 20:34:57,615] {processor.py:637} INFO - DAG(s) dict_keys(['example_xcom_args', 'example_xcom_args_with_operators']) retrieved from /Users/shimingr/Desktop/mlops/airflow/venv/lib/python3.9/site-packages/airflow/example_dags/example_xcomargs.py
[2021-11-17 20:34:57,980] {logging_mixin.py:109} INFO - [2021-11-17 20:34:57,979] {dag.py:2396} INFO - Sync 2 DAGs
[2021-11-17 20:34:57,990] {logging_mixin.py:109} INFO - [2021-11-17 20:34:57,990] {dag.py:2928} INFO - Setting next_dagrun for example_xcom_args to None
[2021-11-17 20:34:57,990] {logging_mixin.py:109} INFO - [2021-11-17 20:34:57,990] {dag.py:2928} INFO - Setting next_dagrun for example_xcom_args_with_operators to None
[2021-11-17 20:34:57,999] {processor.py:171} INFO - Processing /Users/shimingr/Desktop/mlops/airflow/venv/lib/python3.9/site-packages/airflow/example_dags/example_xcomargs.py took 0.438 seconds
[2021-11-17 20:37:03,468] {processor.py:163} INFO - Started process (PID=11346) to work on /Users/shimingr/Desktop/mlops/airflow/venv/lib/python3.9/site-packages/airflow/example_dags/example_xcomargs.py
[2021-11-17 20:37:03,469] {processor.py:625} INFO - Processing file /Users/shimingr/Desktop/mlops/airflow/venv/lib/python3.9/site-packages/airflow/example_dags/example_xcomargs.py for tasks to queue
[2021-11-17 20:37:03,470] {logging_mixin.py:109} INFO - [2021-11-17 20:37:03,469] {dagbag.py:500} INFO - Filling up the DagBag from /Users/shimingr/Desktop/mlops/airflow/venv/lib/python3.9/site-packages/airflow/example_dags/example_xcomargs.py
[2021-11-17 20:37:03,554] {processor.py:637} INFO - DAG(s) dict_keys(['example_xcom_args', 'example_xcom_args_with_operators']) retrieved from /Users/shimingr/Desktop/mlops/airflow/venv/lib/python3.9/site-packages/airflow/example_dags/example_xcomargs.py
[2021-11-17 20:37:04,004] {logging_mixin.py:109} INFO - [2021-11-17 20:37:04,004] {dag.py:2396} INFO - Sync 2 DAGs
[2021-11-17 20:37:04,017] {logging_mixin.py:109} INFO - [2021-11-17 20:37:04,017] {dag.py:2928} INFO - Setting next_dagrun for example_xcom_args to None
[2021-11-17 20:37:04,017] {logging_mixin.py:109} INFO - [2021-11-17 20:37:04,017] {dag.py:2928} INFO - Setting next_dagrun for example_xcom_args_with_operators to None
[2021-11-17 20:37:04,033] {processor.py:171} INFO - Processing /Users/shimingr/Desktop/mlops/airflow/venv/lib/python3.9/site-packages/airflow/example_dags/example_xcomargs.py took 0.567 seconds
[2021-11-17 21:00:38,580] {processor.py:163} INFO - Started process (PID=11933) to work on /Users/shimingr/mlops/airflow/venv/lib/python3.9/site-packages/airflow/example_dags/example_xcomargs.py
[2021-11-17 21:00:38,585] {processor.py:625} INFO - Processing file /Users/shimingr/mlops/airflow/venv/lib/python3.9/site-packages/airflow/example_dags/example_xcomargs.py for tasks to queue
[2021-11-17 21:00:38,586] {logging_mixin.py:109} INFO - [2021-11-17 21:00:38,586] {dagbag.py:500} INFO - Filling up the DagBag from /Users/shimingr/mlops/airflow/venv/lib/python3.9/site-packages/airflow/example_dags/example_xcomargs.py
[2021-11-17 21:00:38,731] {processor.py:637} INFO - DAG(s) dict_keys(['example_xcom_args', 'example_xcom_args_with_operators']) retrieved from /Users/shimingr/mlops/airflow/venv/lib/python3.9/site-packages/airflow/example_dags/example_xcomargs.py
[2021-11-17 21:00:39,379] {logging_mixin.py:109} INFO - [2021-11-17 21:00:39,379] {dag.py:2396} INFO - Sync 2 DAGs
[2021-11-17 21:00:39,418] {logging_mixin.py:109} INFO - [2021-11-17 21:00:39,418] {dag.py:2928} INFO - Setting next_dagrun for example_xcom_args to None
[2021-11-17 21:00:39,418] {logging_mixin.py:109} INFO - [2021-11-17 21:00:39,418] {dag.py:2928} INFO - Setting next_dagrun for example_xcom_args_with_operators to None
[2021-11-17 21:00:39,441] {processor.py:171} INFO - Processing /Users/shimingr/mlops/airflow/venv/lib/python3.9/site-packages/airflow/example_dags/example_xcomargs.py took 0.861 seconds
