[2021-11-17 20:34:51,796] {processor.py:163} INFO - Started process (PID=11213) to work on /Users/shimingr/Desktop/mlops/airflow/venv/lib/python3.9/site-packages/airflow/example_dags/tutorial.py
[2021-11-17 20:34:51,797] {processor.py:625} INFO - Processing file /Users/shimingr/Desktop/mlops/airflow/venv/lib/python3.9/site-packages/airflow/example_dags/tutorial.py for tasks to queue
[2021-11-17 20:34:51,797] {logging_mixin.py:109} INFO - [2021-11-17 20:34:51,797] {dagbag.py:500} INFO - Filling up the DagBag from /Users/shimingr/Desktop/mlops/airflow/venv/lib/python3.9/site-packages/airflow/example_dags/tutorial.py
[2021-11-17 20:34:51,843] {processor.py:637} INFO - DAG(s) dict_keys(['tutorial']) retrieved from /Users/shimingr/Desktop/mlops/airflow/venv/lib/python3.9/site-packages/airflow/example_dags/tutorial.py
[2021-11-17 20:34:51,861] {logging_mixin.py:109} INFO - [2021-11-17 20:34:51,861] {dag.py:2396} INFO - Sync 1 DAGs
[2021-11-17 20:34:51,875] {logging_mixin.py:109} INFO - [2021-11-17 20:34:51,875] {dag.py:2928} INFO - Setting next_dagrun for tutorial to 2021-11-17T04:34:51.875556+00:00
[2021-11-17 20:34:51,886] {processor.py:171} INFO - Processing /Users/shimingr/Desktop/mlops/airflow/venv/lib/python3.9/site-packages/airflow/example_dags/tutorial.py took 0.090 seconds
[2021-11-17 20:36:54,337] {processor.py:163} INFO - Started process (PID=11333) to work on /Users/shimingr/Desktop/mlops/airflow/venv/lib/python3.9/site-packages/airflow/example_dags/tutorial.py
[2021-11-17 20:36:54,338] {processor.py:625} INFO - Processing file /Users/shimingr/Desktop/mlops/airflow/venv/lib/python3.9/site-packages/airflow/example_dags/tutorial.py for tasks to queue
[2021-11-17 20:36:54,339] {logging_mixin.py:109} INFO - [2021-11-17 20:36:54,339] {dagbag.py:500} INFO - Filling up the DagBag from /Users/shimingr/Desktop/mlops/airflow/venv/lib/python3.9/site-packages/airflow/example_dags/tutorial.py
[2021-11-17 20:36:54,470] {processor.py:637} INFO - DAG(s) dict_keys(['tutorial']) retrieved from /Users/shimingr/Desktop/mlops/airflow/venv/lib/python3.9/site-packages/airflow/example_dags/tutorial.py
[2021-11-17 20:36:54,498] {logging_mixin.py:109} INFO - [2021-11-17 20:36:54,498] {dag.py:2396} INFO - Sync 1 DAGs
[2021-11-17 20:36:54,519] {logging_mixin.py:109} INFO - [2021-11-17 20:36:54,519] {dag.py:2928} INFO - Setting next_dagrun for tutorial to 2021-11-17T04:36:54.518833+00:00
[2021-11-17 20:36:54,534] {processor.py:171} INFO - Processing /Users/shimingr/Desktop/mlops/airflow/venv/lib/python3.9/site-packages/airflow/example_dags/tutorial.py took 0.198 seconds
[2021-11-17 21:00:27,117] {processor.py:163} INFO - Started process (PID=11921) to work on /Users/shimingr/mlops/airflow/venv/lib/python3.9/site-packages/airflow/example_dags/tutorial.py
[2021-11-17 21:00:27,118] {processor.py:625} INFO - Processing file /Users/shimingr/mlops/airflow/venv/lib/python3.9/site-packages/airflow/example_dags/tutorial.py for tasks to queue
[2021-11-17 21:00:27,119] {logging_mixin.py:109} INFO - [2021-11-17 21:00:27,119] {dagbag.py:500} INFO - Filling up the DagBag from /Users/shimingr/mlops/airflow/venv/lib/python3.9/site-packages/airflow/example_dags/tutorial.py
[2021-11-17 21:00:27,183] {processor.py:637} INFO - DAG(s) dict_keys(['tutorial']) retrieved from /Users/shimingr/mlops/airflow/venv/lib/python3.9/site-packages/airflow/example_dags/tutorial.py
[2021-11-17 21:00:27,623] {logging_mixin.py:109} INFO - [2021-11-17 21:00:27,622] {dag.py:2396} INFO - Sync 1 DAGs
[2021-11-17 21:00:27,644] {logging_mixin.py:109} INFO - [2021-11-17 21:00:27,644] {dag.py:2928} INFO - Setting next_dagrun for tutorial to 2021-11-17T05:00:27.644111+00:00
[2021-11-17 21:00:27,660] {processor.py:171} INFO - Processing /Users/shimingr/mlops/airflow/venv/lib/python3.9/site-packages/airflow/example_dags/tutorial.py took 0.544 seconds
