[2021-11-17 20:34:45,376] {processor.py:163} INFO - Started process (PID=11200) to work on /Users/shimingr/Desktop/mlops/airflow/venv/lib/python3.9/site-packages/airflow/example_dags/tutorial_taskflow_api_etl.py
[2021-11-17 20:34:45,376] {processor.py:625} INFO - Processing file /Users/shimingr/Desktop/mlops/airflow/venv/lib/python3.9/site-packages/airflow/example_dags/tutorial_taskflow_api_etl.py for tasks to queue
[2021-11-17 20:34:45,377] {logging_mixin.py:109} INFO - [2021-11-17 20:34:45,377] {dagbag.py:500} INFO - Filling up the DagBag from /Users/shimingr/Desktop/mlops/airflow/venv/lib/python3.9/site-packages/airflow/example_dags/tutorial_taskflow_api_etl.py
[2021-11-17 20:34:45,430] {processor.py:637} INFO - DAG(s) dict_keys(['tutorial_taskflow_api_etl']) retrieved from /Users/shimingr/Desktop/mlops/airflow/venv/lib/python3.9/site-packages/airflow/example_dags/tutorial_taskflow_api_etl.py
[2021-11-17 20:34:45,876] {logging_mixin.py:109} INFO - [2021-11-17 20:34:45,876] {dag.py:2396} INFO - Sync 1 DAGs
[2021-11-17 20:34:45,889] {logging_mixin.py:109} INFO - [2021-11-17 20:34:45,889] {dag.py:2928} INFO - Setting next_dagrun for tutorial_taskflow_api_etl to None
[2021-11-17 20:34:45,900] {processor.py:171} INFO - Processing /Users/shimingr/Desktop/mlops/airflow/venv/lib/python3.9/site-packages/airflow/example_dags/tutorial_taskflow_api_etl.py took 0.525 seconds
[2021-11-17 20:36:45,293] {processor.py:163} INFO - Started process (PID=11325) to work on /Users/shimingr/Desktop/mlops/airflow/venv/lib/python3.9/site-packages/airflow/example_dags/tutorial_taskflow_api_etl.py
[2021-11-17 20:36:45,294] {processor.py:625} INFO - Processing file /Users/shimingr/Desktop/mlops/airflow/venv/lib/python3.9/site-packages/airflow/example_dags/tutorial_taskflow_api_etl.py for tasks to queue
[2021-11-17 20:36:45,295] {logging_mixin.py:109} INFO - [2021-11-17 20:36:45,295] {dagbag.py:500} INFO - Filling up the DagBag from /Users/shimingr/Desktop/mlops/airflow/venv/lib/python3.9/site-packages/airflow/example_dags/tutorial_taskflow_api_etl.py
[2021-11-17 20:36:45,366] {processor.py:637} INFO - DAG(s) dict_keys(['tutorial_taskflow_api_etl']) retrieved from /Users/shimingr/Desktop/mlops/airflow/venv/lib/python3.9/site-packages/airflow/example_dags/tutorial_taskflow_api_etl.py
[2021-11-17 20:36:45,884] {logging_mixin.py:109} INFO - [2021-11-17 20:36:45,883] {dag.py:2396} INFO - Sync 1 DAGs
[2021-11-17 20:36:45,897] {logging_mixin.py:109} INFO - [2021-11-17 20:36:45,897] {dag.py:2928} INFO - Setting next_dagrun for tutorial_taskflow_api_etl to None
[2021-11-17 20:36:45,905] {processor.py:171} INFO - Processing /Users/shimingr/Desktop/mlops/airflow/venv/lib/python3.9/site-packages/airflow/example_dags/tutorial_taskflow_api_etl.py took 0.613 seconds
[2021-11-17 21:00:18,416] {processor.py:163} INFO - Started process (PID=11914) to work on /Users/shimingr/mlops/airflow/venv/lib/python3.9/site-packages/airflow/example_dags/tutorial_taskflow_api_etl.py
[2021-11-17 21:00:18,417] {processor.py:625} INFO - Processing file /Users/shimingr/mlops/airflow/venv/lib/python3.9/site-packages/airflow/example_dags/tutorial_taskflow_api_etl.py for tasks to queue
[2021-11-17 21:00:18,418] {logging_mixin.py:109} INFO - [2021-11-17 21:00:18,418] {dagbag.py:500} INFO - Filling up the DagBag from /Users/shimingr/mlops/airflow/venv/lib/python3.9/site-packages/airflow/example_dags/tutorial_taskflow_api_etl.py
[2021-11-17 21:00:18,479] {processor.py:637} INFO - DAG(s) dict_keys(['tutorial_taskflow_api_etl']) retrieved from /Users/shimingr/mlops/airflow/venv/lib/python3.9/site-packages/airflow/example_dags/tutorial_taskflow_api_etl.py
[2021-11-17 21:00:18,882] {logging_mixin.py:109} INFO - [2021-11-17 21:00:18,882] {dag.py:2396} INFO - Sync 1 DAGs
[2021-11-17 21:00:18,900] {logging_mixin.py:109} INFO - [2021-11-17 21:00:18,899] {dag.py:2928} INFO - Setting next_dagrun for tutorial_taskflow_api_etl to None
[2021-11-17 21:00:18,912] {processor.py:171} INFO - Processing /Users/shimingr/mlops/airflow/venv/lib/python3.9/site-packages/airflow/example_dags/tutorial_taskflow_api_etl.py took 0.497 seconds
