[2021-11-17 20:34:41,716] {processor.py:163} INFO - Started process (PID=11198) to work on /Users/shimingr/Desktop/mlops/airflow/venv/lib/python3.9/site-packages/airflow/example_dags/tutorial_taskflow_api_etl_virtualenv.py
[2021-11-17 20:34:41,717] {processor.py:625} INFO - Processing file /Users/shimingr/Desktop/mlops/airflow/venv/lib/python3.9/site-packages/airflow/example_dags/tutorial_taskflow_api_etl_virtualenv.py for tasks to queue
[2021-11-17 20:34:41,717] {logging_mixin.py:109} INFO - [2021-11-17 20:34:41,717] {dagbag.py:500} INFO - Filling up the DagBag from /Users/shimingr/Desktop/mlops/airflow/venv/lib/python3.9/site-packages/airflow/example_dags/tutorial_taskflow_api_etl_virtualenv.py
[2021-11-17 20:34:41,768] {processor.py:637} INFO - DAG(s) dict_keys(['tutorial_taskflow_api_etl_virtualenv']) retrieved from /Users/shimingr/Desktop/mlops/airflow/venv/lib/python3.9/site-packages/airflow/example_dags/tutorial_taskflow_api_etl_virtualenv.py
[2021-11-17 20:34:41,782] {logging_mixin.py:109} INFO - [2021-11-17 20:34:41,782] {dag.py:2396} INFO - Sync 1 DAGs
[2021-11-17 20:34:41,796] {logging_mixin.py:109} INFO - [2021-11-17 20:34:41,796] {dag.py:2928} INFO - Setting next_dagrun for tutorial_taskflow_api_etl_virtualenv to None
[2021-11-17 20:34:41,805] {processor.py:171} INFO - Processing /Users/shimingr/Desktop/mlops/airflow/venv/lib/python3.9/site-packages/airflow/example_dags/tutorial_taskflow_api_etl_virtualenv.py took 0.089 seconds
[2021-11-17 20:36:40,964] {processor.py:163} INFO - Started process (PID=11324) to work on /Users/shimingr/Desktop/mlops/airflow/venv/lib/python3.9/site-packages/airflow/example_dags/tutorial_taskflow_api_etl_virtualenv.py
[2021-11-17 20:36:40,966] {processor.py:625} INFO - Processing file /Users/shimingr/Desktop/mlops/airflow/venv/lib/python3.9/site-packages/airflow/example_dags/tutorial_taskflow_api_etl_virtualenv.py for tasks to queue
[2021-11-17 20:36:40,967] {logging_mixin.py:109} INFO - [2021-11-17 20:36:40,967] {dagbag.py:500} INFO - Filling up the DagBag from /Users/shimingr/Desktop/mlops/airflow/venv/lib/python3.9/site-packages/airflow/example_dags/tutorial_taskflow_api_etl_virtualenv.py
[2021-11-17 20:36:41,077] {processor.py:637} INFO - DAG(s) dict_keys(['tutorial_taskflow_api_etl_virtualenv']) retrieved from /Users/shimingr/Desktop/mlops/airflow/venv/lib/python3.9/site-packages/airflow/example_dags/tutorial_taskflow_api_etl_virtualenv.py
[2021-11-17 20:36:41,650] {logging_mixin.py:109} INFO - [2021-11-17 20:36:41,650] {dag.py:2396} INFO - Sync 1 DAGs
[2021-11-17 20:36:41,664] {logging_mixin.py:109} INFO - [2021-11-17 20:36:41,664] {dag.py:2928} INFO - Setting next_dagrun for tutorial_taskflow_api_etl_virtualenv to None
[2021-11-17 20:36:41,676] {processor.py:171} INFO - Processing /Users/shimingr/Desktop/mlops/airflow/venv/lib/python3.9/site-packages/airflow/example_dags/tutorial_taskflow_api_etl_virtualenv.py took 0.713 seconds
[2021-11-17 21:00:14,025] {processor.py:163} INFO - Started process (PID=11908) to work on /Users/shimingr/mlops/airflow/venv/lib/python3.9/site-packages/airflow/example_dags/tutorial_taskflow_api_etl_virtualenv.py
[2021-11-17 21:00:14,026] {processor.py:625} INFO - Processing file /Users/shimingr/mlops/airflow/venv/lib/python3.9/site-packages/airflow/example_dags/tutorial_taskflow_api_etl_virtualenv.py for tasks to queue
[2021-11-17 21:00:14,027] {logging_mixin.py:109} INFO - [2021-11-17 21:00:14,027] {dagbag.py:500} INFO - Filling up the DagBag from /Users/shimingr/mlops/airflow/venv/lib/python3.9/site-packages/airflow/example_dags/tutorial_taskflow_api_etl_virtualenv.py
[2021-11-17 21:00:14,112] {processor.py:637} INFO - DAG(s) dict_keys(['tutorial_taskflow_api_etl_virtualenv']) retrieved from /Users/shimingr/mlops/airflow/venv/lib/python3.9/site-packages/airflow/example_dags/tutorial_taskflow_api_etl_virtualenv.py
[2021-11-17 21:00:14,496] {logging_mixin.py:109} INFO - [2021-11-17 21:00:14,496] {dag.py:2396} INFO - Sync 1 DAGs
[2021-11-17 21:00:14,510] {logging_mixin.py:109} INFO - [2021-11-17 21:00:14,510] {dag.py:2928} INFO - Setting next_dagrun for tutorial_taskflow_api_etl_virtualenv to None
[2021-11-17 21:00:14,522] {processor.py:171} INFO - Processing /Users/shimingr/mlops/airflow/venv/lib/python3.9/site-packages/airflow/example_dags/tutorial_taskflow_api_etl_virtualenv.py took 0.497 seconds
