[2021-12-27 22:27:32,634] {taskinstance.py:1035} INFO - Dependencies all met for <TaskInstance: mwaa-sm-customer-churn-dag.process manual__2021-12-28T06:27:24.516645+00:00 [queued]>
[2021-12-27 22:27:32,645] {taskinstance.py:1035} INFO - Dependencies all met for <TaskInstance: mwaa-sm-customer-churn-dag.process manual__2021-12-28T06:27:24.516645+00:00 [queued]>
[2021-12-27 22:27:32,645] {taskinstance.py:1241} INFO - 
--------------------------------------------------------------------------------
[2021-12-27 22:27:32,645] {taskinstance.py:1242} INFO - Starting attempt 1 of 1
[2021-12-27 22:27:32,645] {taskinstance.py:1243} INFO - 
--------------------------------------------------------------------------------
[2021-12-27 22:27:32,658] {taskinstance.py:1262} INFO - Executing <Task(PythonOperator): process> on 2021-12-28 06:27:24.516645+00:00
[2021-12-27 22:27:32,662] {standard_task_runner.py:52} INFO - Started process 37844 to run task
[2021-12-27 22:27:32,669] {standard_task_runner.py:76} INFO - Running: ['airflow', 'tasks', 'run', 'mwaa-sm-customer-churn-dag', 'process', 'manual__2021-12-28T06:27:24.516645+00:00', '--job-id', '71', '--raw', '--subdir', 'DAGS_FOLDER/mwaa-customer-churn-dag.py', '--cfg-path', '/var/folders/m8/kcmtvg3x5639v8tv9jcxd6700000gn/T/tmpvp69orkc', '--error-file', '/var/folders/m8/kcmtvg3x5639v8tv9jcxd6700000gn/T/tmp2be3qo5l']
[2021-12-27 22:27:32,671] {standard_task_runner.py:77} INFO - Job 71: Subtask process
[2021-12-27 22:27:32,715] {logging_mixin.py:109} INFO - Running <TaskInstance: mwaa-sm-customer-churn-dag.process manual__2021-12-28T06:27:24.516645+00:00 [running]> on host Shimings-MacBook-Air.local
[2021-12-27 22:27:32,757] {taskinstance.py:1427} INFO - Exporting the following env vars:
AIRFLOW_CTX_DAG_OWNER=airflow
AIRFLOW_CTX_DAG_ID=mwaa-sm-customer-churn-dag
AIRFLOW_CTX_TASK_ID=process
AIRFLOW_CTX_EXECUTION_DATE=2021-12-28T06:27:24.516645+00:00
AIRFLOW_CTX_DAG_RUN_ID=manual__2021-12-28T06:27:24.516645+00:00
[2021-12-27 22:28:34,030] {python.py:152} INFO - Done. Returned value was: None
[2021-12-27 22:28:34,052] {taskinstance.py:1270} INFO - Marking task as SUCCESS. dag_id=mwaa-sm-customer-churn-dag, task_id=process, execution_date=20211228T062724, start_date=20211228T062732, end_date=20211228T062834
[2021-12-27 22:28:34,087] {local_task_job.py:154} INFO - Task exited with return code 0
[2021-12-27 22:28:34,122] {local_task_job.py:264} INFO - 1 downstream tasks scheduled from follow-on schedule check
