[2021-11-17 23:58:02,318] {taskinstance.py:1035} INFO - Dependencies all met for <TaskInstance: mwaa-sm-customer-churn-dag.endpoint-deploy manual__2021-11-18T07:53:34.486770+00:00 [queued]>
[2021-11-17 23:58:02,326] {taskinstance.py:1035} INFO - Dependencies all met for <TaskInstance: mwaa-sm-customer-churn-dag.endpoint-deploy manual__2021-11-18T07:53:34.486770+00:00 [queued]>
[2021-11-17 23:58:02,327] {taskinstance.py:1241} INFO - 
--------------------------------------------------------------------------------
[2021-11-17 23:58:02,327] {taskinstance.py:1242} INFO - Starting attempt 1 of 1
[2021-11-17 23:58:02,327] {taskinstance.py:1243} INFO - 
--------------------------------------------------------------------------------
[2021-11-17 23:58:02,337] {taskinstance.py:1262} INFO - Executing <Task(SageMakerEndpointOperator): endpoint-deploy> on 2021-11-18 07:53:34.486770+00:00
[2021-11-17 23:58:02,341] {standard_task_runner.py:52} INFO - Started process 16477 to run task
[2021-11-17 23:58:02,348] {standard_task_runner.py:76} INFO - Running: ['airflow', 'tasks', 'run', 'mwaa-sm-customer-churn-dag', 'endpoint-deploy', 'manual__2021-11-18T07:53:34.486770+00:00', '--job-id', '46', '--raw', '--subdir', 'DAGS_FOLDER/mwaa-customer-churn-dag.py', '--cfg-path', '/var/folders/m8/kcmtvg3x5639v8tv9jcxd6700000gn/T/tmp2j0_1jpi', '--error-file', '/var/folders/m8/kcmtvg3x5639v8tv9jcxd6700000gn/T/tmpedkchbmv']
[2021-11-17 23:58:02,350] {standard_task_runner.py:77} INFO - Job 46: Subtask endpoint-deploy
[2021-11-17 23:58:02,388] {logging_mixin.py:109} INFO - Running <TaskInstance: mwaa-sm-customer-churn-dag.endpoint-deploy manual__2021-11-18T07:53:34.486770+00:00 [running]> on host Shimings-MacBook-Air.local
[2021-11-17 23:58:02,440] {taskinstance.py:1427} INFO - Exporting the following env vars:
AIRFLOW_CTX_DAG_OWNER=airflow
AIRFLOW_CTX_DAG_ID=mwaa-sm-customer-churn-dag
AIRFLOW_CTX_TASK_ID=endpoint-deploy
AIRFLOW_CTX_EXECUTION_DATE=2021-11-18T07:53:34.486770+00:00
AIRFLOW_CTX_DAG_RUN_ID=manual__2021-11-18T07:53:34.486770+00:00
[2021-11-17 23:58:02,441] {sagemaker_base.py:89} INFO - Preprocessing the config and doing required s3_operations
[2021-11-17 23:58:02,442] {sagemaker_base.py:95} INFO - After preprocessing the config is:
 {
    "Endpoint": {
        "EndpointConfigName": "mwaa-sm-customer-churn-model-5d8ae859828846628b95d018b1f5a4c7",
        "EndpointName": "mwaa-sm-endpoint-5d8ae859828846628b95d018b1f5a4c7"
    },
    "EndpointConfig": {
        "EndpointConfigName": "mwaa-sm-customer-churn-model-5d8ae859828846628b95d018b1f5a4c7",
        "ProductionVariants": [
            {
                "InitialInstanceCount": 1,
                "InitialVariantWeight": 1,
                "InstanceType": "ml.m4.xlarge",
                "ModelName": "mwaa-sm-customer-churn-model-5d8ae859828846628b95d018b1f5a4c7",
                "VariantName": "AllTraffic"
            }
        ]
    },
    "Model": {
        "ExecutionRoleArn": "arn:aws:iam::846634201516:role/AmazonMWAA-SageMaker-Role",
        "ModelName": "mwaa-sm-customer-churn-model-5d8ae859828846628b95d018b1f5a4c7",
        "PrimaryContainer": {
            "Environment": {},
            "Image": "433757028032.dkr.ecr.us-west-2.amazonaws.com/xgboost:1",
            "ModelDataUrl": "s3://shimingr-data/model/mwaa-sm-training-job-14e1f26cbe3d4c63bbd443943a059522/output/model.tar.gz"
        }
    }
}
[2021-11-17 23:58:02,442] {sagemaker_endpoint.py:115} INFO - Creating SageMaker model mwaa-sm-customer-churn-model-5d8ae859828846628b95d018b1f5a4c7.
[2021-11-17 23:58:02,443] {base_aws.py:401} INFO - Airflow Connection: aws_conn_id=aws_default
[2021-11-17 23:58:02,448] {base_aws.py:177} INFO - Credentials retrieved from login
[2021-11-17 23:58:02,449] {base_aws.py:88} INFO - Retrieving region_name from Connection.extra_config['region_name']
[2021-11-17 23:58:02,449] {base_aws.py:90} INFO - Creating session with aws_access_key_id=AKIA4KH2UWGWPERNDCH5 region_name=us-west-2
[2021-11-17 23:58:02,465] {base_aws.py:168} INFO - role_arn is None
[2021-11-17 23:58:02,472] {logging_mixin.py:109} WARNING - /Users/shimingr/mlops/airflow/venv2/lib/python3.9/site-packages/airflow/providers/amazon/aws/hooks/base_aws.py:494 DeprecationWarning: client_type is deprecated. Set client_type from class attribute.
[2021-11-17 23:58:03,083] {sagemaker_endpoint.py:119} INFO - Creating endpoint config mwaa-sm-customer-churn-model-5d8ae859828846628b95d018b1f5a4c7.
[2021-11-17 23:58:03,180] {sagemaker_endpoint.py:131} INFO - Creating SageMaker endpoint mwaa-sm-endpoint-5d8ae859828846628b95d018b1f5a4c7.
[2021-11-17 23:59:03,848] {sagemaker.py:737} INFO - Job still running for 60 seconds... current status is Creating
[2021-11-18 00:00:04,436] {sagemaker.py:737} INFO - Job still running for 120 seconds... current status is Creating
[2021-11-18 00:01:04,734] {sagemaker.py:737} INFO - Job still running for 180 seconds... current status is InService
[2021-11-18 00:01:04,734] {sagemaker.py:754} INFO - SageMaker Job completed
[2021-11-18 00:01:05,097] {taskinstance.py:1270} INFO - Marking task as SUCCESS. dag_id=mwaa-sm-customer-churn-dag, task_id=endpoint-deploy, execution_date=20211118T075334, start_date=20211118T075802, end_date=20211118T080105
[2021-11-18 00:01:05,153] {local_task_job.py:154} INFO - Task exited with return code 0
[2021-11-18 00:01:05,176] {local_task_job.py:264} INFO - 0 downstream tasks scheduled from follow-on schedule check
